<?xml version="1.0" encoding="UTF-8"?>
<robot generator="Robot 6.1.1 (Python 3.11.4 on win32)" generated="20230911 15:25:56.827" rpa="false" schemaversion="4">
<suite id="s1" name="Login Hr Os Testcase" source="C:\Users\YasodhaS-3242\PycharmProjects\PythonProject\Robot_Frame_work\rampup_task_robot\myproject_root_folder\frame_work\test_cycles\hr_os_module_3\login_hr_os_testcase.robot">
<test id="s1-t1" name="Open HR-OS Portal and Login" line="7">
<kw name="Open HR-OS Bowser URL" library="hr_os_login_keywords">
<kw name="Open Browser" library="SeleniumLibrary">
<arg>${HR-OS_URL}</arg>
<arg>${BROWSER}</arg>
<doc>Opens a new browser instance to the optional ``url``.</doc>
<msg timestamp="20230911 15:25:57.697" level="INFO">Opening browser 'chrome' to base url 'https://terralogic.paxanimi.ai/login'.</msg>
<status status="PASS" starttime="20230911 15:25:57.697" endtime="20230911 15:26:11.681"/>
</kw>
<kw name="Sleep" library="BuiltIn">
<arg>5</arg>
<doc>Pauses the test executed for the given time.</doc>
<msg timestamp="20230911 15:26:16.681" level="INFO">Slept 5 seconds</msg>
<status status="PASS" starttime="20230911 15:26:11.681" endtime="20230911 15:26:16.681"/>
</kw>
<status status="PASS" starttime="20230911 15:25:57.697" endtime="20230911 15:26:16.681"/>
</kw>
<kw name="Maximize Browser URL" library="common_keywords">
<kw name="Maximize Browser Window" library="SeleniumLibrary">
<doc>Maximizes current browser window.</doc>
<status status="PASS" starttime="20230911 15:26:16.681" endtime="20230911 15:26:16.840"/>
</kw>
<kw name="Sleep" library="BuiltIn">
<arg>3</arg>
<doc>Pauses the test executed for the given time.</doc>
<msg timestamp="20230911 15:26:19.841" level="INFO">Slept 3 seconds</msg>
<status status="PASS" starttime="20230911 15:26:16.840" endtime="20230911 15:26:19.841"/>
</kw>
<status status="PASS" starttime="20230911 15:26:16.681" endtime="20230911 15:26:19.841"/>
</kw>
<kw name="HR_OS Login Click TerralogicLogin" library="hr_os_login_keywords">
<kw name="Wait Until Element Is Visible" library="SeleniumLibrary">
<arg>${xpath_clickTerralogicLogin}</arg>
<doc>Waits until the element ``locator`` is visible.</doc>
<status status="PASS" starttime="20230911 15:26:19.841" endtime="20230911 15:26:19.902"/>
</kw>
<kw name="Click Element" library="SeleniumLibrary">
<arg>${xpath_clickTerralogicLogin}</arg>
<doc>Click the element identified by ``locator``.</doc>
<msg timestamp="20230911 15:26:19.902" level="INFO">Clicking element 'xpath://div[text()='Terralogic Login']'.</msg>
<status status="PASS" starttime="20230911 15:26:19.902" endtime="20230911 15:26:19.988"/>
</kw>
<kw name="Sleep" library="BuiltIn">
<arg>10</arg>
<doc>Pauses the test executed for the given time.</doc>
<msg timestamp="20230911 15:26:29.988" level="INFO">Slept 10 seconds</msg>
<status status="PASS" starttime="20230911 15:26:19.988" endtime="20230911 15:26:29.988"/>
</kw>
<status status="PASS" starttime="20230911 15:26:19.841" endtime="20230911 15:26:29.988"/>
</kw>
<kw name="Open New Window Sign in - Google Accounts aswell Login Information" library="hr_os_login_keywords">
<kw name="Switch Window" library="SeleniumLibrary">
<arg>Sign in - Google Accounts</arg>
<doc>Switches to browser window matching ``locator``.</doc>
<status status="PASS" starttime="20230911 15:26:29.988" endtime="20230911 15:26:30.191"/>
</kw>
<kw name="Input Text" library="SeleniumLibrary">
<arg>${xpath_id_txtEmail}</arg>
<arg>${HR_OS_ValidUserName}</arg>
<doc>Types the given ``text`` into the text field identified by ``locator``.</doc>
<msg timestamp="20230911 15:26:30.191" level="INFO">Typing text 'surapareddy.yasodha@terralogic.com' into text field 'id:identifierId'.</msg>
<status status="PASS" starttime="20230911 15:26:30.191" endtime="20230911 15:26:30.599"/>
</kw>
<kw name="Sleep" library="BuiltIn">
<arg>10</arg>
<doc>Pauses the test executed for the given time.</doc>
<msg timestamp="20230911 15:26:40.600" level="INFO">Slept 10 seconds</msg>
<status status="PASS" starttime="20230911 15:26:30.599" endtime="20230911 15:26:40.600"/>
</kw>
<kw name="Click Element" library="SeleniumLibrary">
<arg>${xpath_ClickElementNext}</arg>
<doc>Click the element identified by ``locator``.</doc>
<msg timestamp="20230911 15:26:40.600" level="INFO">Clicking element 'xpath://span[.='Next']'.</msg>
<status status="PASS" starttime="20230911 15:26:40.600" endtime="20230911 15:26:40.910"/>
</kw>
<kw name="Sleep" library="BuiltIn">
<arg>6</arg>
<doc>Pauses the test executed for the given time.</doc>
<msg timestamp="20230911 15:26:46.919" level="INFO">Slept 6 seconds</msg>
<status status="PASS" starttime="20230911 15:26:40.910" endtime="20230911 15:26:46.919"/>
</kw>
<kw name="Input Text" library="SeleniumLibrary">
<arg>${xpath_name_txtPassword}</arg>
<arg>${HR_OS_ValidPassword}</arg>
<doc>Types the given ``text`` into the text field identified by ``locator``.</doc>
<msg timestamp="20230911 15:26:46.919" level="INFO">Typing text '8309932066' into text field 'name:Passwd'.</msg>
<status status="PASS" starttime="20230911 15:26:46.919" endtime="20230911 15:26:47.229"/>
</kw>
<kw name="Sleep" library="BuiltIn">
<arg>8</arg>
<doc>Pauses the test executed for the given time.</doc>
<msg timestamp="20230911 15:26:55.230" level="INFO">Slept 8 seconds</msg>
<status status="PASS" starttime="20230911 15:26:47.229" endtime="20230911 15:26:55.230"/>
</kw>
<kw name="Click Element" library="SeleniumLibrary">
<arg>${xpath_ClickElementNext}</arg>
<doc>Click the element identified by ``locator``.</doc>
<msg timestamp="20230911 15:26:55.230" level="INFO">Clicking element 'xpath://span[.='Next']'.</msg>
<status status="PASS" starttime="20230911 15:26:55.230" endtime="20230911 15:26:55.469"/>
</kw>
<kw name="Sleep" library="BuiltIn">
<arg>50</arg>
<doc>Pauses the test executed for the given time.</doc>
<msg timestamp="20230911 15:27:45.470" level="INFO">Slept 50 seconds</msg>
<status status="PASS" starttime="20230911 15:26:55.469" endtime="20230911 15:27:45.470"/>
</kw>
<status status="PASS" starttime="20230911 15:26:29.988" endtime="20230911 15:27:45.470"/>
</kw>
<kw name="Open New Window HR-OS Home page" library="hr_os_login_keywords">
<kw name="Switch Window" library="SeleniumLibrary">
<arg>Home</arg>
<doc>Switches to browser window matching ``locator``.</doc>
<status status="PASS" starttime="20230911 15:27:45.470" endtime="20230911 15:27:45.505"/>
</kw>
<kw name="Log To Console" library="BuiltIn">
<arg>Hr_OS Login Successful verified !!!!!</arg>
<doc>Logs the given message to the console.</doc>
<status status="PASS" starttime="20230911 15:27:45.505" endtime="20230911 15:27:45.505"/>
</kw>
<status status="PASS" starttime="20230911 15:27:45.470" endtime="20230911 15:27:45.505"/>
</kw>
<kw name="Top menu of HR-OS Home Page" library="hr_os_login_keywords">
<kw name="Click Element" library="SeleniumLibrary">
<arg>${xpath_selectCountry}</arg>
<doc>Click the element identified by ``locator``.</doc>
<msg timestamp="20230911 15:27:45.505" level="INFO">Clicking element 'xpath://img[@src='/static/ic_arrow_down.36756079.svg']'.</msg>
<status status="PASS" starttime="20230911 15:27:45.505" endtime="20230911 15:27:45.784"/>
</kw>
<kw name="Sleep" library="BuiltIn">
<arg>2</arg>
<doc>Pauses the test executed for the given time.</doc>
<msg timestamp="20230911 15:27:47.784" level="INFO">Slept 2 seconds</msg>
<status status="PASS" starttime="20230911 15:27:45.784" endtime="20230911 15:27:47.784"/>
</kw>
<kw name="Click Element" library="SeleniumLibrary">
<arg>${xpath_select_INDIA}</arg>
<doc>Click the element identified by ``locator``.</doc>
<msg timestamp="20230911 15:27:47.784" level="INFO">Clicking element 'xpath://span[.='India (en-IN)']'.</msg>
<status status="PASS" starttime="20230911 15:27:47.784" endtime="20230911 15:27:48.749"/>
</kw>
<kw name="Sleep" library="BuiltIn">
<arg>10</arg>
<doc>Pauses the test executed for the given time.</doc>
<msg timestamp="20230911 15:27:58.750" level="INFO">Slept 10 seconds</msg>
<status status="PASS" starttime="20230911 15:27:48.749" endtime="20230911 15:27:58.750"/>
</kw>
<kw name="Click Element" library="SeleniumLibrary">
<arg>${xpath_clickOnLightDark}</arg>
<doc>Click the element identified by ``locator``.</doc>
<msg timestamp="20230911 15:27:58.750" level="INFO">Clicking element 'xpath://img[@src='/static/ic_theme.f154d3ae.svg']'.</msg>
<status status="PASS" starttime="20230911 15:27:58.750" endtime="20230911 15:27:58.886"/>
</kw>
<kw name="Sleep" library="BuiltIn">
<arg>2</arg>
<doc>Pauses the test executed for the given time.</doc>
<msg timestamp="20230911 15:28:00.887" level="INFO">Slept 2 seconds</msg>
<status status="PASS" starttime="20230911 15:27:58.886" endtime="20230911 15:28:00.887"/>
</kw>
<kw name="Click Element" library="SeleniumLibrary">
<arg>${xpath_click_OnDark}</arg>
<doc>Click the element identified by ``locator``.</doc>
<msg timestamp="20230911 15:28:00.889" level="INFO">Clicking element 'xpath://span[.='Dark']'.</msg>
<status status="PASS" starttime="20230911 15:28:00.887" endtime="20230911 15:28:01.527"/>
</kw>
<kw name="Sleep" library="BuiltIn">
<arg>2</arg>
<doc>Pauses the test executed for the given time.</doc>
<msg timestamp="20230911 15:28:03.528" level="INFO">Slept 2 seconds</msg>
<status status="PASS" starttime="20230911 15:28:01.527" endtime="20230911 15:28:03.528"/>
</kw>
<kw name="Click Element" library="SeleniumLibrary">
<arg>${xpath_click_OnLight}</arg>
<doc>Click the element identified by ``locator``.</doc>
<msg timestamp="20230911 15:28:03.528" level="INFO">Clicking element 'xpath://label[.='Light']'.</msg>
<status status="PASS" starttime="20230911 15:28:03.528" endtime="20230911 15:28:03.717"/>
</kw>
<kw name="Sleep" library="BuiltIn">
<arg>2</arg>
<doc>Pauses the test executed for the given time.</doc>
<msg timestamp="20230911 15:28:05.717" level="INFO">Slept 2 seconds</msg>
<status status="PASS" starttime="20230911 15:28:03.717" endtime="20230911 15:28:05.717"/>
</kw>
<kw name="Click Element" library="SeleniumLibrary">
<arg>${xpath_clickOnCloseMark}</arg>
<doc>Click the element identified by ``locator``.</doc>
<msg timestamp="20230911 15:28:05.717" level="INFO">Clicking element 'xpath://img[@src='/static/ic_close.6987e30c.svg']'.</msg>
<status status="PASS" starttime="20230911 15:28:05.717" endtime="20230911 15:28:05.868"/>
</kw>
<kw name="Sleep" library="BuiltIn">
<arg>2</arg>
<doc>Pauses the test executed for the given time.</doc>
<msg timestamp="20230911 15:28:07.869" level="INFO">Slept 2 seconds</msg>
<status status="PASS" starttime="20230911 15:28:05.868" endtime="20230911 15:28:07.869"/>
</kw>
<kw name="Click Element" library="SeleniumLibrary">
<arg>${xpath_clickNotification}</arg>
<doc>Click the element identified by ``locator``.</doc>
<msg timestamp="20230911 15:28:07.869" level="INFO">Clicking element 'xpath://img[@src='/static/ic_bell.1b1c1f80.svg']'.</msg>
<status status="PASS" starttime="20230911 15:28:07.869" endtime="20230911 15:28:08.010"/>
</kw>
<kw name="Sleep" library="BuiltIn">
<arg>2</arg>
<doc>Pauses the test executed for the given time.</doc>
<msg timestamp="20230911 15:28:10.016" level="INFO">Slept 2 seconds</msg>
<status status="PASS" starttime="20230911 15:28:08.015" endtime="20230911 15:28:10.016"/>
</kw>
<kw name="Click Element" library="SeleniumLibrary">
<arg>${xpath_clickOnCloseMark}</arg>
<doc>Click the element identified by ``locator``.</doc>
<msg timestamp="20230911 15:28:10.016" level="INFO">Clicking element 'xpath://img[@src='/static/ic_close.6987e30c.svg']'.</msg>
<status status="PASS" starttime="20230911 15:28:10.016" endtime="20230911 15:28:10.102"/>
</kw>
<kw name="Sleep" library="BuiltIn">
<arg>2</arg>
<doc>Pauses the test executed for the given time.</doc>
<msg timestamp="20230911 15:28:12.103" level="INFO">Slept 2 seconds</msg>
<status status="PASS" starttime="20230911 15:28:10.102" endtime="20230911 15:28:12.103"/>
</kw>
<kw name="Click Element" library="SeleniumLibrary">
<arg>${xapth_clickTop_timesheet}</arg>
<doc>Click the element identified by ``locator``.</doc>
<msg timestamp="20230911 15:28:12.103" level="INFO">Clicking element 'xpath://img[@src='/static/ic_task.ebc7ad8a.svg']'.</msg>
<status status="PASS" starttime="20230911 15:28:12.103" endtime="20230911 15:28:12.294"/>
</kw>
<kw name="Sleep" library="BuiltIn">
<arg>4</arg>
<doc>Pauses the test executed for the given time.</doc>
<msg timestamp="20230911 15:28:16.294" level="INFO">Slept 4 seconds</msg>
<status status="PASS" starttime="20230911 15:28:12.294" endtime="20230911 15:28:16.294"/>
</kw>
<kw name="Click Element" library="SeleniumLibrary">
<arg>${xpath_question_help}</arg>
<doc>Click the element identified by ``locator``.</doc>
<msg timestamp="20230911 15:28:16.294" level="INFO">Clicking element 'xpath://img[@src='/static/ic_help.9945fdef.svg']'.</msg>
<status status="PASS" starttime="20230911 15:28:16.294" endtime="20230911 15:28:16.400"/>
</kw>
<kw name="Sleep" library="BuiltIn">
<arg>2</arg>
<doc>Pauses the test executed for the given time.</doc>
<msg timestamp="20230911 15:28:18.458" level="INFO">Slept 2 seconds</msg>
<status status="PASS" starttime="20230911 15:28:16.400" endtime="20230911 15:28:18.459"/>
</kw>
<kw name="Click Element" library="SeleniumLibrary">
<arg>${xpath_clickOnMyTickets}</arg>
<doc>Click the element identified by ``locator``.</doc>
<msg timestamp="20230911 15:28:18.461" level="INFO">Clicking element 'xpath://span[text()='My Tickets']'.</msg>
<status status="PASS" starttime="20230911 15:28:18.459" endtime="20230911 15:28:18.621"/>
</kw>
<kw name="Sleep" library="BuiltIn">
<arg>4</arg>
<doc>Pauses the test executed for the given time.</doc>
<msg timestamp="20230911 15:28:22.629" level="INFO">Slept 4 seconds</msg>
<status status="PASS" starttime="20230911 15:28:18.629" endtime="20230911 15:28:22.629"/>
</kw>
<kw name="Click Element" library="SeleniumLibrary">
<arg>${xpath_ClickSearch}</arg>
<doc>Click the element identified by ``locator``.</doc>
<msg timestamp="20230911 15:28:22.630" level="INFO">Clicking element 'xpath://img[@src='/static/ic_search.10fe83ab.svg']'.</msg>
<status status="PASS" starttime="20230911 15:28:22.630" endtime="20230911 15:28:22.748"/>
</kw>
<kw name="Sleep" library="BuiltIn">
<arg>4</arg>
<doc>Pauses the test executed for the given time.</doc>
<msg timestamp="20230911 15:28:26.749" level="INFO">Slept 4 seconds</msg>
<status status="PASS" starttime="20230911 15:28:22.748" endtime="20230911 15:28:26.749"/>
</kw>
<kw name="Reload Page" library="SeleniumLibrary">
<doc>Simulates user reloading page.</doc>
<status status="PASS" starttime="20230911 15:28:26.749" endtime="20230911 15:28:26.772"/>
</kw>
<kw name="Sleep" library="BuiltIn">
<arg>10</arg>
<doc>Pauses the test executed for the given time.</doc>
<msg timestamp="20230911 15:28:36.772" level="INFO">Slept 10 seconds</msg>
<status status="PASS" starttime="20230911 15:28:26.772" endtime="20230911 15:28:36.772"/>
</kw>
<kw name="Log To Console" library="BuiltIn">
<arg>Top menu of HR-OS Home Page Successful !!!!!!!!!!!!!!!!!!!!</arg>
<doc>Logs the given message to the console.</doc>
<status status="PASS" starttime="20230911 15:28:36.773" endtime="20230911 15:28:36.776"/>
</kw>
<status status="PASS" starttime="20230911 15:27:45.505" endtime="20230911 15:28:36.776"/>
</kw>
<kw name="Left menu of HR-OS Home Page" library="hr_os_login_keywords">
<kw name="Click Element" library="SeleniumLibrary">
<arg>${xpath_DashBoard}</arg>
<doc>Click the element identified by ``locator``.</doc>
<msg timestamp="20230911 15:28:36.779" level="INFO">Clicking element 'xpath://img[@src='/assets/menuIcons/dashboard.svg']'.</msg>
<status status="PASS" starttime="20230911 15:28:36.777" endtime="20230911 15:28:37.032"/>
</kw>
<kw name="Sleep" library="BuiltIn">
<arg>8</arg>
<doc>Pauses the test executed for the given time.</doc>
<msg timestamp="20230911 15:28:45.043" level="INFO">Slept 8 seconds</msg>
<status status="PASS" starttime="20230911 15:28:37.040" endtime="20230911 15:28:45.043"/>
</kw>
<kw name="Click Element" library="SeleniumLibrary">
<arg>${xpath_ClickHoliday}</arg>
<doc>Click the element identified by ``locator``.</doc>
<msg timestamp="20230911 15:28:45.060" level="INFO">Clicking element 'xpath://div[text()='Holiday Calendar']'.</msg>
<status status="PASS" starttime="20230911 15:28:45.043" endtime="20230911 15:28:45.234"/>
</kw>
<kw name="Sleep" library="BuiltIn">
<arg>8</arg>
<doc>Pauses the test executed for the given time.</doc>
<msg timestamp="20230911 15:28:53.234" level="INFO">Slept 8 seconds</msg>
<status status="PASS" starttime="20230911 15:28:45.234" endtime="20230911 15:28:53.234"/>
</kw>
<kw name="Click Element" library="SeleniumLibrary">
<arg>${xpath_ClickDairectory}</arg>
<doc>Click the element identified by ``locator``.</doc>
<msg timestamp="20230911 15:28:53.234" level="INFO">Clicking element 'xpath://img[@src='/assets/menuIcons/directory.svg']'.</msg>
<status status="PASS" starttime="20230911 15:28:53.234" endtime="20230911 15:28:53.431"/>
</kw>
<kw name="Sleep" library="BuiltIn">
<arg>8</arg>
<doc>Pauses the test executed for the given time.</doc>
<msg timestamp="20230911 15:29:01.432" level="INFO">Slept 8 seconds</msg>
<status status="PASS" starttime="20230911 15:28:53.431" endtime="20230911 15:29:01.432"/>
</kw>
<kw name="Click Element" library="SeleniumLibrary">
<arg>${xpath_DairectorySearchEmp}</arg>
<doc>Click the element identified by ``locator``.</doc>
<msg timestamp="20230911 15:29:01.433" level="INFO">Clicking element 'xpath://input[@type='search']'.</msg>
<status status="PASS" starttime="20230911 15:29:01.432" endtime="20230911 15:29:01.531"/>
</kw>
<kw name="Sleep" library="BuiltIn">
<arg>2</arg>
<doc>Pauses the test executed for the given time.</doc>
<msg timestamp="20230911 15:29:03.531" level="INFO">Slept 2 seconds</msg>
<status status="PASS" starttime="20230911 15:29:01.531" endtime="20230911 15:29:03.531"/>
</kw>
<kw name="Input Text" library="SeleniumLibrary">
<arg>${xpath_DairectorySearchEmp}</arg>
<arg>${Dairectory_Search_Emp}</arg>
<doc>Types the given ``text`` into the text field identified by ``locator``.</doc>
<msg timestamp="20230911 15:29:03.531" level="INFO">Typing text 'harish' into text field 'xpath://input[@type='search']'.</msg>
<status status="PASS" starttime="20230911 15:29:03.531" endtime="20230911 15:29:03.698"/>
</kw>
<kw name="Sleep" library="BuiltIn">
<arg>2</arg>
<doc>Pauses the test executed for the given time.</doc>
<msg timestamp="20230911 15:29:05.699" level="INFO">Slept 2 seconds</msg>
<status status="PASS" starttime="20230911 15:29:03.698" endtime="20230911 15:29:05.699"/>
</kw>
<kw name="Click Element" library="SeleniumLibrary">
<arg>${xapth_OnBoarding}</arg>
<doc>Click the element identified by ``locator``.</doc>
<msg timestamp="20230911 15:29:05.699" level="INFO">Clicking element 'xpath://img[@src='/assets/menuIcons/onboarding.svg']'.</msg>
<status status="PASS" starttime="20230911 15:29:05.699" endtime="20230911 15:29:05.927"/>
</kw>
<kw name="Sleep" library="BuiltIn">
<arg>8</arg>
<doc>Pauses the test executed for the given time.</doc>
<msg timestamp="20230911 15:29:13.927" level="INFO">Slept 8 seconds</msg>
<status status="PASS" starttime="20230911 15:29:05.927" endtime="20230911 15:29:13.927"/>
</kw>
<kw name="Click Element" library="SeleniumLibrary">
<arg>${xapth_OffBoarding}</arg>
<doc>Click the element identified by ``locator``.</doc>
<msg timestamp="20230911 15:29:13.927" level="INFO">Clicking element 'xpath://img[@src='/assets/menuIcons/offboarding.svg']'.</msg>
<status status="PASS" starttime="20230911 15:29:13.927" endtime="20230911 15:29:14.099"/>
</kw>
<kw name="Sleep" library="BuiltIn">
<arg>8</arg>
<doc>Pauses the test executed for the given time.</doc>
<msg timestamp="20230911 15:29:22.099" level="INFO">Slept 8 seconds</msg>
<status status="PASS" starttime="20230911 15:29:14.099" endtime="20230911 15:29:22.099"/>
</kw>
<kw name="Click Element" library="SeleniumLibrary">
<arg>${xapth_TimeSheet}</arg>
<doc>Click the element identified by ``locator``.</doc>
<msg timestamp="20230911 15:29:22.099" level="INFO">Clicking element 'xpath://img[@src='/assets/menuIcons/timesheet.svg']'.</msg>
<status status="PASS" starttime="20230911 15:29:22.099" endtime="20230911 15:29:22.306"/>
</kw>
<kw name="Sleep" library="BuiltIn">
<arg>8</arg>
<doc>Pauses the test executed for the given time.</doc>
<msg timestamp="20230911 15:29:30.307" level="INFO">Slept 8 seconds</msg>
<status status="PASS" starttime="20230911 15:29:22.306" endtime="20230911 15:29:30.307"/>
</kw>
<kw name="Click Element" library="SeleniumLibrary">
<arg>${xpath_Reports}</arg>
<doc>Click the element identified by ``locator``.</doc>
<msg timestamp="20230911 15:29:30.307" level="INFO">Clicking element 'xpath://img[@src='/assets/menuIcons/reports.svg']'.</msg>
<status status="PASS" starttime="20230911 15:29:30.307" endtime="20230911 15:29:30.501"/>
</kw>
<kw name="Sleep" library="BuiltIn">
<arg>8</arg>
<doc>Pauses the test executed for the given time.</doc>
<msg timestamp="20230911 15:29:38.505" level="INFO">Slept 8 seconds</msg>
<status status="PASS" starttime="20230911 15:29:30.501" endtime="20230911 15:29:38.505"/>
</kw>
<kw name="Log To Console" library="BuiltIn">
<arg>Left menu of HR-OS Home Page Successful !!!!!!!!!!!!!!!!!</arg>
<doc>Logs the given message to the console.</doc>
<status status="PASS" starttime="20230911 15:29:38.505" endtime="20230911 15:29:38.505"/>
</kw>
<status status="PASS" starttime="20230911 15:28:36.777" endtime="20230911 15:29:38.505"/>
</kw>
<kw name="Create a Time Sheet for a week on Dialy basis" library="hr_os_login_keywords">
<kw name="Wait Until Element Is Visible" library="SeleniumLibrary">
<arg>${xapth_TimeSheet}</arg>
<doc>Waits until the element ``locator`` is visible.</doc>
<status status="PASS" starttime="20230911 15:29:38.505" endtime="20230911 15:29:38.587"/>
</kw>
<kw name="Click Element" library="SeleniumLibrary">
<arg>${xapth_TimeSheet}</arg>
<doc>Click the element identified by ``locator``.</doc>
<msg timestamp="20230911 15:29:38.595" level="INFO">Clicking element 'xpath://img[@src='/assets/menuIcons/timesheet.svg']'.</msg>
<status status="PASS" starttime="20230911 15:29:38.587" endtime="20230911 15:29:38.770"/>
</kw>
<kw name="Sleep" library="BuiltIn">
<arg>30</arg>
<doc>Pauses the test executed for the given time.</doc>
<msg timestamp="20230911 15:30:08.772" level="INFO">Slept 30 seconds</msg>
<status status="PASS" starttime="20230911 15:29:38.770" endtime="20230911 15:30:08.772"/>
</kw>
<kw name="Get the Dates" library="hr_os_login_keywords">
<var>${dates}</var>
<kw name="Get Current Date" library="DateTime">
<var>${Today_Date}</var>
<arg>result_format=%Y-%m-%d</arg>
<doc>Returns current local or UTC time with an optional increment.</doc>
<msg timestamp="20230911 15:30:08.772" level="INFO">${Today_Date} = 2023-09-11</msg>
<status status="PASS" starttime="20230911 15:30:08.772" endtime="20230911 15:30:08.772"/>
</kw>
<kw name="Convert To String" library="BuiltIn">
<var>${year}</var>
<arg>${Today_Date.split('-')[0]}</arg>
<doc>Converts the given item to a Unicode string.</doc>
<msg timestamp="20230911 15:30:08.776" level="INFO">${year} = 2023</msg>
<status status="PASS" starttime="20230911 15:30:08.776" endtime="20230911 15:30:08.776"/>
</kw>
<kw name="Convert To String" library="BuiltIn">
<var>${month}</var>
<arg>${Today_Date.split('-')[1]}</arg>
<doc>Converts the given item to a Unicode string.</doc>
<msg timestamp="20230911 15:30:08.776" level="INFO">${month} = 09</msg>
<status status="PASS" starttime="20230911 15:30:08.776" endtime="20230911 15:30:08.776"/>
</kw>
<kw name="Convert To Integer" library="BuiltIn">
<var>${day}</var>
<arg>${Today_Date.split('-')[2]}</arg>
<doc>Converts the given item to an integer number.</doc>
<msg timestamp="20230911 15:30:08.776" level="INFO">${day} = 11</msg>
<status status="PASS" starttime="20230911 15:30:08.776" endtime="20230911 15:30:08.776"/>
</kw>
<kw name="Create List" library="BuiltIn">
<var>${date_list}</var>
<doc>Returns a list containing given items.</doc>
<msg timestamp="20230911 15:30:08.776" level="INFO">${date_list} = []</msg>
<status status="PASS" starttime="20230911 15:30:08.776" endtime="20230911 15:30:08.776"/>
</kw>
<kw name="Evaluate" library="BuiltIn">
<var>${day_of_week}</var>
<arg>datetime.datetime.strptime('${Today_Date}', '%Y-%m-%d').strftime('%A')</arg>
<doc>Evaluates the given expression in Python and returns the result.</doc>
<msg timestamp="20230911 15:30:08.792" level="INFO">${day_of_week} = Monday</msg>
<status status="PASS" starttime="20230911 15:30:08.776" endtime="20230911 15:30:08.792"/>
</kw>
<while condition="len(${date_list}) &lt; 5">
<iter>
<if>
<branch type="IF" condition="'${day_of_week}' not in ['Saturday', 'Sunday']">
<kw name="Evaluate" library="BuiltIn">
<var>${day_len}</var>
<arg>len('${day}')</arg>
<doc>Evaluates the given expression in Python and returns the result.</doc>
<msg timestamp="20230911 15:30:08.792" level="INFO">${day_len} = 2</msg>
<status status="PASS" starttime="20230911 15:30:08.792" endtime="20230911 15:30:08.792"/>
</kw>
<if>
<branch type="IF" condition="${day_len} &lt; 2">
<kw name="Append To List" library="Collections">
<arg>${date_list}</arg>
<arg>${year}-${month}-0${day}</arg>
<doc>Adds ``values`` to the end of ``list``.</doc>
<status status="NOT RUN" starttime="20230911 15:30:08.792" endtime="20230911 15:30:08.792"/>
</kw>
<status status="NOT RUN" starttime="20230911 15:30:08.792" endtime="20230911 15:30:08.792"/>
</branch>
<branch type="ELSE">
<kw name="Append To List" library="Collections">
<arg>${date_list}</arg>
<arg>${year}-${month}-${day}</arg>
<doc>Adds ``values`` to the end of ``list``.</doc>
<status status="PASS" starttime="20230911 15:30:08.792" endtime="20230911 15:30:08.792"/>
</kw>
<status status="PASS" starttime="20230911 15:30:08.792" endtime="20230911 15:30:08.792"/>
</branch>
<status status="PASS" starttime="20230911 15:30:08.792" endtime="20230911 15:30:08.792"/>
</if>
<status status="PASS" starttime="20230911 15:30:08.792" endtime="20230911 15:30:08.792"/>
</branch>
<status status="PASS" starttime="20230911 15:30:08.792" endtime="20230911 15:30:08.792"/>
</if>
<kw name="Evaluate" library="BuiltIn">
<var>${day}</var>
<arg>${day} + 1</arg>
<doc>Evaluates the given expression in Python and returns the result.</doc>
<msg timestamp="20230911 15:30:08.792" level="INFO">${day} = 12</msg>
<status status="PASS" starttime="20230911 15:30:08.792" endtime="20230911 15:30:08.792"/>
</kw>
<kw name="Set Variable" library="BuiltIn">
<var>${Today_Date}</var>
<arg>${year}-${month}-${day}</arg>
<doc>Returns the given values which can then be assigned to a variables.</doc>
<msg timestamp="20230911 15:30:08.792" level="INFO">${Today_Date} = 2023-09-12</msg>
<status status="PASS" starttime="20230911 15:30:08.792" endtime="20230911 15:30:08.792"/>
</kw>
<kw name="Evaluate" library="BuiltIn">
<var>${day_of_week}</var>
<arg>datetime.datetime.strptime('${Today_Date}', '%Y-%m-%d').strftime('%A')</arg>
<doc>Evaluates the given expression in Python and returns the result.</doc>
<msg timestamp="20230911 15:30:08.792" level="INFO">${day_of_week} = Tuesday</msg>
<status status="PASS" starttime="20230911 15:30:08.792" endtime="20230911 15:30:08.792"/>
</kw>
<status status="PASS" starttime="20230911 15:30:08.792" endtime="20230911 15:30:08.792"/>
</iter>
<iter>
<if>
<branch type="IF" condition="'${day_of_week}' not in ['Saturday', 'Sunday']">
<kw name="Evaluate" library="BuiltIn">
<var>${day_len}</var>
<arg>len('${day}')</arg>
<doc>Evaluates the given expression in Python and returns the result.</doc>
<msg timestamp="20230911 15:30:08.792" level="INFO">${day_len} = 2</msg>
<status status="PASS" starttime="20230911 15:30:08.792" endtime="20230911 15:30:08.792"/>
</kw>
<if>
<branch type="IF" condition="${day_len} &lt; 2">
<kw name="Append To List" library="Collections">
<arg>${date_list}</arg>
<arg>${year}-${month}-0${day}</arg>
<doc>Adds ``values`` to the end of ``list``.</doc>
<status status="NOT RUN" starttime="20230911 15:30:08.792" endtime="20230911 15:30:08.792"/>
</kw>
<status status="NOT RUN" starttime="20230911 15:30:08.792" endtime="20230911 15:30:08.792"/>
</branch>
<branch type="ELSE">
<kw name="Append To List" library="Collections">
<arg>${date_list}</arg>
<arg>${year}-${month}-${day}</arg>
<doc>Adds ``values`` to the end of ``list``.</doc>
<status status="PASS" starttime="20230911 15:30:08.792" endtime="20230911 15:30:08.792"/>
</kw>
<status status="PASS" starttime="20230911 15:30:08.792" endtime="20230911 15:30:08.792"/>
</branch>
<status status="PASS" starttime="20230911 15:30:08.792" endtime="20230911 15:30:08.792"/>
</if>
<status status="PASS" starttime="20230911 15:30:08.792" endtime="20230911 15:30:08.792"/>
</branch>
<status status="PASS" starttime="20230911 15:30:08.792" endtime="20230911 15:30:08.792"/>
</if>
<kw name="Evaluate" library="BuiltIn">
<var>${day}</var>
<arg>${day} + 1</arg>
<doc>Evaluates the given expression in Python and returns the result.</doc>
<msg timestamp="20230911 15:30:08.792" level="INFO">${day} = 13</msg>
<status status="PASS" starttime="20230911 15:30:08.792" endtime="20230911 15:30:08.792"/>
</kw>
<kw name="Set Variable" library="BuiltIn">
<var>${Today_Date}</var>
<arg>${year}-${month}-${day}</arg>
<doc>Returns the given values which can then be assigned to a variables.</doc>
<msg timestamp="20230911 15:30:08.792" level="INFO">${Today_Date} = 2023-09-13</msg>
<status status="PASS" starttime="20230911 15:30:08.792" endtime="20230911 15:30:08.792"/>
</kw>
<kw name="Evaluate" library="BuiltIn">
<var>${day_of_week}</var>
<arg>datetime.datetime.strptime('${Today_Date}', '%Y-%m-%d').strftime('%A')</arg>
<doc>Evaluates the given expression in Python and returns the result.</doc>
<msg timestamp="20230911 15:30:08.792" level="INFO">${day_of_week} = Wednesday</msg>
<status status="PASS" starttime="20230911 15:30:08.792" endtime="20230911 15:30:08.792"/>
</kw>
<status status="PASS" starttime="20230911 15:30:08.792" endtime="20230911 15:30:08.792"/>
</iter>
<iter>
<if>
<branch type="IF" condition="'${day_of_week}' not in ['Saturday', 'Sunday']">
<kw name="Evaluate" library="BuiltIn">
<var>${day_len}</var>
<arg>len('${day}')</arg>
<doc>Evaluates the given expression in Python and returns the result.</doc>
<msg timestamp="20230911 15:30:08.792" level="INFO">${day_len} = 2</msg>
<status status="PASS" starttime="20230911 15:30:08.792" endtime="20230911 15:30:08.792"/>
</kw>
<if>
<branch type="IF" condition="${day_len} &lt; 2">
<kw name="Append To List" library="Collections">
<arg>${date_list}</arg>
<arg>${year}-${month}-0${day}</arg>
<doc>Adds ``values`` to the end of ``list``.</doc>
<status status="NOT RUN" starttime="20230911 15:30:08.792" endtime="20230911 15:30:08.792"/>
</kw>
<status status="NOT RUN" starttime="20230911 15:30:08.792" endtime="20230911 15:30:08.792"/>
</branch>
<branch type="ELSE">
<kw name="Append To List" library="Collections">
<arg>${date_list}</arg>
<arg>${year}-${month}-${day}</arg>
<doc>Adds ``values`` to the end of ``list``.</doc>
<status status="PASS" starttime="20230911 15:30:08.792" endtime="20230911 15:30:08.792"/>
</kw>
<status status="PASS" starttime="20230911 15:30:08.792" endtime="20230911 15:30:08.792"/>
</branch>
<status status="PASS" starttime="20230911 15:30:08.792" endtime="20230911 15:30:08.792"/>
</if>
<status status="PASS" starttime="20230911 15:30:08.792" endtime="20230911 15:30:08.792"/>
</branch>
<status status="PASS" starttime="20230911 15:30:08.792" endtime="20230911 15:30:08.792"/>
</if>
<kw name="Evaluate" library="BuiltIn">
<var>${day}</var>
<arg>${day} + 1</arg>
<doc>Evaluates the given expression in Python and returns the result.</doc>
<msg timestamp="20230911 15:30:08.792" level="INFO">${day} = 14</msg>
<status status="PASS" starttime="20230911 15:30:08.792" endtime="20230911 15:30:08.792"/>
</kw>
<kw name="Set Variable" library="BuiltIn">
<var>${Today_Date}</var>
<arg>${year}-${month}-${day}</arg>
<doc>Returns the given values which can then be assigned to a variables.</doc>
<msg timestamp="20230911 15:30:08.792" level="INFO">${Today_Date} = 2023-09-14</msg>
<status status="PASS" starttime="20230911 15:30:08.792" endtime="20230911 15:30:08.792"/>
</kw>
<kw name="Evaluate" library="BuiltIn">
<var>${day_of_week}</var>
<arg>datetime.datetime.strptime('${Today_Date}', '%Y-%m-%d').strftime('%A')</arg>
<doc>Evaluates the given expression in Python and returns the result.</doc>
<msg timestamp="20230911 15:30:08.792" level="INFO">${day_of_week} = Thursday</msg>
<status status="PASS" starttime="20230911 15:30:08.792" endtime="20230911 15:30:08.792"/>
</kw>
<status status="PASS" starttime="20230911 15:30:08.792" endtime="20230911 15:30:08.792"/>
</iter>
<iter>
<if>
<branch type="IF" condition="'${day_of_week}' not in ['Saturday', 'Sunday']">
<kw name="Evaluate" library="BuiltIn">
<var>${day_len}</var>
<arg>len('${day}')</arg>
<doc>Evaluates the given expression in Python and returns the result.</doc>
<msg timestamp="20230911 15:30:08.792" level="INFO">${day_len} = 2</msg>
<status status="PASS" starttime="20230911 15:30:08.792" endtime="20230911 15:30:08.792"/>
</kw>
<if>
<branch type="IF" condition="${day_len} &lt; 2">
<kw name="Append To List" library="Collections">
<arg>${date_list}</arg>
<arg>${year}-${month}-0${day}</arg>
<doc>Adds ``values`` to the end of ``list``.</doc>
<status status="NOT RUN" starttime="20230911 15:30:08.792" endtime="20230911 15:30:08.792"/>
</kw>
<status status="NOT RUN" starttime="20230911 15:30:08.792" endtime="20230911 15:30:08.792"/>
</branch>
<branch type="ELSE">
<kw name="Append To List" library="Collections">
<arg>${date_list}</arg>
<arg>${year}-${month}-${day}</arg>
<doc>Adds ``values`` to the end of ``list``.</doc>
<status status="PASS" starttime="20230911 15:30:08.792" endtime="20230911 15:30:08.792"/>
</kw>
<status status="PASS" starttime="20230911 15:30:08.792" endtime="20230911 15:30:08.792"/>
</branch>
<status status="PASS" starttime="20230911 15:30:08.792" endtime="20230911 15:30:08.792"/>
</if>
<status status="PASS" starttime="20230911 15:30:08.792" endtime="20230911 15:30:08.792"/>
</branch>
<status status="PASS" starttime="20230911 15:30:08.792" endtime="20230911 15:30:08.792"/>
</if>
<kw name="Evaluate" library="BuiltIn">
<var>${day}</var>
<arg>${day} + 1</arg>
<doc>Evaluates the given expression in Python and returns the result.</doc>
<msg timestamp="20230911 15:30:08.807" level="INFO">${day} = 15</msg>
<status status="PASS" starttime="20230911 15:30:08.807" endtime="20230911 15:30:08.807"/>
</kw>
<kw name="Set Variable" library="BuiltIn">
<var>${Today_Date}</var>
<arg>${year}-${month}-${day}</arg>
<doc>Returns the given values which can then be assigned to a variables.</doc>
<msg timestamp="20230911 15:30:08.807" level="INFO">${Today_Date} = 2023-09-15</msg>
<status status="PASS" starttime="20230911 15:30:08.807" endtime="20230911 15:30:08.807"/>
</kw>
<kw name="Evaluate" library="BuiltIn">
<var>${day_of_week}</var>
<arg>datetime.datetime.strptime('${Today_Date}', '%Y-%m-%d').strftime('%A')</arg>
<doc>Evaluates the given expression in Python and returns the result.</doc>
<msg timestamp="20230911 15:30:08.807" level="INFO">${day_of_week} = Friday</msg>
<status status="PASS" starttime="20230911 15:30:08.807" endtime="20230911 15:30:08.807"/>
</kw>
<status status="PASS" starttime="20230911 15:30:08.792" endtime="20230911 15:30:08.807"/>
</iter>
<iter>
<if>
<branch type="IF" condition="'${day_of_week}' not in ['Saturday', 'Sunday']">
<kw name="Evaluate" library="BuiltIn">
<var>${day_len}</var>
<arg>len('${day}')</arg>
<doc>Evaluates the given expression in Python and returns the result.</doc>
<msg timestamp="20230911 15:30:08.807" level="INFO">${day_len} = 2</msg>
<status status="PASS" starttime="20230911 15:30:08.807" endtime="20230911 15:30:08.807"/>
</kw>
<if>
<branch type="IF" condition="${day_len} &lt; 2">
<kw name="Append To List" library="Collections">
<arg>${date_list}</arg>
<arg>${year}-${month}-0${day}</arg>
<doc>Adds ``values`` to the end of ``list``.</doc>
<status status="NOT RUN" starttime="20230911 15:30:08.807" endtime="20230911 15:30:08.807"/>
</kw>
<status status="NOT RUN" starttime="20230911 15:30:08.807" endtime="20230911 15:30:08.807"/>
</branch>
<branch type="ELSE">
<kw name="Append To List" library="Collections">
<arg>${date_list}</arg>
<arg>${year}-${month}-${day}</arg>
<doc>Adds ``values`` to the end of ``list``.</doc>
<status status="PASS" starttime="20230911 15:30:08.807" endtime="20230911 15:30:08.807"/>
</kw>
<status status="PASS" starttime="20230911 15:30:08.807" endtime="20230911 15:30:08.807"/>
</branch>
<status status="PASS" starttime="20230911 15:30:08.807" endtime="20230911 15:30:08.807"/>
</if>
<status status="PASS" starttime="20230911 15:30:08.807" endtime="20230911 15:30:08.807"/>
</branch>
<status status="PASS" starttime="20230911 15:30:08.807" endtime="20230911 15:30:08.807"/>
</if>
<kw name="Evaluate" library="BuiltIn">
<var>${day}</var>
<arg>${day} + 1</arg>
<doc>Evaluates the given expression in Python and returns the result.</doc>
<msg timestamp="20230911 15:30:08.807" level="INFO">${day} = 16</msg>
<status status="PASS" starttime="20230911 15:30:08.807" endtime="20230911 15:30:08.807"/>
</kw>
<kw name="Set Variable" library="BuiltIn">
<var>${Today_Date}</var>
<arg>${year}-${month}-${day}</arg>
<doc>Returns the given values which can then be assigned to a variables.</doc>
<msg timestamp="20230911 15:30:08.807" level="INFO">${Today_Date} = 2023-09-16</msg>
<status status="PASS" starttime="20230911 15:30:08.807" endtime="20230911 15:30:08.807"/>
</kw>
<kw name="Evaluate" library="BuiltIn">
<var>${day_of_week}</var>
<arg>datetime.datetime.strptime('${Today_Date}', '%Y-%m-%d').strftime('%A')</arg>
<doc>Evaluates the given expression in Python and returns the result.</doc>
<msg timestamp="20230911 15:30:08.807" level="INFO">${day_of_week} = Saturday</msg>
<status status="PASS" starttime="20230911 15:30:08.807" endtime="20230911 15:30:08.807"/>
</kw>
<status status="PASS" starttime="20230911 15:30:08.807" endtime="20230911 15:30:08.807"/>
</iter>
<status status="PASS" starttime="20230911 15:30:08.792" endtime="20230911 15:30:08.807"/>
</while>
<msg timestamp="20230911 15:30:08.807" level="INFO">${dates} = ['2023-09-11', '2023-09-12', '2023-09-13', '2023-09-14', '2023-09-15']</msg>
<status status="PASS" starttime="20230911 15:30:08.772" endtime="20230911 15:30:08.807"/>
</kw>
<for flavor="IN">
<var>${i}</var>
<value>@{dates}</value>
<iter>
<var name="${i}">2023-09-11</var>
<kw name="Click Element" library="SeleniumLibrary">
<arg>${xpath_AddTak}</arg>
<doc>Click the element identified by ``locator``.</doc>
<msg timestamp="20230911 15:30:08.807" level="INFO">Clicking element 'xpath://div[text()='Add Task']'.</msg>
<status status="PASS" starttime="20230911 15:30:08.807" endtime="20230911 15:30:09.143"/>
</kw>
<kw name="Sleep" library="BuiltIn">
<arg>5</arg>
<doc>Pauses the test executed for the given time.</doc>
<msg timestamp="20230911 15:30:14.146" level="INFO">Slept 5 seconds</msg>
<status status="PASS" starttime="20230911 15:30:09.143" endtime="20230911 15:30:14.148"/>
</kw>
<kw name="Click Element" library="SeleniumLibrary">
<arg>${xpath_DailyBase_StartDate}</arg>
<doc>Click the element identified by ``locator``.</doc>
<msg timestamp="20230911 15:30:14.148" level="INFO">Clicking element 'xpath://input[@placeholder='Start date']'.</msg>
<status status="PASS" starttime="20230911 15:30:14.148" endtime="20230911 15:30:14.484"/>
</kw>
<kw name="Press Keys" library="SeleniumLibrary">
<arg>${xpath_DailyBase_StartDate}</arg>
<arg>${i}</arg>
<arg>ENTER</arg>
<doc>Simulates the user pressing key(s) to an element or on the active browser.</doc>
<msg timestamp="20230911 15:30:14.484" level="INFO">Sending key(s) ('2023-09-11', 'ENTER') to xpath://input[@placeholder='Start date'] element.</msg>
<msg timestamp="20230911 15:30:14.834" level="INFO">Sending keys 2023-09-11</msg>
<msg timestamp="20230911 15:30:15.067" level="INFO">Pressing special key ENTER to element.</msg>
<msg timestamp="20230911 15:30:15.067" level="INFO">Releasing special key ENTER.</msg>
<status status="PASS" starttime="20230911 15:30:14.484" endtime="20230911 15:30:15.167"/>
</kw>
<kw name="Press Keys" library="SeleniumLibrary">
<arg>${xpath_DailyBase_EndDate}</arg>
<arg>${i}</arg>
<arg>ENTER</arg>
<doc>Simulates the user pressing key(s) to an element or on the active browser.</doc>
<msg timestamp="20230911 15:30:15.167" level="INFO">Sending key(s) ('2023-09-11', 'ENTER') to xpath://input[@placeholder='End date'] element.</msg>
<msg timestamp="20230911 15:30:15.538" level="INFO">Sending keys 2023-09-11</msg>
<msg timestamp="20230911 15:30:15.769" level="INFO">Pressing special key ENTER to element.</msg>
<msg timestamp="20230911 15:30:15.769" level="INFO">Releasing special key ENTER.</msg>
<status status="PASS" starttime="20230911 15:30:15.167" endtime="20230911 15:30:15.966"/>
</kw>
<kw name="Sleep" library="BuiltIn">
<arg>4</arg>
<doc>Pauses the test executed for the given time.</doc>
<msg timestamp="20230911 15:30:19.966" level="INFO">Slept 4 seconds</msg>
<status status="PASS" starttime="20230911 15:30:15.966" endtime="20230911 15:30:19.966"/>
</kw>
<kw name="Press Keys" library="SeleniumLibrary">
<arg>${xpath_StartingTime}</arg>
<arg>9:00 am</arg>
<arg>ENTER</arg>
<doc>Simulates the user pressing key(s) to an element or on the active browser.</doc>
<msg timestamp="20230911 15:30:19.966" level="INFO">Sending key(s) ('9:00 am', 'ENTER') to id:basic_tasks_0_startTime element.</msg>
<msg timestamp="20230911 15:30:20.364" level="INFO">Sending keys 9:00 am</msg>
<msg timestamp="20230911 15:30:20.495" level="INFO">Pressing special key ENTER to element.</msg>
<msg timestamp="20230911 15:30:20.495" level="INFO">Releasing special key ENTER.</msg>
<status status="PASS" starttime="20230911 15:30:19.966" endtime="20230911 15:30:20.557"/>
</kw>
<kw name="Sleep" library="BuiltIn">
<arg>4</arg>
<doc>Pauses the test executed for the given time.</doc>
<msg timestamp="20230911 15:30:24.557" level="INFO">Slept 4 seconds</msg>
<status status="PASS" starttime="20230911 15:30:20.557" endtime="20230911 15:30:24.557"/>
</kw>
<kw name="Press Keys" library="SeleniumLibrary">
<arg>${xpath_EndingTime}</arg>
<arg>6:00 pm</arg>
<arg>ENTER</arg>
<doc>Simulates the user pressing key(s) to an element or on the active browser.</doc>
<msg timestamp="20230911 15:30:24.557" level="INFO">Sending key(s) ('6:00 pm', 'ENTER') to id:basic_tasks_0_endTime element.</msg>
<msg timestamp="20230911 15:30:24.904" level="INFO">Sending keys 6:00 pm</msg>
<msg timestamp="20230911 15:30:25.071" level="INFO">Pressing special key ENTER to element.</msg>
<msg timestamp="20230911 15:30:25.075" level="INFO">Releasing special key ENTER.</msg>
<status status="PASS" starttime="20230911 15:30:24.557" endtime="20230911 15:30:25.151"/>
</kw>
<kw name="Sleep" library="BuiltIn">
<arg>4</arg>
<doc>Pauses the test executed for the given time.</doc>
<msg timestamp="20230911 15:30:29.151" level="INFO">Slept 4 seconds</msg>
<status status="PASS" starttime="20230911 15:30:25.151" endtime="20230911 15:30:29.152"/>
</kw>
<kw name="Click Element" library="SeleniumLibrary">
<arg>${id_xpath_Project}</arg>
<doc>Click the element identified by ``locator``.</doc>
<msg timestamp="20230911 15:30:29.153" level="INFO">Clicking element 'id:basic_tasks_0_projectId'.</msg>
<status status="PASS" starttime="20230911 15:30:29.152" endtime="20230911 15:30:29.279"/>
</kw>
<kw name="Input Text" library="SeleniumLibrary">
<arg>${id_xpath_Project}</arg>
<arg>Rampup</arg>
<doc>Types the given ``text`` into the text field identified by ``locator``.</doc>
<msg timestamp="20230911 15:30:29.279" level="INFO">Typing text 'Rampup' into text field 'id:basic_tasks_0_projectId'.</msg>
<status status="PASS" starttime="20230911 15:30:29.279" endtime="20230911 15:30:29.510"/>
</kw>
<kw name="Press Keys" library="SeleniumLibrary">
<arg>${xpath_EnterProject}</arg>
<arg>ENTER</arg>
<doc>Simulates the user pressing key(s) to an element or on the active browser.</doc>
<msg timestamp="20230911 15:30:29.510" level="INFO">Sending key(s) ('ENTER',) to xpath://div[text()='Rampup_Software Services - Terralogic'] element.</msg>
<msg timestamp="20230911 15:30:29.886" level="INFO">Pressing special key ENTER to element.</msg>
<msg timestamp="20230911 15:30:29.886" level="INFO">Releasing special key ENTER.</msg>
<status status="PASS" starttime="20230911 15:30:29.510" endtime="20230911 15:30:29.922"/>
</kw>
<kw name="Sleep" library="BuiltIn">
<arg>4</arg>
<doc>Pauses the test executed for the given time.</doc>
<msg timestamp="20230911 15:30:33.923" level="INFO">Slept 4 seconds</msg>
<status status="PASS" starttime="20230911 15:30:29.922" endtime="20230911 15:30:33.923"/>
</kw>
<kw name="Input Text" library="SeleniumLibrary">
<arg>${id_xpath_Task}</arg>
<arg>UI Automation</arg>
<doc>Types the given ``text`` into the text field identified by ``locator``.</doc>
<msg timestamp="20230911 15:30:33.923" level="INFO">Typing text 'UI Automation' into text field 'id:basic_tasks_0_taskName'.</msg>
<status status="PASS" starttime="20230911 15:30:33.923" endtime="20230911 15:30:34.471"/>
</kw>
<kw name="Sleep" library="BuiltIn">
<arg>2</arg>
<doc>Pauses the test executed for the given time.</doc>
<msg timestamp="20230911 15:30:36.478" level="INFO">Slept 2 seconds</msg>
<status status="PASS" starttime="20230911 15:30:34.471" endtime="20230911 15:30:36.478"/>
</kw>
<kw name="Input Text" library="SeleniumLibrary">
<arg>${id_xpath_Description}</arg>
<arg>Worked on assignments</arg>
<doc>Types the given ``text`` into the text field identified by ``locator``.</doc>
<msg timestamp="20230911 15:30:36.478" level="INFO">Typing text 'Worked on assignments' into text field 'id:basic_tasks_0_notes'.</msg>
<status status="PASS" starttime="20230911 15:30:36.478" endtime="20230911 15:30:37.591"/>
</kw>
<kw name="Sleep" library="BuiltIn">
<arg>2</arg>
<doc>Pauses the test executed for the given time.</doc>
<msg timestamp="20230911 15:30:39.592" level="INFO">Slept 2 seconds</msg>
<status status="PASS" starttime="20230911 15:30:37.591" endtime="20230911 15:30:39.592"/>
</kw>
<kw name="Click Element" library="SeleniumLibrary">
<arg>${xpath_TimeSheetSubmit}</arg>
<doc>Click the element identified by ``locator``.</doc>
<msg timestamp="20230911 15:30:39.592" level="INFO">Clicking element 'xpath://div[text()='Submit']'.</msg>
<status status="PASS" starttime="20230911 15:30:39.592" endtime="20230911 15:30:39.794"/>
</kw>
<kw name="Sleep" library="BuiltIn">
<arg>40</arg>
<doc>Pauses the test executed for the given time.</doc>
<msg timestamp="20230911 15:31:19.795" level="INFO">Slept 40 seconds</msg>
<status status="PASS" starttime="20230911 15:30:39.794" endtime="20230911 15:31:19.795"/>
</kw>
<status status="PASS" starttime="20230911 15:30:08.807" endtime="20230911 15:31:19.795"/>
</iter>
<iter>
<var name="${i}">2023-09-12</var>
<kw name="Click Element" library="SeleniumLibrary">
<arg>${xpath_AddTak}</arg>
<doc>Click the element identified by ``locator``.</doc>
<msg timestamp="20230911 15:31:19.797" level="INFO">Clicking element 'xpath://div[text()='Add Task']'.</msg>
<status status="PASS" starttime="20230911 15:31:19.797" endtime="20230911 15:31:20.019"/>
</kw>
<kw name="Sleep" library="BuiltIn">
<arg>5</arg>
<doc>Pauses the test executed for the given time.</doc>
<msg timestamp="20230911 15:31:25.019" level="INFO">Slept 5 seconds</msg>
<status status="PASS" starttime="20230911 15:31:20.019" endtime="20230911 15:31:25.019"/>
</kw>
<kw name="Click Element" library="SeleniumLibrary">
<arg>${xpath_DailyBase_StartDate}</arg>
<doc>Click the element identified by ``locator``.</doc>
<msg timestamp="20230911 15:31:25.019" level="INFO">Clicking element 'xpath://input[@placeholder='Start date']'.</msg>
<status status="PASS" starttime="20230911 15:31:25.019" endtime="20230911 15:31:25.430"/>
</kw>
<kw name="Press Keys" library="SeleniumLibrary">
<arg>${xpath_DailyBase_StartDate}</arg>
<arg>${i}</arg>
<arg>ENTER</arg>
<doc>Simulates the user pressing key(s) to an element or on the active browser.</doc>
<msg timestamp="20230911 15:31:25.430" level="INFO">Sending key(s) ('2023-09-12', 'ENTER') to xpath://input[@placeholder='Start date'] element.</msg>
<msg timestamp="20230911 15:31:25.828" level="INFO">Sending keys 2023-09-12</msg>
<msg timestamp="20230911 15:31:26.096" level="INFO">Pressing special key ENTER to element.</msg>
<msg timestamp="20230911 15:31:26.096" level="INFO">Releasing special key ENTER.</msg>
<status status="PASS" starttime="20230911 15:31:25.430" endtime="20230911 15:31:26.199"/>
</kw>
<kw name="Press Keys" library="SeleniumLibrary">
<arg>${xpath_DailyBase_EndDate}</arg>
<arg>${i}</arg>
<arg>ENTER</arg>
<doc>Simulates the user pressing key(s) to an element or on the active browser.</doc>
<msg timestamp="20230911 15:31:26.199" level="INFO">Sending key(s) ('2023-09-12', 'ENTER') to xpath://input[@placeholder='End date'] element.</msg>
<msg timestamp="20230911 15:31:26.660" level="INFO">Sending keys 2023-09-12</msg>
<msg timestamp="20230911 15:31:26.883" level="INFO">Pressing special key ENTER to element.</msg>
<msg timestamp="20230911 15:31:26.883" level="INFO">Releasing special key ENTER.</msg>
<status status="PASS" starttime="20230911 15:31:26.199" endtime="20230911 15:31:27.089"/>
</kw>
<kw name="Sleep" library="BuiltIn">
<arg>4</arg>
<doc>Pauses the test executed for the given time.</doc>
<msg timestamp="20230911 15:31:31.090" level="INFO">Slept 4 seconds</msg>
<status status="PASS" starttime="20230911 15:31:27.089" endtime="20230911 15:31:31.090"/>
</kw>
<kw name="Press Keys" library="SeleniumLibrary">
<arg>${xpath_StartingTime}</arg>
<arg>9:00 am</arg>
<arg>ENTER</arg>
<doc>Simulates the user pressing key(s) to an element or on the active browser.</doc>
<msg timestamp="20230911 15:31:31.093" level="INFO">Sending key(s) ('9:00 am', 'ENTER') to id:basic_tasks_0_startTime element.</msg>
<msg timestamp="20230911 15:31:31.479" level="INFO">Sending keys 9:00 am</msg>
<msg timestamp="20230911 15:31:31.610" level="INFO">Pressing special key ENTER to element.</msg>
<msg timestamp="20230911 15:31:31.610" level="INFO">Releasing special key ENTER.</msg>
<status status="PASS" starttime="20230911 15:31:31.090" endtime="20230911 15:31:31.683"/>
</kw>
<kw name="Sleep" library="BuiltIn">
<arg>4</arg>
<doc>Pauses the test executed for the given time.</doc>
<msg timestamp="20230911 15:31:35.684" level="INFO">Slept 4 seconds</msg>
<status status="PASS" starttime="20230911 15:31:31.683" endtime="20230911 15:31:35.684"/>
</kw>
<kw name="Press Keys" library="SeleniumLibrary">
<arg>${xpath_EndingTime}</arg>
<arg>6:00 pm</arg>
<arg>ENTER</arg>
<doc>Simulates the user pressing key(s) to an element or on the active browser.</doc>
<msg timestamp="20230911 15:31:35.684" level="INFO">Sending key(s) ('6:00 pm', 'ENTER') to id:basic_tasks_0_endTime element.</msg>
<msg timestamp="20230911 15:31:36.039" level="INFO">Sending keys 6:00 pm</msg>
<msg timestamp="20230911 15:31:36.191" level="INFO">Pressing special key ENTER to element.</msg>
<msg timestamp="20230911 15:31:36.193" level="INFO">Releasing special key ENTER.</msg>
<status status="PASS" starttime="20230911 15:31:35.684" endtime="20230911 15:31:36.248"/>
</kw>
<kw name="Sleep" library="BuiltIn">
<arg>4</arg>
<doc>Pauses the test executed for the given time.</doc>
<msg timestamp="20230911 15:31:40.249" level="INFO">Slept 4 seconds</msg>
<status status="PASS" starttime="20230911 15:31:36.248" endtime="20230911 15:31:40.249"/>
</kw>
<kw name="Click Element" library="SeleniumLibrary">
<arg>${id_xpath_Project}</arg>
<doc>Click the element identified by ``locator``.</doc>
<msg timestamp="20230911 15:31:40.251" level="INFO">Clicking element 'id:basic_tasks_0_projectId'.</msg>
<status status="PASS" starttime="20230911 15:31:40.249" endtime="20230911 15:31:40.427"/>
</kw>
<kw name="Input Text" library="SeleniumLibrary">
<arg>${id_xpath_Project}</arg>
<arg>Rampup</arg>
<doc>Types the given ``text`` into the text field identified by ``locator``.</doc>
<msg timestamp="20230911 15:31:40.427" level="INFO">Typing text 'Rampup' into text field 'id:basic_tasks_0_projectId'.</msg>
<status status="PASS" starttime="20230911 15:31:40.427" endtime="20230911 15:31:40.714"/>
</kw>
<kw name="Press Keys" library="SeleniumLibrary">
<arg>${xpath_EnterProject}</arg>
<arg>ENTER</arg>
<doc>Simulates the user pressing key(s) to an element or on the active browser.</doc>
<msg timestamp="20230911 15:31:40.714" level="INFO">Sending key(s) ('ENTER',) to xpath://div[text()='Rampup_Software Services - Terralogic'] element.</msg>
<msg timestamp="20230911 15:31:41.180" level="INFO">Pressing special key ENTER to element.</msg>
<msg timestamp="20230911 15:31:41.181" level="INFO">Releasing special key ENTER.</msg>
<status status="PASS" starttime="20230911 15:31:40.714" endtime="20230911 15:31:41.243"/>
</kw>
<kw name="Sleep" library="BuiltIn">
<arg>4</arg>
<doc>Pauses the test executed for the given time.</doc>
<msg timestamp="20230911 15:31:45.244" level="INFO">Slept 4 seconds</msg>
<status status="PASS" starttime="20230911 15:31:41.243" endtime="20230911 15:31:45.244"/>
</kw>
<kw name="Input Text" library="SeleniumLibrary">
<arg>${id_xpath_Task}</arg>
<arg>UI Automation</arg>
<doc>Types the given ``text`` into the text field identified by ``locator``.</doc>
<msg timestamp="20230911 15:31:45.244" level="INFO">Typing text 'UI Automation' into text field 'id:basic_tasks_0_taskName'.</msg>
<status status="PASS" starttime="20230911 15:31:45.244" endtime="20230911 15:31:45.747"/>
</kw>
<kw name="Sleep" library="BuiltIn">
<arg>2</arg>
<doc>Pauses the test executed for the given time.</doc>
<msg timestamp="20230911 15:31:47.747" level="INFO">Slept 2 seconds</msg>
<status status="PASS" starttime="20230911 15:31:45.747" endtime="20230911 15:31:47.747"/>
</kw>
<kw name="Input Text" library="SeleniumLibrary">
<arg>${id_xpath_Description}</arg>
<arg>Worked on assignments</arg>
<doc>Types the given ``text`` into the text field identified by ``locator``.</doc>
<msg timestamp="20230911 15:31:47.747" level="INFO">Typing text 'Worked on assignments' into text field 'id:basic_tasks_0_notes'.</msg>
<status status="PASS" starttime="20230911 15:31:47.747" endtime="20230911 15:31:48.511"/>
</kw>
<kw name="Sleep" library="BuiltIn">
<arg>2</arg>
<doc>Pauses the test executed for the given time.</doc>
<msg timestamp="20230911 15:31:50.511" level="INFO">Slept 2 seconds</msg>
<status status="PASS" starttime="20230911 15:31:48.511" endtime="20230911 15:31:50.511"/>
</kw>
<kw name="Click Element" library="SeleniumLibrary">
<arg>${xpath_TimeSheetSubmit}</arg>
<doc>Click the element identified by ``locator``.</doc>
<msg timestamp="20230911 15:31:50.511" level="INFO">Clicking element 'xpath://div[text()='Submit']'.</msg>
<status status="PASS" starttime="20230911 15:31:50.511" endtime="20230911 15:31:50.713"/>
</kw>
<kw name="Sleep" library="BuiltIn">
<arg>40</arg>
<doc>Pauses the test executed for the given time.</doc>
<msg timestamp="20230911 15:32:30.713" level="INFO">Slept 40 seconds</msg>
<status status="PASS" starttime="20230911 15:31:50.713" endtime="20230911 15:32:30.713"/>
</kw>
<status status="PASS" starttime="20230911 15:31:19.797" endtime="20230911 15:32:30.713"/>
</iter>
<iter>
<var name="${i}">2023-09-13</var>
<kw name="Click Element" library="SeleniumLibrary">
<arg>${xpath_AddTak}</arg>
<doc>Click the element identified by ``locator``.</doc>
<msg timestamp="20230911 15:32:30.713" level="INFO">Clicking element 'xpath://div[text()='Add Task']'.</msg>
<status status="PASS" starttime="20230911 15:32:30.713" endtime="20230911 15:32:30.996"/>
</kw>
<kw name="Sleep" library="BuiltIn">
<arg>5</arg>
<doc>Pauses the test executed for the given time.</doc>
<msg timestamp="20230911 15:32:35.997" level="INFO">Slept 5 seconds</msg>
<status status="PASS" starttime="20230911 15:32:30.996" endtime="20230911 15:32:35.997"/>
</kw>
<kw name="Click Element" library="SeleniumLibrary">
<arg>${xpath_DailyBase_StartDate}</arg>
<doc>Click the element identified by ``locator``.</doc>
<msg timestamp="20230911 15:32:35.997" level="INFO">Clicking element 'xpath://input[@placeholder='Start date']'.</msg>
<status status="PASS" starttime="20230911 15:32:35.997" endtime="20230911 15:32:36.291"/>
</kw>
<kw name="Press Keys" library="SeleniumLibrary">
<arg>${xpath_DailyBase_StartDate}</arg>
<arg>${i}</arg>
<arg>ENTER</arg>
<doc>Simulates the user pressing key(s) to an element or on the active browser.</doc>
<msg timestamp="20230911 15:32:36.291" level="INFO">Sending key(s) ('2023-09-13', 'ENTER') to xpath://input[@placeholder='Start date'] element.</msg>
<msg timestamp="20230911 15:32:36.672" level="INFO">Sending keys 2023-09-13</msg>
<msg timestamp="20230911 15:32:36.839" level="INFO">Pressing special key ENTER to element.</msg>
<msg timestamp="20230911 15:32:36.840" level="INFO">Releasing special key ENTER.</msg>
<status status="PASS" starttime="20230911 15:32:36.291" endtime="20230911 15:32:36.906"/>
</kw>
<kw name="Press Keys" library="SeleniumLibrary">
<arg>${xpath_DailyBase_EndDate}</arg>
<arg>${i}</arg>
<arg>ENTER</arg>
<doc>Simulates the user pressing key(s) to an element or on the active browser.</doc>
<msg timestamp="20230911 15:32:36.906" level="INFO">Sending key(s) ('2023-09-13', 'ENTER') to xpath://input[@placeholder='End date'] element.</msg>
<msg timestamp="20230911 15:32:37.290" level="INFO">Sending keys 2023-09-13</msg>
<msg timestamp="20230911 15:32:37.491" level="INFO">Pressing special key ENTER to element.</msg>
<msg timestamp="20230911 15:32:37.491" level="INFO">Releasing special key ENTER.</msg>
<status status="PASS" starttime="20230911 15:32:36.906" endtime="20230911 15:32:37.678"/>
</kw>
<kw name="Sleep" library="BuiltIn">
<arg>4</arg>
<doc>Pauses the test executed for the given time.</doc>
<msg timestamp="20230911 15:32:41.679" level="INFO">Slept 4 seconds</msg>
<status status="PASS" starttime="20230911 15:32:37.678" endtime="20230911 15:32:41.679"/>
</kw>
<kw name="Press Keys" library="SeleniumLibrary">
<arg>${xpath_StartingTime}</arg>
<arg>9:00 am</arg>
<arg>ENTER</arg>
<doc>Simulates the user pressing key(s) to an element or on the active browser.</doc>
<msg timestamp="20230911 15:32:41.679" level="INFO">Sending key(s) ('9:00 am', 'ENTER') to id:basic_tasks_0_startTime element.</msg>
<msg timestamp="20230911 15:32:42.041" level="INFO">Sending keys 9:00 am</msg>
<msg timestamp="20230911 15:32:42.237" level="INFO">Pressing special key ENTER to element.</msg>
<msg timestamp="20230911 15:32:42.237" level="INFO">Releasing special key ENTER.</msg>
<status status="PASS" starttime="20230911 15:32:41.679" endtime="20230911 15:32:42.336"/>
</kw>
<kw name="Sleep" library="BuiltIn">
<arg>4</arg>
<doc>Pauses the test executed for the given time.</doc>
<msg timestamp="20230911 15:32:46.337" level="INFO">Slept 4 seconds</msg>
<status status="PASS" starttime="20230911 15:32:42.336" endtime="20230911 15:32:46.337"/>
</kw>
<kw name="Press Keys" library="SeleniumLibrary">
<arg>${xpath_EndingTime}</arg>
<arg>6:00 pm</arg>
<arg>ENTER</arg>
<doc>Simulates the user pressing key(s) to an element or on the active browser.</doc>
<msg timestamp="20230911 15:32:46.337" level="INFO">Sending key(s) ('6:00 pm', 'ENTER') to id:basic_tasks_0_endTime element.</msg>
<msg timestamp="20230911 15:32:46.757" level="INFO">Sending keys 6:00 pm</msg>
<msg timestamp="20230911 15:32:46.924" level="INFO">Pressing special key ENTER to element.</msg>
<msg timestamp="20230911 15:32:46.924" level="INFO">Releasing special key ENTER.</msg>
<status status="PASS" starttime="20230911 15:32:46.337" endtime="20230911 15:32:46.995"/>
</kw>
<kw name="Sleep" library="BuiltIn">
<arg>4</arg>
<doc>Pauses the test executed for the given time.</doc>
<msg timestamp="20230911 15:32:50.995" level="INFO">Slept 4 seconds</msg>
<status status="PASS" starttime="20230911 15:32:46.995" endtime="20230911 15:32:50.995"/>
</kw>
<kw name="Click Element" library="SeleniumLibrary">
<arg>${id_xpath_Project}</arg>
<doc>Click the element identified by ``locator``.</doc>
<msg timestamp="20230911 15:32:50.995" level="INFO">Clicking element 'id:basic_tasks_0_projectId'.</msg>
<status status="PASS" starttime="20230911 15:32:50.995" endtime="20230911 15:32:51.245"/>
</kw>
<kw name="Input Text" library="SeleniumLibrary">
<arg>${id_xpath_Project}</arg>
<arg>Rampup</arg>
<doc>Types the given ``text`` into the text field identified by ``locator``.</doc>
<msg timestamp="20230911 15:32:51.250" level="INFO">Typing text 'Rampup' into text field 'id:basic_tasks_0_projectId'.</msg>
<status status="PASS" starttime="20230911 15:32:51.245" endtime="20230911 15:32:51.509"/>
</kw>
<kw name="Press Keys" library="SeleniumLibrary">
<arg>${xpath_EnterProject}</arg>
<arg>ENTER</arg>
<doc>Simulates the user pressing key(s) to an element or on the active browser.</doc>
<msg timestamp="20230911 15:32:51.519" level="INFO">Sending key(s) ('ENTER',) to xpath://div[text()='Rampup_Software Services - Terralogic'] element.</msg>
<msg timestamp="20230911 15:32:51.925" level="INFO">Pressing special key ENTER to element.</msg>
<msg timestamp="20230911 15:32:51.925" level="INFO">Releasing special key ENTER.</msg>
<status status="PASS" starttime="20230911 15:32:51.509" endtime="20230911 15:32:51.958"/>
</kw>
<kw name="Sleep" library="BuiltIn">
<arg>4</arg>
<doc>Pauses the test executed for the given time.</doc>
<msg timestamp="20230911 15:32:55.959" level="INFO">Slept 4 seconds</msg>
<status status="PASS" starttime="20230911 15:32:51.958" endtime="20230911 15:32:55.959"/>
</kw>
<kw name="Input Text" library="SeleniumLibrary">
<arg>${id_xpath_Task}</arg>
<arg>UI Automation</arg>
<doc>Types the given ``text`` into the text field identified by ``locator``.</doc>
<msg timestamp="20230911 15:32:55.959" level="INFO">Typing text 'UI Automation' into text field 'id:basic_tasks_0_taskName'.</msg>
<status status="PASS" starttime="20230911 15:32:55.959" endtime="20230911 15:32:56.597"/>
</kw>
<kw name="Sleep" library="BuiltIn">
<arg>2</arg>
<doc>Pauses the test executed for the given time.</doc>
<msg timestamp="20230911 15:32:58.598" level="INFO">Slept 2 seconds</msg>
<status status="PASS" starttime="20230911 15:32:56.597" endtime="20230911 15:32:58.598"/>
</kw>
<kw name="Input Text" library="SeleniumLibrary">
<arg>${id_xpath_Description}</arg>
<arg>Worked on assignments</arg>
<doc>Types the given ``text`` into the text field identified by ``locator``.</doc>
<msg timestamp="20230911 15:32:58.598" level="INFO">Typing text 'Worked on assignments' into text field 'id:basic_tasks_0_notes'.</msg>
<status status="PASS" starttime="20230911 15:32:58.598" endtime="20230911 15:32:59.624"/>
</kw>
<kw name="Sleep" library="BuiltIn">
<arg>2</arg>
<doc>Pauses the test executed for the given time.</doc>
<msg timestamp="20230911 15:33:01.624" level="INFO">Slept 2 seconds</msg>
<status status="PASS" starttime="20230911 15:32:59.624" endtime="20230911 15:33:01.624"/>
</kw>
<kw name="Click Element" library="SeleniumLibrary">
<arg>${xpath_TimeSheetSubmit}</arg>
<doc>Click the element identified by ``locator``.</doc>
<msg timestamp="20230911 15:33:01.659" level="INFO">Clicking element 'xpath://div[text()='Submit']'.</msg>
<status status="PASS" starttime="20230911 15:33:01.624" endtime="20230911 15:33:01.845"/>
</kw>
<kw name="Sleep" library="BuiltIn">
<arg>40</arg>
<doc>Pauses the test executed for the given time.</doc>
<msg timestamp="20230911 15:33:41.846" level="INFO">Slept 40 seconds</msg>
<status status="PASS" starttime="20230911 15:33:01.845" endtime="20230911 15:33:41.846"/>
</kw>
<status status="PASS" starttime="20230911 15:32:30.713" endtime="20230911 15:33:41.846"/>
</iter>
<iter>
<var name="${i}">2023-09-14</var>
<kw name="Click Element" library="SeleniumLibrary">
<arg>${xpath_AddTak}</arg>
<doc>Click the element identified by ``locator``.</doc>
<msg timestamp="20230911 15:33:41.846" level="INFO">Clicking element 'xpath://div[text()='Add Task']'.</msg>
<status status="PASS" starttime="20230911 15:33:41.846" endtime="20230911 15:33:42.031"/>
</kw>
<kw name="Sleep" library="BuiltIn">
<arg>5</arg>
<doc>Pauses the test executed for the given time.</doc>
<msg timestamp="20230911 15:33:47.032" level="INFO">Slept 5 seconds</msg>
<status status="PASS" starttime="20230911 15:33:42.031" endtime="20230911 15:33:47.032"/>
</kw>
<kw name="Click Element" library="SeleniumLibrary">
<arg>${xpath_DailyBase_StartDate}</arg>
<doc>Click the element identified by ``locator``.</doc>
<msg timestamp="20230911 15:33:47.044" level="INFO">Clicking element 'xpath://input[@placeholder='Start date']'.</msg>
<status status="PASS" starttime="20230911 15:33:47.032" endtime="20230911 15:33:47.305"/>
</kw>
<kw name="Press Keys" library="SeleniumLibrary">
<arg>${xpath_DailyBase_StartDate}</arg>
<arg>${i}</arg>
<arg>ENTER</arg>
<doc>Simulates the user pressing key(s) to an element or on the active browser.</doc>
<msg timestamp="20230911 15:33:47.305" level="INFO">Sending key(s) ('2023-09-14', 'ENTER') to xpath://input[@placeholder='Start date'] element.</msg>
<msg timestamp="20230911 15:33:47.682" level="INFO">Sending keys 2023-09-14</msg>
<msg timestamp="20230911 15:33:47.863" level="INFO">Pressing special key ENTER to element.</msg>
<msg timestamp="20230911 15:33:47.863" level="INFO">Releasing special key ENTER.</msg>
<status status="PASS" starttime="20230911 15:33:47.305" endtime="20230911 15:33:47.939"/>
</kw>
<kw name="Press Keys" library="SeleniumLibrary">
<arg>${xpath_DailyBase_EndDate}</arg>
<arg>${i}</arg>
<arg>ENTER</arg>
<doc>Simulates the user pressing key(s) to an element or on the active browser.</doc>
<msg timestamp="20230911 15:33:47.947" level="INFO">Sending key(s) ('2023-09-14', 'ENTER') to xpath://input[@placeholder='End date'] element.</msg>
<msg timestamp="20230911 15:33:48.342" level="INFO">Sending keys 2023-09-14</msg>
<msg timestamp="20230911 15:33:48.551" level="INFO">Pressing special key ENTER to element.</msg>
<msg timestamp="20230911 15:33:48.551" level="INFO">Releasing special key ENTER.</msg>
<status status="PASS" starttime="20230911 15:33:47.947" endtime="20230911 15:33:48.728"/>
</kw>
<kw name="Sleep" library="BuiltIn">
<arg>4</arg>
<doc>Pauses the test executed for the given time.</doc>
<msg timestamp="20230911 15:33:52.728" level="INFO">Slept 4 seconds</msg>
<status status="PASS" starttime="20230911 15:33:48.728" endtime="20230911 15:33:52.728"/>
</kw>
<kw name="Press Keys" library="SeleniumLibrary">
<arg>${xpath_StartingTime}</arg>
<arg>9:00 am</arg>
<arg>ENTER</arg>
<doc>Simulates the user pressing key(s) to an element or on the active browser.</doc>
<msg timestamp="20230911 15:33:52.728" level="INFO">Sending key(s) ('9:00 am', 'ENTER') to id:basic_tasks_0_startTime element.</msg>
<msg timestamp="20230911 15:33:53.089" level="INFO">Sending keys 9:00 am</msg>
<msg timestamp="20230911 15:33:53.198" level="INFO">Pressing special key ENTER to element.</msg>
<msg timestamp="20230911 15:33:53.198" level="INFO">Releasing special key ENTER.</msg>
<status status="PASS" starttime="20230911 15:33:52.728" endtime="20230911 15:33:53.244"/>
</kw>
<kw name="Sleep" library="BuiltIn">
<arg>4</arg>
<doc>Pauses the test executed for the given time.</doc>
<msg timestamp="20230911 15:33:57.244" level="INFO">Slept 4 seconds</msg>
<status status="PASS" starttime="20230911 15:33:53.244" endtime="20230911 15:33:57.244"/>
</kw>
<kw name="Press Keys" library="SeleniumLibrary">
<arg>${xpath_EndingTime}</arg>
<arg>6:00 pm</arg>
<arg>ENTER</arg>
<doc>Simulates the user pressing key(s) to an element or on the active browser.</doc>
<msg timestamp="20230911 15:33:57.247" level="INFO">Sending key(s) ('6:00 pm', 'ENTER') to id:basic_tasks_0_endTime element.</msg>
<msg timestamp="20230911 15:33:57.588" level="INFO">Sending keys 6:00 pm</msg>
<msg timestamp="20230911 15:33:57.726" level="INFO">Pressing special key ENTER to element.</msg>
<msg timestamp="20230911 15:33:57.726" level="INFO">Releasing special key ENTER.</msg>
<status status="PASS" starttime="20230911 15:33:57.244" endtime="20230911 15:33:57.788"/>
</kw>
<kw name="Sleep" library="BuiltIn">
<arg>4</arg>
<doc>Pauses the test executed for the given time.</doc>
<msg timestamp="20230911 15:34:01.789" level="INFO">Slept 4 seconds</msg>
<status status="PASS" starttime="20230911 15:33:57.788" endtime="20230911 15:34:01.789"/>
</kw>
<kw name="Click Element" library="SeleniumLibrary">
<arg>${id_xpath_Project}</arg>
<doc>Click the element identified by ``locator``.</doc>
<msg timestamp="20230911 15:34:01.789" level="INFO">Clicking element 'id:basic_tasks_0_projectId'.</msg>
<status status="PASS" starttime="20230911 15:34:01.789" endtime="20230911 15:34:01.909"/>
</kw>
<kw name="Input Text" library="SeleniumLibrary">
<arg>${id_xpath_Project}</arg>
<arg>Rampup</arg>
<doc>Types the given ``text`` into the text field identified by ``locator``.</doc>
<msg timestamp="20230911 15:34:01.911" level="INFO">Typing text 'Rampup' into text field 'id:basic_tasks_0_projectId'.</msg>
<status status="PASS" starttime="20230911 15:34:01.909" endtime="20230911 15:34:02.205"/>
</kw>
<kw name="Press Keys" library="SeleniumLibrary">
<arg>${xpath_EnterProject}</arg>
<arg>ENTER</arg>
<doc>Simulates the user pressing key(s) to an element or on the active browser.</doc>
<msg timestamp="20230911 15:34:02.211" level="INFO">Sending key(s) ('ENTER',) to xpath://div[text()='Rampup_Software Services - Terralogic'] element.</msg>
<msg timestamp="20230911 15:34:02.620" level="INFO">Pressing special key ENTER to element.</msg>
<msg timestamp="20230911 15:34:02.620" level="INFO">Releasing special key ENTER.</msg>
<status status="PASS" starttime="20230911 15:34:02.205" endtime="20230911 15:34:02.673"/>
</kw>
<kw name="Sleep" library="BuiltIn">
<arg>4</arg>
<doc>Pauses the test executed for the given time.</doc>
<msg timestamp="20230911 15:34:06.674" level="INFO">Slept 4 seconds</msg>
<status status="PASS" starttime="20230911 15:34:02.673" endtime="20230911 15:34:06.674"/>
</kw>
<kw name="Input Text" library="SeleniumLibrary">
<arg>${id_xpath_Task}</arg>
<arg>UI Automation</arg>
<doc>Types the given ``text`` into the text field identified by ``locator``.</doc>
<msg timestamp="20230911 15:34:06.674" level="INFO">Typing text 'UI Automation' into text field 'id:basic_tasks_0_taskName'.</msg>
<status status="PASS" starttime="20230911 15:34:06.674" endtime="20230911 15:34:07.455"/>
</kw>
<kw name="Sleep" library="BuiltIn">
<arg>2</arg>
<doc>Pauses the test executed for the given time.</doc>
<msg timestamp="20230911 15:34:09.455" level="INFO">Slept 2 seconds</msg>
<status status="PASS" starttime="20230911 15:34:07.455" endtime="20230911 15:34:09.455"/>
</kw>
<kw name="Input Text" library="SeleniumLibrary">
<arg>${id_xpath_Description}</arg>
<arg>Worked on assignments</arg>
<doc>Types the given ``text`` into the text field identified by ``locator``.</doc>
<msg timestamp="20230911 15:34:09.456" level="INFO">Typing text 'Worked on assignments' into text field 'id:basic_tasks_0_notes'.</msg>
<status status="PASS" starttime="20230911 15:34:09.455" endtime="20230911 15:34:10.450"/>
</kw>
<kw name="Sleep" library="BuiltIn">
<arg>2</arg>
<doc>Pauses the test executed for the given time.</doc>
<msg timestamp="20230911 15:34:12.454" level="INFO">Slept 2 seconds</msg>
<status status="PASS" starttime="20230911 15:34:10.453" endtime="20230911 15:34:12.454"/>
</kw>
<kw name="Click Element" library="SeleniumLibrary">
<arg>${xpath_TimeSheetSubmit}</arg>
<doc>Click the element identified by ``locator``.</doc>
<msg timestamp="20230911 15:34:12.456" level="INFO">Clicking element 'xpath://div[text()='Submit']'.</msg>
<status status="PASS" starttime="20230911 15:34:12.454" endtime="20230911 15:34:12.639"/>
</kw>
<kw name="Sleep" library="BuiltIn">
<arg>40</arg>
<doc>Pauses the test executed for the given time.</doc>
<msg timestamp="20230911 15:34:52.639" level="INFO">Slept 40 seconds</msg>
<status status="PASS" starttime="20230911 15:34:12.639" endtime="20230911 15:34:52.639"/>
</kw>
<status status="PASS" starttime="20230911 15:33:41.846" endtime="20230911 15:34:52.639"/>
</iter>
<iter>
<var name="${i}">2023-09-15</var>
<kw name="Click Element" library="SeleniumLibrary">
<arg>${xpath_AddTak}</arg>
<doc>Click the element identified by ``locator``.</doc>
<msg timestamp="20230911 15:34:52.639" level="INFO">Clicking element 'xpath://div[text()='Add Task']'.</msg>
<status status="PASS" starttime="20230911 15:34:52.639" endtime="20230911 15:34:52.852"/>
</kw>
<kw name="Sleep" library="BuiltIn">
<arg>5</arg>
<doc>Pauses the test executed for the given time.</doc>
<msg timestamp="20230911 15:34:57.853" level="INFO">Slept 5 seconds</msg>
<status status="PASS" starttime="20230911 15:34:52.852" endtime="20230911 15:34:57.854"/>
</kw>
<kw name="Click Element" library="SeleniumLibrary">
<arg>${xpath_DailyBase_StartDate}</arg>
<doc>Click the element identified by ``locator``.</doc>
<msg timestamp="20230911 15:34:57.855" level="INFO">Clicking element 'xpath://input[@placeholder='Start date']'.</msg>
<status status="PASS" starttime="20230911 15:34:57.854" endtime="20230911 15:34:58.204"/>
</kw>
<kw name="Press Keys" library="SeleniumLibrary">
<arg>${xpath_DailyBase_StartDate}</arg>
<arg>${i}</arg>
<arg>ENTER</arg>
<doc>Simulates the user pressing key(s) to an element or on the active browser.</doc>
<msg timestamp="20230911 15:34:58.204" level="INFO">Sending key(s) ('2023-09-15', 'ENTER') to xpath://input[@placeholder='Start date'] element.</msg>
<msg timestamp="20230911 15:34:58.603" level="INFO">Sending keys 2023-09-15</msg>
<msg timestamp="20230911 15:34:58.788" level="INFO">Pressing special key ENTER to element.</msg>
<msg timestamp="20230911 15:34:58.788" level="INFO">Releasing special key ENTER.</msg>
<status status="PASS" starttime="20230911 15:34:58.204" endtime="20230911 15:34:58.846"/>
</kw>
<kw name="Press Keys" library="SeleniumLibrary">
<arg>${xpath_DailyBase_EndDate}</arg>
<arg>${i}</arg>
<arg>ENTER</arg>
<doc>Simulates the user pressing key(s) to an element or on the active browser.</doc>
<msg timestamp="20230911 15:34:58.854" level="INFO">Sending key(s) ('2023-09-15', 'ENTER') to xpath://input[@placeholder='End date'] element.</msg>
<msg timestamp="20230911 15:34:59.185" level="INFO">Sending keys 2023-09-15</msg>
<msg timestamp="20230911 15:34:59.387" level="INFO">Pressing special key ENTER to element.</msg>
<msg timestamp="20230911 15:34:59.387" level="INFO">Releasing special key ENTER.</msg>
<status status="PASS" starttime="20230911 15:34:58.846" endtime="20230911 15:34:59.536"/>
</kw>
<kw name="Sleep" library="BuiltIn">
<arg>4</arg>
<doc>Pauses the test executed for the given time.</doc>
<msg timestamp="20230911 15:35:03.538" level="INFO">Slept 4 seconds</msg>
<status status="PASS" starttime="20230911 15:34:59.536" endtime="20230911 15:35:03.538"/>
</kw>
<kw name="Press Keys" library="SeleniumLibrary">
<arg>${xpath_StartingTime}</arg>
<arg>9:00 am</arg>
<arg>ENTER</arg>
<doc>Simulates the user pressing key(s) to an element or on the active browser.</doc>
<msg timestamp="20230911 15:35:03.538" level="INFO">Sending key(s) ('9:00 am', 'ENTER') to id:basic_tasks_0_startTime element.</msg>
<msg timestamp="20230911 15:35:03.905" level="INFO">Sending keys 9:00 am</msg>
<msg timestamp="20230911 15:35:04.049" level="INFO">Pressing special key ENTER to element.</msg>
<msg timestamp="20230911 15:35:04.049" level="INFO">Releasing special key ENTER.</msg>
<status status="PASS" starttime="20230911 15:35:03.538" endtime="20230911 15:35:04.123"/>
</kw>
<kw name="Sleep" library="BuiltIn">
<arg>4</arg>
<doc>Pauses the test executed for the given time.</doc>
<msg timestamp="20230911 15:35:08.127" level="INFO">Slept 4 seconds</msg>
<status status="PASS" starttime="20230911 15:35:04.125" endtime="20230911 15:35:08.127"/>
</kw>
<kw name="Press Keys" library="SeleniumLibrary">
<arg>${xpath_EndingTime}</arg>
<arg>6:00 pm</arg>
<arg>ENTER</arg>
<doc>Simulates the user pressing key(s) to an element or on the active browser.</doc>
<msg timestamp="20230911 15:35:08.127" level="INFO">Sending key(s) ('6:00 pm', 'ENTER') to id:basic_tasks_0_endTime element.</msg>
<msg timestamp="20230911 15:35:08.477" level="INFO">Sending keys 6:00 pm</msg>
<msg timestamp="20230911 15:35:08.630" level="INFO">Pressing special key ENTER to element.</msg>
<msg timestamp="20230911 15:35:08.630" level="INFO">Releasing special key ENTER.</msg>
<status status="PASS" starttime="20230911 15:35:08.127" endtime="20230911 15:35:08.698"/>
</kw>
<kw name="Sleep" library="BuiltIn">
<arg>4</arg>
<doc>Pauses the test executed for the given time.</doc>
<msg timestamp="20230911 15:35:12.698" level="INFO">Slept 4 seconds</msg>
<status status="PASS" starttime="20230911 15:35:08.698" endtime="20230911 15:35:12.698"/>
</kw>
<kw name="Click Element" library="SeleniumLibrary">
<arg>${id_xpath_Project}</arg>
<doc>Click the element identified by ``locator``.</doc>
<msg timestamp="20230911 15:35:12.698" level="INFO">Clicking element 'id:basic_tasks_0_projectId'.</msg>
<status status="PASS" starttime="20230911 15:35:12.698" endtime="20230911 15:35:12.885"/>
</kw>
<kw name="Input Text" library="SeleniumLibrary">
<arg>${id_xpath_Project}</arg>
<arg>Rampup</arg>
<doc>Types the given ``text`` into the text field identified by ``locator``.</doc>
<msg timestamp="20230911 15:35:12.885" level="INFO">Typing text 'Rampup' into text field 'id:basic_tasks_0_projectId'.</msg>
<status status="PASS" starttime="20230911 15:35:12.885" endtime="20230911 15:35:13.204"/>
</kw>
<kw name="Press Keys" library="SeleniumLibrary">
<arg>${xpath_EnterProject}</arg>
<arg>ENTER</arg>
<doc>Simulates the user pressing key(s) to an element or on the active browser.</doc>
<msg timestamp="20230911 15:35:13.207" level="INFO">Sending key(s) ('ENTER',) to xpath://div[text()='Rampup_Software Services - Terralogic'] element.</msg>
<msg timestamp="20230911 15:35:13.575" level="INFO">Pressing special key ENTER to element.</msg>
<msg timestamp="20230911 15:35:13.575" level="INFO">Releasing special key ENTER.</msg>
<status status="PASS" starttime="20230911 15:35:13.204" endtime="20230911 15:35:13.606"/>
</kw>
<kw name="Sleep" library="BuiltIn">
<arg>4</arg>
<doc>Pauses the test executed for the given time.</doc>
<msg timestamp="20230911 15:35:17.607" level="INFO">Slept 4 seconds</msg>
<status status="PASS" starttime="20230911 15:35:13.606" endtime="20230911 15:35:17.607"/>
</kw>
<kw name="Input Text" library="SeleniumLibrary">
<arg>${id_xpath_Task}</arg>
<arg>UI Automation</arg>
<doc>Types the given ``text`` into the text field identified by ``locator``.</doc>
<msg timestamp="20230911 15:35:17.607" level="INFO">Typing text 'UI Automation' into text field 'id:basic_tasks_0_taskName'.</msg>
<status status="PASS" starttime="20230911 15:35:17.607" endtime="20230911 15:35:18.111"/>
</kw>
<kw name="Sleep" library="BuiltIn">
<arg>2</arg>
<doc>Pauses the test executed for the given time.</doc>
<msg timestamp="20230911 15:35:20.112" level="INFO">Slept 2 seconds</msg>
<status status="PASS" starttime="20230911 15:35:18.111" endtime="20230911 15:35:20.112"/>
</kw>
<kw name="Input Text" library="SeleniumLibrary">
<arg>${id_xpath_Description}</arg>
<arg>Worked on assignments</arg>
<doc>Types the given ``text`` into the text field identified by ``locator``.</doc>
<msg timestamp="20230911 15:35:20.112" level="INFO">Typing text 'Worked on assignments' into text field 'id:basic_tasks_0_notes'.</msg>
<status status="PASS" starttime="20230911 15:35:20.112" endtime="20230911 15:35:20.847"/>
</kw>
<kw name="Sleep" library="BuiltIn">
<arg>2</arg>
<doc>Pauses the test executed for the given time.</doc>
<msg timestamp="20230911 15:35:22.849" level="INFO">Slept 2 seconds</msg>
<status status="PASS" starttime="20230911 15:35:20.849" endtime="20230911 15:35:22.849"/>
</kw>
<kw name="Click Element" library="SeleniumLibrary">
<arg>${xpath_TimeSheetSubmit}</arg>
<doc>Click the element identified by ``locator``.</doc>
[...]
</kw>
<kw name="Sleep" library="BuiltIn">
<arg>5</arg>
<doc>Pauses the test executed for the given time.</doc>
<msg timestamp="20230911 15:47:44.644" level="INFO">Slept 5 seconds</msg>
<status status="PASS" starttime="20230911 15:47:39.644" endtime="20230911 15:47:44.644"/>
</kw>
<kw name="Wait Until Element Is Visible" library="SeleniumLibrary">
<arg>${xpath_DeleteTask}</arg>
<doc>Waits until the element ``locator`` is visible.</doc>
<status status="PASS" starttime="20230911 15:47:44.644" endtime="20230911 15:47:44.698"/>
</kw>
<kw name="Click Element" library="SeleniumLibrary">
<arg>${xpath_DeleteTask}</arg>
<doc>Click the element identified by ``locator``.</doc>
<msg timestamp="20230911 15:47:44.698" level="INFO">Clicking element 'xpath://div[text()='Yes']'.</msg>
<status status="PASS" starttime="20230911 15:47:44.698" endtime="20230911 15:47:44.815"/>
</kw>
<kw name="Sleep" library="BuiltIn">
<arg>10</arg>
<doc>Pauses the test executed for the given time.</doc>
<msg timestamp="20230911 15:47:54.817" level="INFO">Slept 10 seconds</msg>
<status status="PASS" starttime="20230911 15:47:44.815" endtime="20230911 15:47:54.817"/>
</kw>
<kw name="Click Element" library="SeleniumLibrary">
<arg>${xpath_ForwordDate}</arg>
<doc>Click the element identified by ``locator``.</doc>
<msg timestamp="20230911 15:47:54.820" level="INFO">Clicking element 'xpath://img[@src='/static/ic_arrow_right_gray.aaf9b4aa.svg']'.</msg>
<status status="PASS" starttime="20230911 15:47:54.818" endtime="20230911 15:47:54.932"/>
</kw>
<kw name="Sleep" library="BuiltIn">
<arg>6</arg>
<doc>Pauses the test executed for the given time.</doc>
<msg timestamp="20230911 15:48:00.938" level="INFO">Slept 6 seconds</msg>
<status status="PASS" starttime="20230911 15:47:54.932" endtime="20230911 15:48:00.938"/>
</kw>
<status status="PASS" starttime="20230911 15:47:39.498" endtime="20230911 15:48:00.938"/>
</branch>
<branch type="ELSE">
<kw name="Wait Until Element Is Visible" library="SeleniumLibrary">
<arg>${xpath_ForwordDate}</arg>
<doc>Waits until the element ``locator`` is visible.</doc>
<status status="NOT RUN" starttime="20230911 15:48:00.938" endtime="20230911 15:48:00.938"/>
</kw>
<kw name="Click Element" library="SeleniumLibrary">
<arg>${xpath_ForwordDate}</arg>
<doc>Click the element identified by ``locator``.</doc>
<status status="NOT RUN" starttime="20230911 15:48:00.938" endtime="20230911 15:48:00.938"/>
</kw>
<kw name="Sleep" library="BuiltIn">
<arg>6</arg>
<doc>Pauses the test executed for the given time.</doc>
<status status="NOT RUN" starttime="20230911 15:48:00.938" endtime="20230911 15:48:00.938"/>
</kw>
<status status="NOT RUN" starttime="20230911 15:48:00.938" endtime="20230911 15:48:00.938"/>
</branch>
<status status="PASS" starttime="20230911 15:47:39.498" endtime="20230911 15:48:00.938"/>
</if>
<kw name="Evaluate" library="BuiltIn">
<var>${day}</var>
<arg>${day} + 1</arg>
<doc>Evaluates the given expression in Python and returns the result.</doc>
<msg timestamp="20230911 15:48:00.938" level="INFO">${day} = 5</msg>
<status status="PASS" starttime="20230911 15:48:00.938" endtime="20230911 15:48:00.938"/>
</kw>
<kw name="Run Keyword If" library="BuiltIn">
<arg>${day} &gt; 7</arg>
<arg>Exit For Loop</arg>
<doc>Runs the given keyword with the given arguments, if ``condition`` is true.</doc>
<status status="PASS" starttime="20230911 15:48:00.938" endtime="20230911 15:48:00.938"/>
</kw>
<status status="PASS" starttime="20230911 15:47:39.466" endtime="20230911 15:48:00.938"/>
</iter>
<iter>
<var name="${day}">5</var>
<kw name="Run Keyword And Return Status" library="BuiltIn">
<var>${element_visible}</var>
<arg>Element Should Be Visible</arg>
<arg>${xpath_DeleteTimeSheet}</arg>
<doc>Runs the given keyword with given arguments and returns the status as a Boolean value.</doc>
<kw name="Element Should Be Visible" library="SeleniumLibrary">
<arg>${xpath_DeleteTimeSheet}</arg>
<doc>Verifies that the element identified by ``locator`` is visible.</doc>
<msg timestamp="20230911 15:48:01.017" level="INFO">Element 'xpath://img[@src='/static/ic_delete.10ddaf87.svg']' is displayed.</msg>
<status status="PASS" starttime="20230911 15:48:00.938" endtime="20230911 15:48:01.017"/>
</kw>
<msg timestamp="20230911 15:48:01.024" level="INFO">${element_visible} = True</msg>
<status status="PASS" starttime="20230911 15:48:00.938" endtime="20230911 15:48:01.024"/>
</kw>
<if>
<branch type="IF" condition="${element_visible}">
<kw name="Wait Until Element Is Visible" library="SeleniumLibrary">
<arg>${xpath_DeleteTimeSheet}</arg>
<doc>Waits until the element ``locator`` is visible.</doc>
<status status="PASS" starttime="20230911 15:48:01.026" endtime="20230911 15:48:01.072"/>
</kw>
<kw name="Click Element" library="SeleniumLibrary">
<arg>${xpath_DeleteTimeSheet}</arg>
<doc>Click the element identified by ``locator``.</doc>
<msg timestamp="20230911 15:48:01.072" level="INFO">Clicking element 'xpath://img[@src='/static/ic_delete.10ddaf87.svg']'.</msg>
<status status="PASS" starttime="20230911 15:48:01.072" endtime="20230911 15:48:01.183"/>
</kw>
<kw name="Sleep" library="BuiltIn">
<arg>5</arg>
<doc>Pauses the test executed for the given time.</doc>
<msg timestamp="20230911 15:48:06.184" level="INFO">Slept 5 seconds</msg>
<status status="PASS" starttime="20230911 15:48:01.183" endtime="20230911 15:48:06.184"/>
</kw>
<kw name="Wait Until Element Is Visible" library="SeleniumLibrary">
<arg>${xpath_DeleteTask}</arg>
<doc>Waits until the element ``locator`` is visible.</doc>
<status status="PASS" starttime="20230911 15:48:06.184" endtime="20230911 15:48:06.215"/>
</kw>
<kw name="Click Element" library="SeleniumLibrary">
<arg>${xpath_DeleteTask}</arg>
<doc>Click the element identified by ``locator``.</doc>
<msg timestamp="20230911 15:48:06.215" level="INFO">Clicking element 'xpath://div[text()='Yes']'.</msg>
<status status="PASS" starttime="20230911 15:48:06.215" endtime="20230911 15:48:06.391"/>
</kw>
<kw name="Sleep" library="BuiltIn">
<arg>10</arg>
<doc>Pauses the test executed for the given time.</doc>
<msg timestamp="20230911 15:48:16.391" level="INFO">Slept 10 seconds</msg>
<status status="PASS" starttime="20230911 15:48:06.391" endtime="20230911 15:48:16.391"/>
</kw>
<kw name="Click Element" library="SeleniumLibrary">
<arg>${xpath_ForwordDate}</arg>
<doc>Click the element identified by ``locator``.</doc>
<msg timestamp="20230911 15:48:16.391" level="INFO">Clicking element 'xpath://img[@src='/static/ic_arrow_right_gray.aaf9b4aa.svg']'.</msg>
<status status="PASS" starttime="20230911 15:48:16.391" endtime="20230911 15:48:16.491"/>
</kw>
<kw name="Sleep" library="BuiltIn">
<arg>6</arg>
<doc>Pauses the test executed for the given time.</doc>
<msg timestamp="20230911 15:48:22.491" level="INFO">Slept 6 seconds</msg>
<status status="PASS" starttime="20230911 15:48:16.491" endtime="20230911 15:48:22.491"/>
</kw>
<status status="PASS" starttime="20230911 15:48:01.026" endtime="20230911 15:48:22.491"/>
</branch>
<branch type="ELSE">
<kw name="Wait Until Element Is Visible" library="SeleniumLibrary">
<arg>${xpath_ForwordDate}</arg>
<doc>Waits until the element ``locator`` is visible.</doc>
<status status="NOT RUN" starttime="20230911 15:48:22.491" endtime="20230911 15:48:22.491"/>
</kw>
<kw name="Click Element" library="SeleniumLibrary">
<arg>${xpath_ForwordDate}</arg>
<doc>Click the element identified by ``locator``.</doc>
<status status="NOT RUN" starttime="20230911 15:48:22.491" endtime="20230911 15:48:22.491"/>
</kw>
<kw name="Sleep" library="BuiltIn">
<arg>6</arg>
<doc>Pauses the test executed for the given time.</doc>
<status status="NOT RUN" starttime="20230911 15:48:22.491" endtime="20230911 15:48:22.491"/>
</kw>
<status status="NOT RUN" starttime="20230911 15:48:22.491" endtime="20230911 15:48:22.491"/>
</branch>
<status status="PASS" starttime="20230911 15:48:01.026" endtime="20230911 15:48:22.491"/>
</if>
<kw name="Evaluate" library="BuiltIn">
<var>${day}</var>
<arg>${day} + 1</arg>
<doc>Evaluates the given expression in Python and returns the result.</doc>
<msg timestamp="20230911 15:48:22.491" level="INFO">${day} = 6</msg>
<status status="PASS" starttime="20230911 15:48:22.491" endtime="20230911 15:48:22.491"/>
</kw>
<kw name="Run Keyword If" library="BuiltIn">
<arg>${day} &gt; 7</arg>
<arg>Exit For Loop</arg>
<doc>Runs the given keyword with the given arguments, if ``condition`` is true.</doc>
<status status="PASS" starttime="20230911 15:48:22.491" endtime="20230911 15:48:22.491"/>
</kw>
<status status="PASS" starttime="20230911 15:48:00.938" endtime="20230911 15:48:22.491"/>
</iter>
<iter>
<var name="${day}">6</var>
<kw name="Run Keyword And Return Status" library="BuiltIn">
<var>${element_visible}</var>
<arg>Element Should Be Visible</arg>
<arg>${xpath_DeleteTimeSheet}</arg>
<doc>Runs the given keyword with given arguments and returns the status as a Boolean value.</doc>
<kw name="Element Should Be Visible" library="SeleniumLibrary">
<arg>${xpath_DeleteTimeSheet}</arg>
<doc>Verifies that the element identified by ``locator`` is visible.</doc>
<msg timestamp="20230911 15:48:22.522" level="INFO">Element 'xpath://img[@src='/static/ic_delete.10ddaf87.svg']' is displayed.</msg>
<status status="PASS" starttime="20230911 15:48:22.491" endtime="20230911 15:48:22.522"/>
</kw>
<msg timestamp="20230911 15:48:22.522" level="INFO">${element_visible} = True</msg>
<status status="PASS" starttime="20230911 15:48:22.491" endtime="20230911 15:48:22.522"/>
</kw>
<if>
<branch type="IF" condition="${element_visible}">
<kw name="Wait Until Element Is Visible" library="SeleniumLibrary">
<arg>${xpath_DeleteTimeSheet}</arg>
<doc>Waits until the element ``locator`` is visible.</doc>
<status status="PASS" starttime="20230911 15:48:22.522" endtime="20230911 15:48:22.553"/>
</kw>
<kw name="Click Element" library="SeleniumLibrary">
<arg>${xpath_DeleteTimeSheet}</arg>
<doc>Click the element identified by ``locator``.</doc>
<msg timestamp="20230911 15:48:22.553" level="INFO">Clicking element 'xpath://img[@src='/static/ic_delete.10ddaf87.svg']'.</msg>
<status status="PASS" starttime="20230911 15:48:22.553" endtime="20230911 15:48:22.720"/>
</kw>
<kw name="Sleep" library="BuiltIn">
<arg>5</arg>
<doc>Pauses the test executed for the given time.</doc>
<msg timestamp="20230911 15:48:27.720" level="INFO">Slept 5 seconds</msg>
<status status="PASS" starttime="20230911 15:48:22.720" endtime="20230911 15:48:27.720"/>
</kw>
<kw name="Wait Until Element Is Visible" library="SeleniumLibrary">
<arg>${xpath_DeleteTask}</arg>
<doc>Waits until the element ``locator`` is visible.</doc>
<status status="PASS" starttime="20230911 15:48:27.720" endtime="20230911 15:48:28.076"/>
</kw>
<kw name="Click Element" library="SeleniumLibrary">
<arg>${xpath_DeleteTask}</arg>
<doc>Click the element identified by ``locator``.</doc>
<msg timestamp="20230911 15:48:28.076" level="INFO">Clicking element 'xpath://div[text()='Yes']'.</msg>
<status status="PASS" starttime="20230911 15:48:28.076" endtime="20230911 15:48:28.177"/>
</kw>
<kw name="Sleep" library="BuiltIn">
<arg>10</arg>
<doc>Pauses the test executed for the given time.</doc>
<msg timestamp="20230911 15:48:38.178" level="INFO">Slept 10 seconds</msg>
<status status="PASS" starttime="20230911 15:48:28.177" endtime="20230911 15:48:38.178"/>
</kw>
<kw name="Click Element" library="SeleniumLibrary">
<arg>${xpath_ForwordDate}</arg>
<doc>Click the element identified by ``locator``.</doc>
<msg timestamp="20230911 15:48:38.187" level="INFO">Clicking element 'xpath://img[@src='/static/ic_arrow_right_gray.aaf9b4aa.svg']'.</msg>
<status status="PASS" starttime="20230911 15:48:38.184" endtime="20230911 15:48:38.285"/>
</kw>
<kw name="Sleep" library="BuiltIn">
<arg>6</arg>
<doc>Pauses the test executed for the given time.</doc>
<msg timestamp="20230911 15:48:44.291" level="INFO">Slept 6 seconds</msg>
<status status="PASS" starttime="20230911 15:48:38.285" endtime="20230911 15:48:44.291"/>
</kw>
<status status="PASS" starttime="20230911 15:48:22.522" endtime="20230911 15:48:44.291"/>
</branch>
<branch type="ELSE">
<kw name="Wait Until Element Is Visible" library="SeleniumLibrary">
<arg>${xpath_ForwordDate}</arg>
<doc>Waits until the element ``locator`` is visible.</doc>
<status status="NOT RUN" starttime="20230911 15:48:44.307" endtime="20230911 15:48:44.307"/>
</kw>
<kw name="Click Element" library="SeleniumLibrary">
<arg>${xpath_ForwordDate}</arg>
<doc>Click the element identified by ``locator``.</doc>
<status status="NOT RUN" starttime="20230911 15:48:44.307" endtime="20230911 15:48:44.307"/>
</kw>
<kw name="Sleep" library="BuiltIn">
<arg>6</arg>
<doc>Pauses the test executed for the given time.</doc>
<status status="NOT RUN" starttime="20230911 15:48:44.307" endtime="20230911 15:48:44.307"/>
</kw>
<status status="NOT RUN" starttime="20230911 15:48:44.307" endtime="20230911 15:48:44.307"/>
</branch>
<status status="PASS" starttime="20230911 15:48:22.522" endtime="20230911 15:48:44.307"/>
</if>
<kw name="Evaluate" library="BuiltIn">
<var>${day}</var>
<arg>${day} + 1</arg>
<doc>Evaluates the given expression in Python and returns the result.</doc>
<msg timestamp="20230911 15:48:44.324" level="INFO">${day} = 7</msg>
<status status="PASS" starttime="20230911 15:48:44.322" endtime="20230911 15:48:44.324"/>
</kw>
<kw name="Run Keyword If" library="BuiltIn">
<arg>${day} &gt; 7</arg>
<arg>Exit For Loop</arg>
<doc>Runs the given keyword with the given arguments, if ``condition`` is true.</doc>
<status status="PASS" starttime="20230911 15:48:44.324" endtime="20230911 15:48:44.324"/>
</kw>
<status status="PASS" starttime="20230911 15:48:22.491" endtime="20230911 15:48:44.328"/>
</iter>
<iter>
<var name="${day}">7</var>
<kw name="Run Keyword And Return Status" library="BuiltIn">
<var>${element_visible}</var>
<arg>Element Should Be Visible</arg>
<arg>${xpath_DeleteTimeSheet}</arg>
<doc>Runs the given keyword with given arguments and returns the status as a Boolean value.</doc>
<kw name="Element Should Be Visible" library="SeleniumLibrary">
<arg>${xpath_DeleteTimeSheet}</arg>
<doc>Verifies that the element identified by ``locator`` is visible.</doc>
<msg timestamp="20230911 15:48:44.365" level="INFO">Element 'xpath://img[@src='/static/ic_delete.10ddaf87.svg']' is displayed.</msg>
<status status="PASS" starttime="20230911 15:48:44.330" endtime="20230911 15:48:44.365"/>
</kw>
<msg timestamp="20230911 15:48:44.365" level="INFO">${element_visible} = True</msg>
<status status="PASS" starttime="20230911 15:48:44.328" endtime="20230911 15:48:44.365"/>
</kw>
<if>
<branch type="IF" condition="${element_visible}">
<kw name="Wait Until Element Is Visible" library="SeleniumLibrary">
<arg>${xpath_DeleteTimeSheet}</arg>
<doc>Waits until the element ``locator`` is visible.</doc>
<status status="PASS" starttime="20230911 15:48:44.365" endtime="20230911 15:48:44.402"/>
</kw>
<kw name="Click Element" library="SeleniumLibrary">
<arg>${xpath_DeleteTimeSheet}</arg>
<doc>Click the element identified by ``locator``.</doc>
<msg timestamp="20230911 15:48:44.402" level="INFO">Clicking element 'xpath://img[@src='/static/ic_delete.10ddaf87.svg']'.</msg>
<status status="PASS" starttime="20230911 15:48:44.402" endtime="20230911 15:48:44.557"/>
</kw>
<kw name="Sleep" library="BuiltIn">
<arg>5</arg>
<doc>Pauses the test executed for the given time.</doc>
<msg timestamp="20230911 15:48:49.559" level="INFO">Slept 5 seconds</msg>
<status status="PASS" starttime="20230911 15:48:44.557" endtime="20230911 15:48:49.559"/>
</kw>
<kw name="Wait Until Element Is Visible" library="SeleniumLibrary">
<arg>${xpath_DeleteTask}</arg>
<doc>Waits until the element ``locator`` is visible.</doc>
<status status="PASS" starttime="20230911 15:48:49.562" endtime="20230911 15:48:49.624"/>
</kw>
<kw name="Click Element" library="SeleniumLibrary">
<arg>${xpath_DeleteTask}</arg>
<doc>Click the element identified by ``locator``.</doc>
<msg timestamp="20230911 15:48:49.625" level="INFO">Clicking element 'xpath://div[text()='Yes']'.</msg>
<status status="PASS" starttime="20230911 15:48:49.624" endtime="20230911 15:48:49.727"/>
</kw>
<kw name="Sleep" library="BuiltIn">
<arg>10</arg>
<doc>Pauses the test executed for the given time.</doc>
<msg timestamp="20230911 15:48:59.727" level="INFO">Slept 10 seconds</msg>
<status status="PASS" starttime="20230911 15:48:49.727" endtime="20230911 15:48:59.727"/>
</kw>
<kw name="Click Element" library="SeleniumLibrary">
<arg>${xpath_ForwordDate}</arg>
<doc>Click the element identified by ``locator``.</doc>
<msg timestamp="20230911 15:48:59.727" level="INFO">Clicking element 'xpath://img[@src='/static/ic_arrow_right_gray.aaf9b4aa.svg']'.</msg>
<status status="PASS" starttime="20230911 15:48:59.727" endtime="20230911 15:48:59.810"/>
</kw>
<kw name="Sleep" library="BuiltIn">
<arg>6</arg>
<doc>Pauses the test executed for the given time.</doc>
<msg timestamp="20230911 15:49:05.811" level="INFO">Slept 6 seconds</msg>
<status status="PASS" starttime="20230911 15:48:59.810" endtime="20230911 15:49:05.811"/>
</kw>
<status status="PASS" starttime="20230911 15:48:44.365" endtime="20230911 15:49:05.811"/>
</branch>
<branch type="ELSE">
<kw name="Wait Until Element Is Visible" library="SeleniumLibrary">
<arg>${xpath_ForwordDate}</arg>
<doc>Waits until the element ``locator`` is visible.</doc>
<status status="NOT RUN" starttime="20230911 15:49:05.811" endtime="20230911 15:49:05.811"/>
</kw>
<kw name="Click Element" library="SeleniumLibrary">
<arg>${xpath_ForwordDate}</arg>
<doc>Click the element identified by ``locator``.</doc>
<status status="NOT RUN" starttime="20230911 15:49:05.811" endtime="20230911 15:49:05.811"/>
</kw>
<kw name="Sleep" library="BuiltIn">
<arg>6</arg>
<doc>Pauses the test executed for the given time.</doc>
<status status="NOT RUN" starttime="20230911 15:49:05.811" endtime="20230911 15:49:05.811"/>
</kw>
<status status="NOT RUN" starttime="20230911 15:49:05.811" endtime="20230911 15:49:05.811"/>
</branch>
<status status="PASS" starttime="20230911 15:48:44.365" endtime="20230911 15:49:05.811"/>
</if>
<kw name="Evaluate" library="BuiltIn">
<var>${day}</var>
<arg>${day} + 1</arg>
<doc>Evaluates the given expression in Python and returns the result.</doc>
<msg timestamp="20230911 15:49:05.811" level="INFO">${day} = 8</msg>
<status status="PASS" starttime="20230911 15:49:05.811" endtime="20230911 15:49:05.811"/>
</kw>
<kw name="Run Keyword If" library="BuiltIn">
<arg>${day} &gt; 7</arg>
<arg>Exit For Loop</arg>
<doc>Runs the given keyword with the given arguments, if ``condition`` is true.</doc>
<kw name="Exit For Loop" library="BuiltIn">
<doc>Stops executing the enclosing FOR loop.</doc>
<msg timestamp="20230911 15:49:05.811" level="INFO">Exiting for loop altogether.</msg>
<status status="PASS" starttime="20230911 15:49:05.811" endtime="20230911 15:49:05.811"/>
</kw>
<status status="PASS" starttime="20230911 15:49:05.811" endtime="20230911 15:49:05.811"/>
</kw>
<status status="PASS" starttime="20230911 15:48:44.328" endtime="20230911 15:49:05.811"/>
</iter>
<status status="PASS" starttime="20230911 15:46:34.908" endtime="20230911 15:49:05.811"/>
</for>
<kw name="Log To Console" library="BuiltIn">
<arg>Delete Newly Created Time Sheet Successful !!!!!!!!!!!!!!</arg>
<doc>Logs the given message to the console.</doc>
<status status="PASS" starttime="20230911 15:49:05.811" endtime="20230911 15:49:05.811"/>
</kw>
<status status="PASS" starttime="20230911 15:46:14.607" endtime="20230911 15:49:05.811"/>
</kw>
<status status="PASS" starttime="20230911 15:25:57.697" endtime="20230911 15:49:05.811"/>
</test>
<status status="PASS" starttime="20230911 15:25:56.827" endtime="20230911 15:49:05.811"/>
</suite>
<statistics>
<total>
<stat pass="1" fail="0" skip="0">All Tests</stat>
</total>
<tag>
</tag>
<suite>
<stat pass="1" fail="0" skip="0" id="s1" name="Login Hr Os Testcase">Login Hr Os Testcase</stat>
</suite>
</statistics>
<errors>
</errors>
</robot>
