<?xml version="1.0" encoding="UTF-8"?>
<robot generator="Robot 6.1.1 (Python 3.11.4 on win32)" generated="20230914 11:01:50.790" rpa="false" schemaversion="4">
<suite id="s1" name="Login Hr Os Testcase" source="C:\Users\YasodhaS-3242\PycharmProjects\PythonProject\Robot_Frame_work\rampup_task_robot\myproject_root_folder\frame_work\test_cycles\hr_os_module_3\login_hr_os_testcase.robot">
<test id="s1-t1" name="Open HR-OS Portal and Login" line="7">
<kw name="Open HR-OS Bowser URL" library="hr_os_login_keywords">
<kw name="Open Browser" library="SeleniumLibrary">
<arg>${HR-OS_URL}</arg>
<arg>${BROWSER}</arg>
<doc>Opens a new browser instance to the optional ``url``.</doc>
<msg timestamp="20230914 11:01:51.099" level="INFO">Opening browser 'chrome' to base url 'https://terralogic.paxanimi.ai/login'.</msg>
<status status="PASS" starttime="20230914 11:01:51.099" endtime="20230914 11:02:01.188"/>
</kw>
<kw name="Sleep" library="BuiltIn">
<arg>5</arg>
<doc>Pauses the test executed for the given time.</doc>
<msg timestamp="20230914 11:02:06.190" level="INFO">Slept 5 seconds</msg>
<status status="PASS" starttime="20230914 11:02:01.188" endtime="20230914 11:02:06.190"/>
</kw>
<status status="PASS" starttime="20230914 11:01:51.099" endtime="20230914 11:02:06.190"/>
</kw>
<kw name="Maximize Browser URL" library="common_keywords">
<kw name="Maximize Browser Window" library="SeleniumLibrary">
<doc>Maximizes current browser window.</doc>
<status status="PASS" starttime="20230914 11:02:06.190" endtime="20230914 11:02:06.318"/>
</kw>
<kw name="Sleep" library="BuiltIn">
<arg>3</arg>
<doc>Pauses the test executed for the given time.</doc>
<msg timestamp="20230914 11:02:09.320" level="INFO">Slept 3 seconds</msg>
<status status="PASS" starttime="20230914 11:02:06.319" endtime="20230914 11:02:09.320"/>
</kw>
<status status="PASS" starttime="20230914 11:02:06.190" endtime="20230914 11:02:09.320"/>
</kw>
<kw name="HR_OS Login Click TerralogicLogin" library="hr_os_login_keywords">
<kw name="Wait Until Element Is Visible" library="SeleniumLibrary">
<arg>${xpath_clickTerralogicLogin}</arg>
<doc>Waits until the element ``locator`` is visible.</doc>
<status status="PASS" starttime="20230914 11:02:09.320" endtime="20230914 11:02:09.341"/>
</kw>
<kw name="Click Element" library="SeleniumLibrary">
<arg>${xpath_clickTerralogicLogin}</arg>
<doc>Click the element identified by ``locator``.</doc>
<msg timestamp="20230914 11:02:09.341" level="INFO">Clicking element 'xpath://div[text()='Terralogic Login']'.</msg>
<status status="PASS" starttime="20230914 11:02:09.341" endtime="20230914 11:02:09.394"/>
</kw>
<kw name="Sleep" library="BuiltIn">
<arg>10</arg>
<doc>Pauses the test executed for the given time.</doc>
<msg timestamp="20230914 11:02:19.394" level="INFO">Slept 10 seconds</msg>
<status status="PASS" starttime="20230914 11:02:09.394" endtime="20230914 11:02:19.394"/>
</kw>
<status status="PASS" starttime="20230914 11:02:09.320" endtime="20230914 11:02:19.394"/>
</kw>
<kw name="Open New Window Sign in - Google Accounts aswell Login Information" library="hr_os_login_keywords">
<kw name="Switch Window" library="SeleniumLibrary">
<arg>Sign in - Google Accounts</arg>
<doc>Switches to browser window matching ``locator``.</doc>
<status status="PASS" starttime="20230914 11:02:19.394" endtime="20230914 11:02:19.488"/>
</kw>
<kw name="Input Text" library="SeleniumLibrary">
<arg>${xpath_id_txtEmail}</arg>
<arg>${HR_OS_ValidUserName}</arg>
<doc>Types the given ``text`` into the text field identified by ``locator``.</doc>
<msg timestamp="20230914 11:02:19.489" level="INFO">Typing text 'surapareddy.yasodha@terralogic.com' into text field 'id:identifierId'.</msg>
<status status="PASS" starttime="20230914 11:02:19.488" endtime="20230914 11:02:19.652"/>
</kw>
<kw name="Sleep" library="BuiltIn">
<arg>10</arg>
<doc>Pauses the test executed for the given time.</doc>
<msg timestamp="20230914 11:02:29.652" level="INFO">Slept 10 seconds</msg>
<status status="PASS" starttime="20230914 11:02:19.652" endtime="20230914 11:02:29.652"/>
</kw>
<kw name="Click Element" library="SeleniumLibrary">
<arg>${xpath_ClickElementNext}</arg>
<doc>Click the element identified by ``locator``.</doc>
<msg timestamp="20230914 11:02:29.652" level="INFO">Clicking element 'xpath://span[.='Next']'.</msg>
<status status="PASS" starttime="20230914 11:02:29.652" endtime="20230914 11:02:29.786"/>
</kw>
<kw name="Sleep" library="BuiltIn">
<arg>6</arg>
<doc>Pauses the test executed for the given time.</doc>
<msg timestamp="20230914 11:02:35.787" level="INFO">Slept 6 seconds</msg>
<status status="PASS" starttime="20230914 11:02:29.786" endtime="20230914 11:02:35.787"/>
</kw>
<kw name="Input Text" library="SeleniumLibrary">
<arg>${xpath_name_txtPassword}</arg>
<arg>${HR_OS_ValidPassword}</arg>
<doc>Types the given ``text`` into the text field identified by ``locator``.</doc>
<msg timestamp="20230914 11:02:35.787" level="INFO">Typing text '8309932066' into text field 'name:Passwd'.</msg>
<status status="PASS" starttime="20230914 11:02:35.787" endtime="20230914 11:02:35.881"/>
</kw>
<kw name="Sleep" library="BuiltIn">
<arg>8</arg>
<doc>Pauses the test executed for the given time.</doc>
<msg timestamp="20230914 11:02:43.881" level="INFO">Slept 8 seconds</msg>
<status status="PASS" starttime="20230914 11:02:35.881" endtime="20230914 11:02:43.881"/>
</kw>
<kw name="Click Element" library="SeleniumLibrary">
<arg>${xpath_ClickElementNext}</arg>
<doc>Click the element identified by ``locator``.</doc>
<msg timestamp="20230914 11:02:43.881" level="INFO">Clicking element 'xpath://span[.='Next']'.</msg>
<status status="PASS" starttime="20230914 11:02:43.881" endtime="20230914 11:02:43.949"/>
</kw>
<kw name="Sleep" library="BuiltIn">
<arg>50</arg>
<doc>Pauses the test executed for the given time.</doc>
<msg timestamp="20230914 11:03:33.950" level="INFO">Slept 50 seconds</msg>
<status status="PASS" starttime="20230914 11:02:43.949" endtime="20230914 11:03:33.950"/>
</kw>
<status status="PASS" starttime="20230914 11:02:19.394" endtime="20230914 11:03:33.950"/>
</kw>
<kw name="Open New Window HR-OS Home page" library="hr_os_login_keywords">
<kw name="Switch Window" library="SeleniumLibrary">
<arg>Home</arg>
<doc>Switches to browser window matching ``locator``.</doc>
<status status="PASS" starttime="20230914 11:03:33.950" endtime="20230914 11:03:33.969"/>
</kw>
<kw name="Log To Console" library="BuiltIn">
<arg>Hr_OS Login Successful verified !!!!!</arg>
<doc>Logs the given message to the console.</doc>
<status status="PASS" starttime="20230914 11:03:33.969" endtime="20230914 11:03:33.969"/>
</kw>
<status status="PASS" starttime="20230914 11:03:33.950" endtime="20230914 11:03:33.969"/>
</kw>
<kw name="Top menu of HR-OS Home Page" library="hr_os_login_keywords">
<kw name="Click Element" library="SeleniumLibrary">
<arg>${xpath_selectCountry}</arg>
<doc>Click the element identified by ``locator``.</doc>
<msg timestamp="20230914 11:03:33.969" level="INFO">Clicking element 'xpath://img[@src='/static/ic_arrow_down.36756079.svg']'.</msg>
<status status="PASS" starttime="20230914 11:03:33.969" endtime="20230914 11:03:34.028"/>
</kw>
<kw name="Sleep" library="BuiltIn">
<arg>2</arg>
<doc>Pauses the test executed for the given time.</doc>
<msg timestamp="20230914 11:03:36.029" level="INFO">Slept 2 seconds</msg>
<status status="PASS" starttime="20230914 11:03:34.028" endtime="20230914 11:03:36.029"/>
</kw>
<kw name="Click Element" library="SeleniumLibrary">
<arg>${xpath_select_INDIA}</arg>
<doc>Click the element identified by ``locator``.</doc>
<msg timestamp="20230914 11:03:36.029" level="INFO">Clicking element 'xpath://span[.='India (en-IN)']'.</msg>
<status status="PASS" starttime="20230914 11:03:36.029" endtime="20230914 11:03:36.808"/>
</kw>
<kw name="Sleep" library="BuiltIn">
<arg>10</arg>
<doc>Pauses the test executed for the given time.</doc>
<msg timestamp="20230914 11:03:46.809" level="INFO">Slept 10 seconds</msg>
<status status="PASS" starttime="20230914 11:03:36.808" endtime="20230914 11:03:46.809"/>
</kw>
<kw name="Click Element" library="SeleniumLibrary">
<arg>${xpath_clickOnLightDark}</arg>
<doc>Click the element identified by ``locator``.</doc>
<msg timestamp="20230914 11:03:46.809" level="INFO">Clicking element 'xpath://img[@src='/static/ic_theme.f154d3ae.svg']'.</msg>
<status status="PASS" starttime="20230914 11:03:46.809" endtime="20230914 11:03:46.895"/>
</kw>
<kw name="Sleep" library="BuiltIn">
<arg>2</arg>
<doc>Pauses the test executed for the given time.</doc>
<msg timestamp="20230914 11:03:48.897" level="INFO">Slept 2 seconds</msg>
<status status="PASS" starttime="20230914 11:03:46.897" endtime="20230914 11:03:48.897"/>
</kw>
<kw name="Click Element" library="SeleniumLibrary">
<arg>${xpath_click_OnDark}</arg>
<doc>Click the element identified by ``locator``.</doc>
<msg timestamp="20230914 11:03:48.897" level="INFO">Clicking element 'xpath://span[.='Dark']'.</msg>
<status status="PASS" starttime="20230914 11:03:48.897" endtime="20230914 11:03:49.576"/>
</kw>
<kw name="Sleep" library="BuiltIn">
<arg>2</arg>
<doc>Pauses the test executed for the given time.</doc>
<msg timestamp="20230914 11:03:51.577" level="INFO">Slept 2 seconds</msg>
<status status="PASS" starttime="20230914 11:03:49.577" endtime="20230914 11:03:51.577"/>
</kw>
<kw name="Click Element" library="SeleniumLibrary">
<arg>${xpath_click_OnLight}</arg>
<doc>Click the element identified by ``locator``.</doc>
<msg timestamp="20230914 11:03:51.577" level="INFO">Clicking element 'xpath://label[.='Light']'.</msg>
<status status="PASS" starttime="20230914 11:03:51.577" endtime="20230914 11:03:51.886"/>
</kw>
<kw name="Sleep" library="BuiltIn">
<arg>2</arg>
<doc>Pauses the test executed for the given time.</doc>
<msg timestamp="20230914 11:03:53.888" level="INFO">Slept 2 seconds</msg>
<status status="PASS" starttime="20230914 11:03:51.887" endtime="20230914 11:03:53.888"/>
</kw>
<kw name="Click Element" library="SeleniumLibrary">
<arg>${xpath_clickOnCloseMark}</arg>
<doc>Click the element identified by ``locator``.</doc>
<msg timestamp="20230914 11:03:53.888" level="INFO">Clicking element 'xpath://img[@src='/static/ic_close.6987e30c.svg']'.</msg>
<status status="PASS" starttime="20230914 11:03:53.888" endtime="20230914 11:03:53.941"/>
</kw>
<kw name="Sleep" library="BuiltIn">
<arg>2</arg>
<doc>Pauses the test executed for the given time.</doc>
<msg timestamp="20230914 11:03:55.941" level="INFO">Slept 2 seconds</msg>
<status status="PASS" starttime="20230914 11:03:53.941" endtime="20230914 11:03:55.941"/>
</kw>
<kw name="Click Element" library="SeleniumLibrary">
<arg>${xpath_clickNotification}</arg>
<doc>Click the element identified by ``locator``.</doc>
<msg timestamp="20230914 11:03:55.941" level="INFO">Clicking element 'xpath://img[@src='/static/ic_bell.1b1c1f80.svg']'.</msg>
<status status="PASS" starttime="20230914 11:03:55.941" endtime="20230914 11:03:56.004"/>
</kw>
<kw name="Sleep" library="BuiltIn">
<arg>2</arg>
<doc>Pauses the test executed for the given time.</doc>
<msg timestamp="20230914 11:03:58.004" level="INFO">Slept 2 seconds</msg>
<status status="PASS" starttime="20230914 11:03:56.004" endtime="20230914 11:03:58.004"/>
</kw>
<kw name="Click Element" library="SeleniumLibrary">
<arg>${xpath_clickOnCloseMark}</arg>
<doc>Click the element identified by ``locator``.</doc>
<msg timestamp="20230914 11:03:58.004" level="INFO">Clicking element 'xpath://img[@src='/static/ic_close.6987e30c.svg']'.</msg>
<status status="PASS" starttime="20230914 11:03:58.004" endtime="20230914 11:03:58.038"/>
</kw>
<kw name="Sleep" library="BuiltIn">
<arg>2</arg>
<doc>Pauses the test executed for the given time.</doc>
<msg timestamp="20230914 11:04:00.039" level="INFO">Slept 2 seconds</msg>
<status status="PASS" starttime="20230914 11:03:58.038" endtime="20230914 11:04:00.039"/>
</kw>
<kw name="Click Element" library="SeleniumLibrary">
<arg>${xapth_clickTop_timesheet}</arg>
<doc>Click the element identified by ``locator``.</doc>
<msg timestamp="20230914 11:04:00.039" level="INFO">Clicking element 'xpath://img[@src='/static/ic_task.ebc7ad8a.svg']'.</msg>
<status status="PASS" starttime="20230914 11:04:00.039" endtime="20230914 11:04:00.111"/>
</kw>
<kw name="Sleep" library="BuiltIn">
<arg>4</arg>
<doc>Pauses the test executed for the given time.</doc>
<msg timestamp="20230914 11:04:04.112" level="INFO">Slept 4 seconds</msg>
<status status="PASS" starttime="20230914 11:04:00.111" endtime="20230914 11:04:04.112"/>
</kw>
<kw name="Click Element" library="SeleniumLibrary">
<arg>${xpath_question_help}</arg>
<doc>Click the element identified by ``locator``.</doc>
<msg timestamp="20230914 11:04:04.112" level="INFO">Clicking element 'xpath://img[@src='/static/ic_help.9945fdef.svg']'.</msg>
<status status="PASS" starttime="20230914 11:04:04.112" endtime="20230914 11:04:04.164"/>
</kw>
<kw name="Sleep" library="BuiltIn">
<arg>2</arg>
<doc>Pauses the test executed for the given time.</doc>
<msg timestamp="20230914 11:04:06.165" level="INFO">Slept 2 seconds</msg>
<status status="PASS" starttime="20230914 11:04:04.164" endtime="20230914 11:04:06.165"/>
</kw>
<kw name="Click Element" library="SeleniumLibrary">
<arg>${xpath_clickOnMyTickets}</arg>
<doc>Click the element identified by ``locator``.</doc>
<msg timestamp="20230914 11:04:06.165" level="INFO">Clicking element 'xpath://span[text()='My Tickets']'.</msg>
<status status="PASS" starttime="20230914 11:04:06.165" endtime="20230914 11:04:06.285"/>
</kw>
<kw name="Sleep" library="BuiltIn">
<arg>4</arg>
<doc>Pauses the test executed for the given time.</doc>
<msg timestamp="20230914 11:04:10.286" level="INFO">Slept 4 seconds</msg>
<status status="PASS" starttime="20230914 11:04:06.285" endtime="20230914 11:04:10.286"/>
</kw>
<kw name="Click Element" library="SeleniumLibrary">
<arg>${xpath_ClickSearch}</arg>
<doc>Click the element identified by ``locator``.</doc>
<msg timestamp="20230914 11:04:10.286" level="INFO">Clicking element 'xpath://img[@src='/static/ic_search.10fe83ab.svg']'.</msg>
<status status="PASS" starttime="20230914 11:04:10.286" endtime="20230914 11:04:10.344"/>
</kw>
<kw name="Sleep" library="BuiltIn">
<arg>4</arg>
<doc>Pauses the test executed for the given time.</doc>
<msg timestamp="20230914 11:04:14.344" level="INFO">Slept 4 seconds</msg>
<status status="PASS" starttime="20230914 11:04:10.344" endtime="20230914 11:04:14.344"/>
</kw>
<kw name="Reload Page" library="SeleniumLibrary">
<doc>Simulates user reloading page.</doc>
<status status="PASS" starttime="20230914 11:04:14.344" endtime="20230914 11:04:14.761"/>
</kw>
<kw name="Sleep" library="BuiltIn">
<arg>10</arg>
<doc>Pauses the test executed for the given time.</doc>
<msg timestamp="20230914 11:04:24.763" level="INFO">Slept 10 seconds</msg>
<status status="PASS" starttime="20230914 11:04:14.761" endtime="20230914 11:04:24.763"/>
</kw>
<kw name="Log To Console" library="BuiltIn">
<arg>Top menu of HR-OS Home Page Successful !!!!!!!!!!!!!!!!!!!!</arg>
<doc>Logs the given message to the console.</doc>
<status status="PASS" starttime="20230914 11:04:24.763" endtime="20230914 11:04:24.763"/>
</kw>
<status status="PASS" starttime="20230914 11:03:33.969" endtime="20230914 11:04:24.763"/>
</kw>
<kw name="Left menu of HR-OS Home Page" library="hr_os_login_keywords">
<kw name="Click Element" library="SeleniumLibrary">
<arg>${xpath_DashBoard}</arg>
<doc>Click the element identified by ``locator``.</doc>
<msg timestamp="20230914 11:04:24.763" level="INFO">Clicking element 'xpath://img[@src='/assets/menuIcons/dashboard.svg']'.</msg>
<status status="PASS" starttime="20230914 11:04:24.763" endtime="20230914 11:04:24.837"/>
</kw>
<kw name="Sleep" library="BuiltIn">
<arg>8</arg>
<doc>Pauses the test executed for the given time.</doc>
<msg timestamp="20230914 11:04:32.837" level="INFO">Slept 8 seconds</msg>
<status status="PASS" starttime="20230914 11:04:24.837" endtime="20230914 11:04:32.837"/>
</kw>
<kw name="Click Element" library="SeleniumLibrary">
<arg>${xpath_ClickHoliday}</arg>
<doc>Click the element identified by ``locator``.</doc>
<msg timestamp="20230914 11:04:32.841" level="INFO">Clicking element 'xpath://div[text()='Holiday Calendar']'.</msg>
<status status="PASS" starttime="20230914 11:04:32.837" endtime="20230914 11:04:32.915"/>
</kw>
<kw name="Sleep" library="BuiltIn">
<arg>8</arg>
<doc>Pauses the test executed for the given time.</doc>
<msg timestamp="20230914 11:04:40.917" level="INFO">Slept 8 seconds</msg>
<status status="PASS" starttime="20230914 11:04:32.916" endtime="20230914 11:04:40.917"/>
</kw>
<kw name="Click Element" library="SeleniumLibrary">
<arg>${xpath_ClickDairectory}</arg>
<doc>Click the element identified by ``locator``.</doc>
<msg timestamp="20230914 11:04:40.917" level="INFO">Clicking element 'xpath://img[@src='/assets/menuIcons/directory.svg']'.</msg>
<status status="PASS" starttime="20230914 11:04:40.917" endtime="20230914 11:04:41.016"/>
</kw>
<kw name="Sleep" library="BuiltIn">
<arg>8</arg>
<doc>Pauses the test executed for the given time.</doc>
<msg timestamp="20230914 11:04:49.017" level="INFO">Slept 8 seconds</msg>
<status status="PASS" starttime="20230914 11:04:41.016" endtime="20230914 11:04:49.017"/>
</kw>
<kw name="Click Element" library="SeleniumLibrary">
<arg>${xpath_DairectorySearchEmp}</arg>
<doc>Click the element identified by ``locator``.</doc>
<msg timestamp="20230914 11:04:49.017" level="INFO">Clicking element 'xpath://input[@type='search']'.</msg>
<status status="PASS" starttime="20230914 11:04:49.017" endtime="20230914 11:04:49.081"/>
</kw>
<kw name="Sleep" library="BuiltIn">
<arg>2</arg>
<doc>Pauses the test executed for the given time.</doc>
<msg timestamp="20230914 11:04:51.081" level="INFO">Slept 2 seconds</msg>
<status status="PASS" starttime="20230914 11:04:49.081" endtime="20230914 11:04:51.081"/>
</kw>
<kw name="Input Text" library="SeleniumLibrary">
<arg>${xpath_DairectorySearchEmp}</arg>
<arg>${Dairectory_Search_Emp}</arg>
<doc>Types the given ``text`` into the text field identified by ``locator``.</doc>
<msg timestamp="20230914 11:04:51.084" level="INFO">Typing text 'harish' into text field 'xpath://input[@type='search']'.</msg>
<status status="PASS" starttime="20230914 11:04:51.081" endtime="20230914 11:04:51.153"/>
</kw>
<kw name="Sleep" library="BuiltIn">
<arg>2</arg>
<doc>Pauses the test executed for the given time.</doc>
<msg timestamp="20230914 11:04:53.154" level="INFO">Slept 2 seconds</msg>
<status status="PASS" starttime="20230914 11:04:51.153" endtime="20230914 11:04:53.154"/>
</kw>
<kw name="Click Element" library="SeleniumLibrary">
<arg>${xapth_OnBoarding}</arg>
<doc>Click the element identified by ``locator``.</doc>
<msg timestamp="20230914 11:04:53.154" level="INFO">Clicking element 'xpath://img[@src='/assets/menuIcons/onboarding.svg']'.</msg>
<status status="PASS" starttime="20230914 11:04:53.154" endtime="20230914 11:04:53.241"/>
</kw>
<kw name="Sleep" library="BuiltIn">
<arg>8</arg>
<doc>Pauses the test executed for the given time.</doc>
<msg timestamp="20230914 11:05:01.242" level="INFO">Slept 8 seconds</msg>
<status status="PASS" starttime="20230914 11:04:53.242" endtime="20230914 11:05:01.242"/>
</kw>
<kw name="Click Element" library="SeleniumLibrary">
<arg>${xapth_OffBoarding}</arg>
<doc>Click the element identified by ``locator``.</doc>
<msg timestamp="20230914 11:05:01.242" level="INFO">Clicking element 'xpath://img[@src='/assets/menuIcons/offboarding.svg']'.</msg>
<status status="PASS" starttime="20230914 11:05:01.242" endtime="20230914 11:05:01.326"/>
</kw>
<kw name="Sleep" library="BuiltIn">
<arg>8</arg>
<doc>Pauses the test executed for the given time.</doc>
<msg timestamp="20230914 11:05:09.326" level="INFO">Slept 8 seconds</msg>
<status status="PASS" starttime="20230914 11:05:01.326" endtime="20230914 11:05:09.326"/>
</kw>
<kw name="Click Element" library="SeleniumLibrary">
<arg>${xapth_TimeSheet}</arg>
<doc>Click the element identified by ``locator``.</doc>
<msg timestamp="20230914 11:05:09.326" level="INFO">Clicking element 'xpath://img[@src='/assets/menuIcons/timesheet.svg']'.</msg>
<status status="PASS" starttime="20230914 11:05:09.326" endtime="20230914 11:05:09.406"/>
</kw>
<kw name="Sleep" library="BuiltIn">
<arg>8</arg>
<doc>Pauses the test executed for the given time.</doc>
<msg timestamp="20230914 11:05:17.407" level="INFO">Slept 8 seconds</msg>
<status status="PASS" starttime="20230914 11:05:09.406" endtime="20230914 11:05:17.407"/>
</kw>
<kw name="Click Element" library="SeleniumLibrary">
<arg>${xpath_Reports}</arg>
<doc>Click the element identified by ``locator``.</doc>
<msg timestamp="20230914 11:05:17.407" level="INFO">Clicking element 'xpath://img[@src='/assets/menuIcons/reports.svg']'.</msg>
<status status="PASS" starttime="20230914 11:05:17.407" endtime="20230914 11:05:17.483"/>
</kw>
<kw name="Sleep" library="BuiltIn">
<arg>8</arg>
<doc>Pauses the test executed for the given time.</doc>
<msg timestamp="20230914 11:05:25.483" level="INFO">Slept 8 seconds</msg>
<status status="PASS" starttime="20230914 11:05:17.483" endtime="20230914 11:05:25.483"/>
</kw>
<kw name="Log To Console" library="BuiltIn">
<arg>Left menu of HR-OS Home Page Successful !!!!!!!!!!!!!!!!!</arg>
<doc>Logs the given message to the console.</doc>
<status status="PASS" starttime="20230914 11:05:25.483" endtime="20230914 11:05:25.483"/>
</kw>
<status status="PASS" starttime="20230914 11:04:24.763" endtime="20230914 11:05:25.483"/>
</kw>
<kw name="Create a Time Sheet for a week on Dialy basis" library="hr_os_login_keywords">
<kw name="Wait Until Element Is Visible" library="SeleniumLibrary">
<arg>${xapth_TimeSheet}</arg>
<doc>Waits until the element ``locator`` is visible.</doc>
<status status="PASS" starttime="20230914 11:05:25.483" endtime="20230914 11:05:25.493"/>
</kw>
<kw name="Click Element" library="SeleniumLibrary">
<arg>${xapth_TimeSheet}</arg>
<doc>Click the element identified by ``locator``.</doc>
<msg timestamp="20230914 11:05:25.493" level="INFO">Clicking element 'xpath://img[@src='/assets/menuIcons/timesheet.svg']'.</msg>
<status status="PASS" starttime="20230914 11:05:25.493" endtime="20230914 11:05:25.572"/>
</kw>
<kw name="Sleep" library="BuiltIn">
<arg>30</arg>
<doc>Pauses the test executed for the given time.</doc>
<msg timestamp="20230914 11:05:55.572" level="INFO">Slept 30 seconds</msg>
<status status="PASS" starttime="20230914 11:05:25.572" endtime="20230914 11:05:55.572"/>
</kw>
<kw name="Get the Dates" library="hr_os_login_keywords">
<var>${dates}</var>
<kw name="Get Current Date" library="DateTime">
<var>${Today_Date}</var>
<arg>result_format=%Y-%m-%d</arg>
<doc>Returns current local or UTC time with an optional increment.</doc>
<msg timestamp="20230914 11:05:55.572" level="INFO">${Today_Date} = 2023-09-14</msg>
<status status="PASS" starttime="20230914 11:05:55.572" endtime="20230914 11:05:55.572"/>
</kw>
<kw name="Convert To String" library="BuiltIn">
<var>${year}</var>
<arg>${Today_Date.split('-')[0]}</arg>
<doc>Converts the given item to a Unicode string.</doc>
<msg timestamp="20230914 11:05:55.572" level="INFO">${year} = 2023</msg>
<status status="PASS" starttime="20230914 11:05:55.572" endtime="20230914 11:05:55.572"/>
</kw>
<kw name="Convert To String" library="BuiltIn">
<var>${month}</var>
<arg>${Today_Date.split('-')[1]}</arg>
<doc>Converts the given item to a Unicode string.</doc>
<msg timestamp="20230914 11:05:55.572" level="INFO">${month} = 09</msg>
<status status="PASS" starttime="20230914 11:05:55.572" endtime="20230914 11:05:55.572"/>
</kw>
<kw name="Convert To Integer" library="BuiltIn">
<var>${day}</var>
<arg>${Today_Date.split('-')[2]}</arg>
<doc>Converts the given item to an integer number.</doc>
<msg timestamp="20230914 11:05:55.572" level="INFO">${day} = 14</msg>
<status status="PASS" starttime="20230914 11:05:55.572" endtime="20230914 11:05:55.572"/>
</kw>
<kw name="Create List" library="BuiltIn">
<var>${date_list}</var>
<doc>Returns a list containing given items.</doc>
<msg timestamp="20230914 11:05:55.572" level="INFO">${date_list} = []</msg>
<status status="PASS" starttime="20230914 11:05:55.572" endtime="20230914 11:05:55.572"/>
</kw>
<kw name="Evaluate" library="BuiltIn">
<var>${day_of_week}</var>
<arg>datetime.datetime.strptime('${Today_Date}', '%Y-%m-%d').strftime('%A')</arg>
<doc>Evaluates the given expression in Python and returns the result.</doc>
<msg timestamp="20230914 11:05:55.572" level="INFO">${day_of_week} = Thursday</msg>
<status status="PASS" starttime="20230914 11:05:55.572" endtime="20230914 11:05:55.572"/>
</kw>
<while condition="len(${date_list}) &lt; 5">
<iter>
<if>
<branch type="IF" condition="'${day_of_week}' not in ['Saturday', 'Sunday']">
<kw name="Evaluate" library="BuiltIn">
<var>${day_len}</var>
<arg>len('${day}')</arg>
<doc>Evaluates the given expression in Python and returns the result.</doc>
<msg timestamp="20230914 11:05:55.583" level="INFO">${day_len} = 2</msg>
<status status="PASS" starttime="20230914 11:05:55.583" endtime="20230914 11:05:55.583"/>
</kw>
<if>
<branch type="IF" condition="${day_len} &lt; 2">
<kw name="Append To List" library="Collections">
<arg>${date_list}</arg>
<arg>${year}-${month}-0${day}</arg>
<doc>Adds ``values`` to the end of ``list``.</doc>
<status status="NOT RUN" starttime="20230914 11:05:55.583" endtime="20230914 11:05:55.583"/>
</kw>
<status status="NOT RUN" starttime="20230914 11:05:55.583" endtime="20230914 11:05:55.583"/>
</branch>
<branch type="ELSE">
<kw name="Append To List" library="Collections">
<arg>${date_list}</arg>
<arg>${year}-${month}-${day}</arg>
<doc>Adds ``values`` to the end of ``list``.</doc>
<status status="PASS" starttime="20230914 11:05:55.583" endtime="20230914 11:05:55.583"/>
</kw>
<status status="PASS" starttime="20230914 11:05:55.583" endtime="20230914 11:05:55.583"/>
</branch>
<status status="PASS" starttime="20230914 11:05:55.583" endtime="20230914 11:05:55.583"/>
</if>
<status status="PASS" starttime="20230914 11:05:55.583" endtime="20230914 11:05:55.583"/>
</branch>
<status status="PASS" starttime="20230914 11:05:55.583" endtime="20230914 11:05:55.583"/>
</if>
<kw name="Evaluate" library="BuiltIn">
<var>${day}</var>
<arg>${day} + 1</arg>
<doc>Evaluates the given expression in Python and returns the result.</doc>
<msg timestamp="20230914 11:05:55.583" level="INFO">${day} = 15</msg>
<status status="PASS" starttime="20230914 11:05:55.583" endtime="20230914 11:05:55.583"/>
</kw>
<kw name="Set Variable" library="BuiltIn">
<var>${Today_Date}</var>
<arg>${year}-${month}-${day}</arg>
<doc>Returns the given values which can then be assigned to a variables.</doc>
<msg timestamp="20230914 11:05:55.583" level="INFO">${Today_Date} = 2023-09-15</msg>
<status status="PASS" starttime="20230914 11:05:55.583" endtime="20230914 11:05:55.583"/>
</kw>
<kw name="Evaluate" library="BuiltIn">
<var>${day_of_week}</var>
<arg>datetime.datetime.strptime('${Today_Date}', '%Y-%m-%d').strftime('%A')</arg>
<doc>Evaluates the given expression in Python and returns the result.</doc>
<msg timestamp="20230914 11:05:55.583" level="INFO">${day_of_week} = Friday</msg>
<status status="PASS" starttime="20230914 11:05:55.583" endtime="20230914 11:05:55.583"/>
</kw>
<status status="PASS" starttime="20230914 11:05:55.572" endtime="20230914 11:05:55.583"/>
</iter>
<iter>
<if>
<branch type="IF" condition="'${day_of_week}' not in ['Saturday', 'Sunday']">
<kw name="Evaluate" library="BuiltIn">
<var>${day_len}</var>
<arg>len('${day}')</arg>
<doc>Evaluates the given expression in Python and returns the result.</doc>
<msg timestamp="20230914 11:05:55.583" level="INFO">${day_len} = 2</msg>
<status status="PASS" starttime="20230914 11:05:55.583" endtime="20230914 11:05:55.583"/>
</kw>
<if>
<branch type="IF" condition="${day_len} &lt; 2">
<kw name="Append To List" library="Collections">
<arg>${date_list}</arg>
<arg>${year}-${month}-0${day}</arg>
<doc>Adds ``values`` to the end of ``list``.</doc>
<status status="NOT RUN" starttime="20230914 11:05:55.583" endtime="20230914 11:05:55.583"/>
</kw>
<status status="NOT RUN" starttime="20230914 11:05:55.583" endtime="20230914 11:05:55.583"/>
</branch>
<branch type="ELSE">
<kw name="Append To List" library="Collections">
<arg>${date_list}</arg>
<arg>${year}-${month}-${day}</arg>
<doc>Adds ``values`` to the end of ``list``.</doc>
<status status="PASS" starttime="20230914 11:05:55.583" endtime="20230914 11:05:55.583"/>
</kw>
<status status="PASS" starttime="20230914 11:05:55.583" endtime="20230914 11:05:55.583"/>
</branch>
<status status="PASS" starttime="20230914 11:05:55.583" endtime="20230914 11:05:55.583"/>
</if>
<status status="PASS" starttime="20230914 11:05:55.583" endtime="20230914 11:05:55.583"/>
</branch>
<status status="PASS" starttime="20230914 11:05:55.583" endtime="20230914 11:05:55.583"/>
</if>
<kw name="Evaluate" library="BuiltIn">
<var>${day}</var>
<arg>${day} + 1</arg>
<doc>Evaluates the given expression in Python and returns the result.</doc>
<msg timestamp="20230914 11:05:55.583" level="INFO">${day} = 16</msg>
<status status="PASS" starttime="20230914 11:05:55.583" endtime="20230914 11:05:55.583"/>
</kw>
<kw name="Set Variable" library="BuiltIn">
<var>${Today_Date}</var>
<arg>${year}-${month}-${day}</arg>
<doc>Returns the given values which can then be assigned to a variables.</doc>
<msg timestamp="20230914 11:05:55.583" level="INFO">${Today_Date} = 2023-09-16</msg>
<status status="PASS" starttime="20230914 11:05:55.583" endtime="20230914 11:05:55.583"/>
</kw>
<kw name="Evaluate" library="BuiltIn">
<var>${day_of_week}</var>
<arg>datetime.datetime.strptime('${Today_Date}', '%Y-%m-%d').strftime('%A')</arg>
<doc>Evaluates the given expression in Python and returns the result.</doc>
<msg timestamp="20230914 11:05:55.583" level="INFO">${day_of_week} = Saturday</msg>
<status status="PASS" starttime="20230914 11:05:55.583" endtime="20230914 11:05:55.583"/>
</kw>
<status status="PASS" starttime="20230914 11:05:55.583" endtime="20230914 11:05:55.583"/>
</iter>
<iter>
<if>
<branch type="IF" condition="'${day_of_week}' not in ['Saturday', 'Sunday']">
<kw name="Evaluate" library="BuiltIn">
<var>${day_len}</var>
<arg>len('${day}')</arg>
<doc>Evaluates the given expression in Python and returns the result.</doc>
<status status="NOT RUN" starttime="20230914 11:05:55.583" endtime="20230914 11:05:55.583"/>
</kw>
<if>
<branch type="IF" condition="${day_len} &lt; 2">
<kw name="Append To List" library="Collections">
<arg>${date_list}</arg>
<arg>${year}-${month}-0${day}</arg>
<doc>Adds ``values`` to the end of ``list``.</doc>
<status status="NOT RUN" starttime="20230914 11:05:55.583" endtime="20230914 11:05:55.583"/>
</kw>
<status status="NOT RUN" starttime="20230914 11:05:55.583" endtime="20230914 11:05:55.583"/>
</branch>
<branch type="ELSE">
<kw name="Append To List" library="Collections">
<arg>${date_list}</arg>
<arg>${year}-${month}-${day}</arg>
<doc>Adds ``values`` to the end of ``list``.</doc>
<status status="NOT RUN" starttime="20230914 11:05:55.583" endtime="20230914 11:05:55.583"/>
</kw>
<status status="NOT RUN" starttime="20230914 11:05:55.583" endtime="20230914 11:05:55.583"/>
</branch>
<status status="NOT RUN" starttime="20230914 11:05:55.583" endtime="20230914 11:05:55.583"/>
</if>
<status status="NOT RUN" starttime="20230914 11:05:55.583" endtime="20230914 11:05:55.583"/>
</branch>
<status status="PASS" starttime="20230914 11:05:55.583" endtime="20230914 11:05:55.583"/>
</if>
<kw name="Evaluate" library="BuiltIn">
<var>${day}</var>
<arg>${day} + 1</arg>
<doc>Evaluates the given expression in Python and returns the result.</doc>
<msg timestamp="20230914 11:05:55.583" level="INFO">${day} = 17</msg>
<status status="PASS" starttime="20230914 11:05:55.583" endtime="20230914 11:05:55.583"/>
</kw>
<kw name="Set Variable" library="BuiltIn">
<var>${Today_Date}</var>
<arg>${year}-${month}-${day}</arg>
<doc>Returns the given values which can then be assigned to a variables.</doc>
<msg timestamp="20230914 11:05:55.583" level="INFO">${Today_Date} = 2023-09-17</msg>
<status status="PASS" starttime="20230914 11:05:55.583" endtime="20230914 11:05:55.583"/>
</kw>
<kw name="Evaluate" library="BuiltIn">
<var>${day_of_week}</var>
<arg>datetime.datetime.strptime('${Today_Date}', '%Y-%m-%d').strftime('%A')</arg>
<doc>Evaluates the given expression in Python and returns the result.</doc>
<msg timestamp="20230914 11:05:55.583" level="INFO">${day_of_week} = Sunday</msg>
<status status="PASS" starttime="20230914 11:05:55.583" endtime="20230914 11:05:55.583"/>
</kw>
<status status="PASS" starttime="20230914 11:05:55.583" endtime="20230914 11:05:55.583"/>
</iter>
<iter>
<if>
<branch type="IF" condition="'${day_of_week}' not in ['Saturday', 'Sunday']">
<kw name="Evaluate" library="BuiltIn">
<var>${day_len}</var>
<arg>len('${day}')</arg>
<doc>Evaluates the given expression in Python and returns the result.</doc>
<status status="NOT RUN" starttime="20230914 11:05:55.583" endtime="20230914 11:05:55.583"/>
</kw>
<if>
<branch type="IF" condition="${day_len} &lt; 2">
<kw name="Append To List" library="Collections">
<arg>${date_list}</arg>
<arg>${year}-${month}-0${day}</arg>
<doc>Adds ``values`` to the end of ``list``.</doc>
<status status="NOT RUN" starttime="20230914 11:05:55.583" endtime="20230914 11:05:55.583"/>
</kw>
<status status="NOT RUN" starttime="20230914 11:05:55.583" endtime="20230914 11:05:55.583"/>
</branch>
<branch type="ELSE">
<kw name="Append To List" library="Collections">
<arg>${date_list}</arg>
<arg>${year}-${month}-${day}</arg>
<doc>Adds ``values`` to the end of ``list``.</doc>
<status status="NOT RUN" starttime="20230914 11:05:55.583" endtime="20230914 11:05:55.583"/>
</kw>
<status status="NOT RUN" starttime="20230914 11:05:55.583" endtime="20230914 11:05:55.583"/>
</branch>
<status status="NOT RUN" starttime="20230914 11:05:55.583" endtime="20230914 11:05:55.583"/>
</if>
<status status="NOT RUN" starttime="20230914 11:05:55.583" endtime="20230914 11:05:55.583"/>
</branch>
<status status="PASS" starttime="20230914 11:05:55.583" endtime="20230914 11:05:55.583"/>
</if>
<kw name="Evaluate" library="BuiltIn">
<var>${day}</var>
<arg>${day} + 1</arg>
<doc>Evaluates the given expression in Python and returns the result.</doc>
<msg timestamp="20230914 11:05:55.583" level="INFO">${day} = 18</msg>
<status status="PASS" starttime="20230914 11:05:55.583" endtime="20230914 11:05:55.583"/>
</kw>
<kw name="Set Variable" library="BuiltIn">
<var>${Today_Date}</var>
<arg>${year}-${month}-${day}</arg>
<doc>Returns the given values which can then be assigned to a variables.</doc>
<msg timestamp="20230914 11:05:55.583" level="INFO">${Today_Date} = 2023-09-18</msg>
<status status="PASS" starttime="20230914 11:05:55.583" endtime="20230914 11:05:55.583"/>
</kw>
<kw name="Evaluate" library="BuiltIn">
<var>${day_of_week}</var>
<arg>datetime.datetime.strptime('${Today_Date}', '%Y-%m-%d').strftime('%A')</arg>
<doc>Evaluates the given expression in Python and returns the result.</doc>
<msg timestamp="20230914 11:05:55.583" level="INFO">${day_of_week} = Monday</msg>
<status status="PASS" starttime="20230914 11:05:55.583" endtime="20230914 11:05:55.583"/>
</kw>
<status status="PASS" starttime="20230914 11:05:55.583" endtime="20230914 11:05:55.583"/>
</iter>
<iter>
<if>
<branch type="IF" condition="'${day_of_week}' not in ['Saturday', 'Sunday']">
<kw name="Evaluate" library="BuiltIn">
<var>${day_len}</var>
<arg>len('${day}')</arg>
<doc>Evaluates the given expression in Python and returns the result.</doc>
<msg timestamp="20230914 11:05:55.583" level="INFO">${day_len} = 2</msg>
<status status="PASS" starttime="20230914 11:05:55.583" endtime="20230914 11:05:55.583"/>
</kw>
<if>
<branch type="IF" condition="${day_len} &lt; 2">
<kw name="Append To List" library="Collections">
<arg>${date_list}</arg>
<arg>${year}-${month}-0${day}</arg>
<doc>Adds ``values`` to the end of ``list``.</doc>
<status status="NOT RUN" starttime="20230914 11:05:55.583" endtime="20230914 11:05:55.583"/>
</kw>
<status status="NOT RUN" starttime="20230914 11:05:55.583" endtime="20230914 11:05:55.583"/>
</branch>
<branch type="ELSE">
<kw name="Append To List" library="Collections">
<arg>${date_list}</arg>
<arg>${year}-${month}-${day}</arg>
<doc>Adds ``values`` to the end of ``list``.</doc>
<status status="PASS" starttime="20230914 11:05:55.583" endtime="20230914 11:05:55.583"/>
</kw>
<status status="PASS" starttime="20230914 11:05:55.583" endtime="20230914 11:05:55.583"/>
</branch>
<status status="PASS" starttime="20230914 11:05:55.583" endtime="20230914 11:05:55.583"/>
</if>
<status status="PASS" starttime="20230914 11:05:55.583" endtime="20230914 11:05:55.583"/>
</branch>
<status status="PASS" starttime="20230914 11:05:55.583" endtime="20230914 11:05:55.583"/>
</if>
<kw name="Evaluate" library="BuiltIn">
<var>${day}</var>
<arg>${day} + 1</arg>
<doc>Evaluates the given expression in Python and returns the result.</doc>
<msg timestamp="20230914 11:05:55.583" level="INFO">${day} = 19</msg>
<status status="PASS" starttime="20230914 11:05:55.583" endtime="20230914 11:05:55.583"/>
</kw>
<kw name="Set Variable" library="BuiltIn">
<var>${Today_Date}</var>
<arg>${year}-${month}-${day}</arg>
<doc>Returns the given values which can then be assigned to a variables.</doc>
<msg timestamp="20230914 11:05:55.583" level="INFO">${Today_Date} = 2023-09-19</msg>
<status status="PASS" starttime="20230914 11:05:55.583" endtime="20230914 11:05:55.583"/>
</kw>
<kw name="Evaluate" library="BuiltIn">
<var>${day_of_week}</var>
<arg>datetime.datetime.strptime('${Today_Date}', '%Y-%m-%d').strftime('%A')</arg>
<doc>Evaluates the given expression in Python and returns the result.</doc>
<msg timestamp="20230914 11:05:55.583" level="INFO">${day_of_week} = Tuesday</msg>
<status status="PASS" starttime="20230914 11:05:55.583" endtime="20230914 11:05:55.583"/>
</kw>
<status status="PASS" starttime="20230914 11:05:55.583" endtime="20230914 11:05:55.583"/>
</iter>
<iter>
<if>
<branch type="IF" condition="'${day_of_week}' not in ['Saturday', 'Sunday']">
<kw name="Evaluate" library="BuiltIn">
<var>${day_len}</var>
<arg>len('${day}')</arg>
<doc>Evaluates the given expression in Python and returns the result.</doc>
<msg timestamp="20230914 11:05:55.583" level="INFO">${day_len} = 2</msg>
<status status="PASS" starttime="20230914 11:05:55.583" endtime="20230914 11:05:55.583"/>
</kw>
<if>
<branch type="IF" condition="${day_len} &lt; 2">
<kw name="Append To List" library="Collections">
<arg>${date_list}</arg>
<arg>${year}-${month}-0${day}</arg>
<doc>Adds ``values`` to the end of ``list``.</doc>
<status status="NOT RUN" starttime="20230914 11:05:55.583" endtime="20230914 11:05:55.583"/>
</kw>
<status status="NOT RUN" starttime="20230914 11:05:55.583" endtime="20230914 11:05:55.583"/>
</branch>
<branch type="ELSE">
<kw name="Append To List" library="Collections">
<arg>${date_list}</arg>
<arg>${year}-${month}-${day}</arg>
<doc>Adds ``values`` to the end of ``list``.</doc>
<status status="PASS" starttime="20230914 11:05:55.583" endtime="20230914 11:05:55.583"/>
</kw>
<status status="PASS" starttime="20230914 11:05:55.583" endtime="20230914 11:05:55.583"/>
</branch>
<status status="PASS" starttime="20230914 11:05:55.583" endtime="20230914 11:05:55.583"/>
</if>
<status status="PASS" starttime="20230914 11:05:55.583" endtime="20230914 11:05:55.583"/>
</branch>
<status status="PASS" starttime="20230914 11:05:55.583" endtime="20230914 11:05:55.583"/>
</if>
<kw name="Evaluate" library="BuiltIn">
<var>${day}</var>
<arg>${day} + 1</arg>
<doc>Evaluates the given expression in Python and returns the result.</doc>
<msg timestamp="20230914 11:05:55.583" level="INFO">${day} = 20</msg>
<status status="PASS" starttime="20230914 11:05:55.583" endtime="20230914 11:05:55.583"/>
</kw>
<kw name="Set Variable" library="BuiltIn">
<var>${Today_Date}</var>
<arg>${year}-${month}-${day}</arg>
<doc>Returns the given values which can then be assigned to a variables.</doc>
<msg timestamp="20230914 11:05:55.583" level="INFO">${Today_Date} = 2023-09-20</msg>
<status status="PASS" starttime="20230914 11:05:55.583" endtime="20230914 11:05:55.583"/>
</kw>
<kw name="Evaluate" library="BuiltIn">
<var>${day_of_week}</var>
<arg>datetime.datetime.strptime('${Today_Date}', '%Y-%m-%d').strftime('%A')</arg>
<doc>Evaluates the given expression in Python and returns the result.</doc>
<msg timestamp="20230914 11:05:55.583" level="INFO">${day_of_week} = Wednesday</msg>
<status status="PASS" starttime="20230914 11:05:55.583" endtime="20230914 11:05:55.583"/>
</kw>
<status status="PASS" starttime="20230914 11:05:55.583" endtime="20230914 11:05:55.583"/>
</iter>
<iter>
<if>
<branch type="IF" condition="'${day_of_week}' not in ['Saturday', 'Sunday']">
<kw name="Evaluate" library="BuiltIn">
<var>${day_len}</var>
<arg>len('${day}')</arg>
<doc>Evaluates the given expression in Python and returns the result.</doc>
<msg timestamp="20230914 11:05:55.583" level="INFO">${day_len} = 2</msg>
<status status="PASS" starttime="20230914 11:05:55.583" endtime="20230914 11:05:55.583"/>
</kw>
<if>
<branch type="IF" condition="${day_len} &lt; 2">
<kw name="Append To List" library="Collections">
<arg>${date_list}</arg>
<arg>${year}-${month}-0${day}</arg>
<doc>Adds ``values`` to the end of ``list``.</doc>
<status status="NOT RUN" starttime="20230914 11:05:55.583" endtime="20230914 11:05:55.583"/>
</kw>
<status status="NOT RUN" starttime="20230914 11:05:55.583" endtime="20230914 11:05:55.583"/>
</branch>
<branch type="ELSE">
<kw name="Append To List" library="Collections">
<arg>${date_list}</arg>
<arg>${year}-${month}-${day}</arg>
<doc>Adds ``values`` to the end of ``list``.</doc>
<status status="PASS" starttime="20230914 11:05:55.583" endtime="20230914 11:05:55.583"/>
</kw>
<status status="PASS" starttime="20230914 11:05:55.583" endtime="20230914 11:05:55.583"/>
</branch>
<status status="PASS" starttime="20230914 11:05:55.583" endtime="20230914 11:05:55.583"/>
</if>
<status status="PASS" starttime="20230914 11:05:55.583" endtime="20230914 11:05:55.583"/>
</branch>
<status status="PASS" starttime="20230914 11:05:55.583" endtime="20230914 11:05:55.583"/>
</if>
<kw name="Evaluate" library="BuiltIn">
<var>${day}</var>
<arg>${day} + 1</arg>
<doc>Evaluates the given expression in Python and returns the result.</doc>
<msg timestamp="20230914 11:05:55.583" level="INFO">${day} = 21</msg>
<status status="PASS" starttime="20230914 11:05:55.583" endtime="20230914 11:05:55.583"/>
</kw>
<kw name="Set Variable" library="BuiltIn">
<var>${Today_Date}</var>
<arg>${year}-${month}-${day}</arg>
<doc>Returns the given values which can then be assigned to a variables.</doc>
<msg timestamp="20230914 11:05:55.583" level="INFO">${Today_Date} = 2023-09-21</msg>
<status status="PASS" starttime="20230914 11:05:55.583" endtime="20230914 11:05:55.583"/>
</kw>
<kw name="Evaluate" library="BuiltIn">
<var>${day_of_week}</var>
<arg>datetime.datetime.strptime('${Today_Date}', '%Y-%m-%d').strftime('%A')</arg>
<doc>Evaluates the given expression in Python and returns the result.</doc>
<msg timestamp="20230914 11:05:55.583" level="INFO">${day_of_week} = Thursday</msg>
<status status="PASS" starttime="20230914 11:05:55.583" endtime="20230914 11:05:55.583"/>
</kw>
<status status="PASS" starttime="20230914 11:05:55.583" endtime="20230914 11:05:55.583"/>
</iter>
<status status="PASS" starttime="20230914 11:05:55.572" endtime="20230914 11:05:55.583"/>
</while>
<msg timestamp="20230914 11:05:55.583" level="INFO">${dates} = ['2023-09-14', '2023-09-15', '2023-09-18', '2023-09-19', '2023-09-20']</msg>
<status status="PASS" starttime="20230914 11:05:55.572" endtime="20230914 11:05:55.583"/>
</kw>
<for flavor="IN">
<var>${i}</var>
<value>@{dates}</value>
<iter>
<var name="${i}">2023-09-14</var>
<kw name="Click Element" library="SeleniumLibrary">
<arg>${xpath_AddTak}</arg>
<doc>Click the element identified by ``locator``.</doc>
<msg timestamp="20230914 11:05:55.599" level="INFO">Clicking element 'xpath://div[text()='Add Task']'.</msg>
<status status="PASS" starttime="20230914 11:05:55.599" endtime="20230914 11:05:55.706"/>
</kw>
<kw name="Sleep" library="BuiltIn">
<arg>5</arg>
<doc>Pauses the test executed for the given time.</doc>
<msg timestamp="20230914 11:06:00.707" level="INFO">Slept 5 seconds</msg>
<status status="PASS" starttime="20230914 11:05:55.706" endtime="20230914 11:06:00.707"/>
</kw>
<kw name="Click Element" library="SeleniumLibrary">
<arg>${xpath_DailyBase_StartDate}</arg>
<doc>Click the element identified by ``locator``.</doc>
<msg timestamp="20230914 11:06:00.707" level="INFO">Clicking element 'xpath://input[@placeholder='Start date']'.</msg>
<status status="PASS" starttime="20230914 11:06:00.707" endtime="20230914 11:06:00.873"/>
</kw>
<kw name="Press Keys" library="SeleniumLibrary">
<arg>${xpath_DailyBase_StartDate}</arg>
<arg>${i}</arg>
<arg>ENTER</arg>
<doc>Simulates the user pressing key(s) to an element or on the active browser.</doc>
<msg timestamp="20230914 11:06:00.873" level="INFO">Sending key(s) ('2023-09-14', 'ENTER') to xpath://input[@placeholder='Start date'] element.</msg>
<msg timestamp="20230914 11:06:01.196" level="INFO">Sending keys 2023-09-14</msg>
<msg timestamp="20230914 11:06:01.318" level="INFO">Pressing special key ENTER to element.</msg>
<msg timestamp="20230914 11:06:01.319" level="INFO">Releasing special key ENTER.</msg>
<status status="PASS" starttime="20230914 11:06:00.873" endtime="20230914 11:06:01.382"/>
</kw>
<kw name="Press Keys" library="SeleniumLibrary">
<arg>${xpath_DailyBase_EndDate}</arg>
<arg>${i}</arg>
<arg>ENTER</arg>
<doc>Simulates the user pressing key(s) to an element or on the active browser.</doc>
<msg timestamp="20230914 11:06:01.383" level="INFO">Sending key(s) ('2023-09-14', 'ENTER') to xpath://input[@placeholder='End date'] element.</msg>
<msg timestamp="20230914 11:06:01.713" level="INFO">Sending keys 2023-09-14</msg>
<msg timestamp="20230914 11:06:01.845" level="INFO">Pressing special key ENTER to element.</msg>
<msg timestamp="20230914 11:06:01.845" level="INFO">Releasing special key ENTER.</msg>
<status status="PASS" starttime="20230914 11:06:01.382" endtime="20230914 11:06:01.975"/>
</kw>
<kw name="Sleep" library="BuiltIn">
<arg>4</arg>
<doc>Pauses the test executed for the given time.</doc>
<msg timestamp="20230914 11:06:05.976" level="INFO">Slept 4 seconds</msg>
<status status="PASS" starttime="20230914 11:06:01.976" endtime="20230914 11:06:05.976"/>
</kw>
<kw name="Press Keys" library="SeleniumLibrary">
<arg>${xpath_StartingTime}</arg>
<arg>9:00 am</arg>
<arg>ENTER</arg>
<doc>Simulates the user pressing key(s) to an element or on the active browser.</doc>
<msg timestamp="20230914 11:06:05.979" level="INFO">Sending key(s) ('9:00 am', 'ENTER') to id:basic_tasks_0_startTime element.</msg>
<msg timestamp="20230914 11:06:06.290" level="INFO">Sending keys 9:00 am</msg>
<msg timestamp="20230914 11:06:06.354" level="INFO">Pressing special key ENTER to element.</msg>
<msg timestamp="20230914 11:06:06.354" level="INFO">Releasing special key ENTER.</msg>
<status status="PASS" starttime="20230914 11:06:05.977" endtime="20230914 11:06:06.378"/>
</kw>
<kw name="Sleep" library="BuiltIn">
<arg>4</arg>
<doc>Pauses the test executed for the given time.</doc>
<msg timestamp="20230914 11:06:10.378" level="INFO">Slept 4 seconds</msg>
<status status="PASS" starttime="20230914 11:06:06.378" endtime="20230914 11:06:10.378"/>
</kw>
<kw name="Press Keys" library="SeleniumLibrary">
<arg>${xpath_EndingTime}</arg>
<arg>6:00 pm</arg>
<arg>ENTER</arg>
<doc>Simulates the user pressing key(s) to an element or on the active browser.</doc>
<msg timestamp="20230914 11:06:10.378" level="INFO">Sending key(s) ('6:00 pm', 'ENTER') to id:basic_tasks_0_endTime element.</msg>
<msg timestamp="20230914 11:06:10.688" level="INFO">Sending keys 6:00 pm</msg>
<msg timestamp="20230914 11:06:10.739" level="INFO">Pressing special key ENTER to element.</msg>
<msg timestamp="20230914 11:06:10.739" level="INFO">Releasing special key ENTER.</msg>
<status status="PASS" starttime="20230914 11:06:10.378" endtime="20230914 11:06:10.761"/>
</kw>
<kw name="Sleep" library="BuiltIn">
<arg>4</arg>
<doc>Pauses the test executed for the given time.</doc>
<msg timestamp="20230914 11:06:14.763" level="INFO">Slept 4 seconds</msg>
<status status="PASS" starttime="20230914 11:06:10.762" endtime="20230914 11:06:14.763"/>
</kw>
<kw name="Click Element" library="SeleniumLibrary">
<arg>${id_xpath_Project}</arg>
<doc>Click the element identified by ``locator``.</doc>
<msg timestamp="20230914 11:06:14.763" level="INFO">Clicking element 'id:basic_tasks_0_projectId'.</msg>
<status status="PASS" starttime="20230914 11:06:14.763" endtime="20230914 11:06:14.828"/>
</kw>
<kw name="Input Text" library="SeleniumLibrary">
<arg>${id_xpath_Project}</arg>
<arg>Rampup</arg>
<doc>Types the given ``text`` into the text field identified by ``locator``.</doc>
<msg timestamp="20230914 11:06:14.829" level="INFO">Typing text 'Rampup' into text field 'id:basic_tasks_0_projectId'.</msg>
<status status="PASS" starttime="20230914 11:06:14.828" endtime="20230914 11:06:14.918"/>
</kw>
<kw name="Press Keys" library="SeleniumLibrary">
<arg>${xpath_EnterProject}</arg>
<arg>ENTER</arg>
<doc>Simulates the user pressing key(s) to an element or on the active browser.</doc>
<msg timestamp="20230914 11:06:14.920" level="INFO">Sending key(s) ('ENTER',) to xpath://div[text()='Rampup_Software Services - Terralogic'] element.</msg>
<msg timestamp="20230914 11:06:15.242" level="INFO">Pressing special key ENTER to element.</msg>
<msg timestamp="20230914 11:06:15.242" level="INFO">Releasing special key ENTER.</msg>
<status status="PASS" starttime="20230914 11:06:14.919" endtime="20230914 11:06:15.270"/>
</kw>
<kw name="Sleep" library="BuiltIn">
<arg>4</arg>
<doc>Pauses the test executed for the given time.</doc>
<msg timestamp="20230914 11:06:19.270" level="INFO">Slept 4 seconds</msg>
<status status="PASS" starttime="20230914 11:06:15.270" endtime="20230914 11:06:19.270"/>
</kw>
<kw name="Input Text" library="SeleniumLibrary">
<arg>${id_xpath_Task}</arg>
<arg>UI Automation</arg>
<doc>Types the given ``text`` into the text field identified by ``locator``.</doc>
<msg timestamp="20230914 11:06:19.270" level="INFO">Typing text 'UI Automation' into text field 'id:basic_tasks_0_taskName'.</msg>
<status status="PASS" starttime="20230914 11:06:19.270" endtime="20230914 11:06:19.598"/>
</kw>
<kw name="Sleep" library="BuiltIn">
<arg>2</arg>
<doc>Pauses the test executed for the given time.</doc>
<msg timestamp="20230914 11:06:21.599" level="INFO">Slept 2 seconds</msg>
<status status="PASS" starttime="20230914 11:06:19.598" endtime="20230914 11:06:21.599"/>
</kw>
<kw name="Input Text" library="SeleniumLibrary">
<arg>${id_xpath_Description}</arg>
<arg>Worked on assignments</arg>
<doc>Types the given ``text`` into the text field identified by ``locator``.</doc>
<msg timestamp="20230914 11:06:21.599" level="INFO">Typing text 'Worked on assignments' into text field 'id:basic_tasks_0_notes'.</msg>
<status status="PASS" starttime="20230914 11:06:21.599" endtime="20230914 11:06:22.117"/>
</kw>
<kw name="Sleep" library="BuiltIn">
<arg>2</arg>
<doc>Pauses the test executed for the given time.</doc>
<msg timestamp="20230914 11:06:24.118" level="INFO">Slept 2 seconds</msg>
<status status="PASS" starttime="20230914 11:06:22.117" endtime="20230914 11:06:24.118"/>
</kw>
<kw name="Click Element" library="SeleniumLibrary">
<arg>${xpath_TimeSheetSubmit}</arg>
<doc>Click the element identified by ``locator``.</doc>
<msg timestamp="20230914 11:06:24.118" level="INFO">Clicking element 'xpath://div[text()='Submit']'.</msg>
<status status="PASS" starttime="20230914 11:06:24.118" endtime="20230914 11:06:24.217"/>
</kw>
<kw name="Sleep" library="BuiltIn">
<arg>40</arg>
<doc>Pauses the test executed for the given time.</doc>
<msg timestamp="20230914 11:07:04.218" level="INFO">Slept 40 seconds</msg>
<status status="PASS" starttime="20230914 11:06:24.217" endtime="20230914 11:07:04.218"/>
</kw>
<status status="PASS" starttime="20230914 11:05:55.583" endtime="20230914 11:07:04.218"/>
</iter>
<iter>
<var name="${i}">2023-09-15</var>
<kw name="Click Element" library="SeleniumLibrary">
<arg>${xpath_AddTak}</arg>
<doc>Click the element identified by ``locator``.</doc>
<msg timestamp="20230914 11:07:04.218" level="INFO">Clicking element 'xpath://div[text()='Add Task']'.</msg>
<status status="PASS" starttime="20230914 11:07:04.218" endtime="20230914 11:07:04.308"/>
</kw>
<kw name="Sleep" library="BuiltIn">
<arg>5</arg>
<doc>Pauses the test executed for the given time.</doc>
<msg timestamp="20230914 11:07:09.309" level="INFO">Slept 5 seconds</msg>
<status status="PASS" starttime="20230914 11:07:04.308" endtime="20230914 11:07:09.309"/>
</kw>
<kw name="Click Element" library="SeleniumLibrary">
<arg>${xpath_DailyBase_StartDate}</arg>
<doc>Click the element identified by ``locator``.</doc>
<msg timestamp="20230914 11:07:09.309" level="INFO">Clicking element 'xpath://input[@placeholder='Start date']'.</msg>
<status status="PASS" starttime="20230914 11:07:09.309" endtime="20230914 11:07:09.462"/>
</kw>
<kw name="Press Keys" library="SeleniumLibrary">
<arg>${xpath_DailyBase_StartDate}</arg>
<arg>${i}</arg>
<arg>ENTER</arg>
<doc>Simulates the user pressing key(s) to an element or on the active browser.</doc>
<msg timestamp="20230914 11:07:09.466" level="INFO">Sending key(s) ('2023-09-15', 'ENTER') to xpath://input[@placeholder='Start date'] element.</msg>
<msg timestamp="20230914 11:07:09.801" level="INFO">Sending keys 2023-09-15</msg>
<msg timestamp="20230914 11:07:09.895" level="INFO">Pressing special key ENTER to element.</msg>
<msg timestamp="20230914 11:07:09.895" level="INFO">Releasing special key ENTER.</msg>
<status status="PASS" starttime="20230914 11:07:09.462" endtime="20230914 11:07:09.935"/>
</kw>
<kw name="Press Keys" library="SeleniumLibrary">
<arg>${xpath_DailyBase_EndDate}</arg>
<arg>${i}</arg>
<arg>ENTER</arg>
<doc>Simulates the user pressing key(s) to an element or on the active browser.</doc>
<msg timestamp="20230914 11:07:09.945" level="INFO">Sending key(s) ('2023-09-15', 'ENTER') to xpath://input[@placeholder='End date'] element.</msg>
<msg timestamp="20230914 11:07:10.260" level="INFO">Sending keys 2023-09-15</msg>
<msg timestamp="20230914 11:07:10.353" level="INFO">Pressing special key ENTER to element.</msg>
<msg timestamp="20230914 11:07:10.353" level="INFO">Releasing special key ENTER.</msg>
<status status="PASS" starttime="20230914 11:07:09.935" endtime="20230914 11:07:10.460"/>
</kw>
<kw name="Sleep" library="BuiltIn">
<arg>4</arg>
<doc>Pauses the test executed for the given time.</doc>
<msg timestamp="20230914 11:07:14.461" level="INFO">Slept 4 seconds</msg>
<status status="PASS" starttime="20230914 11:07:10.460" endtime="20230914 11:07:14.461"/>
</kw>
<kw name="Press Keys" library="SeleniumLibrary">
<arg>${xpath_StartingTime}</arg>
<arg>9:00 am</arg>
<arg>ENTER</arg>
<doc>Simulates the user pressing key(s) to an element or on the active browser.</doc>
<msg timestamp="20230914 11:07:14.461" level="INFO">Sending key(s) ('9:00 am', 'ENTER') to id:basic_tasks_0_startTime element.</msg>
<msg timestamp="20230914 11:07:14.756" level="INFO">Sending keys 9:00 am</msg>
<msg timestamp="20230914 11:07:14.800" level="INFO">Pressing special key ENTER to element.</msg>
<msg timestamp="20230914 11:07:14.800" level="INFO">Releasing special key ENTER.</msg>
<status status="PASS" starttime="20230914 11:07:14.461" endtime="20230914 11:07:14.823"/>
</kw>
<kw name="Sleep" library="BuiltIn">
<arg>4</arg>
<doc>Pauses the test executed for the given time.</doc>
<msg timestamp="20230914 11:07:18.824" level="INFO">Slept 4 seconds</msg>
<status status="PASS" starttime="20230914 11:07:14.824" endtime="20230914 11:07:18.824"/>
</kw>
<kw name="Press Keys" library="SeleniumLibrary">
<arg>${xpath_EndingTime}</arg>
<arg>6:00 pm</arg>
<arg>ENTER</arg>
<doc>Simulates the user pressing key(s) to an element or on the active browser.</doc>
<msg timestamp="20230914 11:07:18.824" level="INFO">Sending key(s) ('6:00 pm', 'ENTER') to id:basic_tasks_0_endTime element.</msg>
<msg timestamp="20230914 11:07:19.111" level="INFO">Sending keys 6:00 pm</msg>
<msg timestamp="20230914 11:07:19.160" level="INFO">Pressing special key ENTER to element.</msg>
<msg timestamp="20230914 11:07:19.160" level="INFO">Releasing special key ENTER.</msg>
<status status="PASS" starttime="20230914 11:07:18.824" endtime="20230914 11:07:19.192"/>
</kw>
<kw name="Sleep" library="BuiltIn">
<arg>4</arg>
<doc>Pauses the test executed for the given time.</doc>
<msg timestamp="20230914 11:07:23.193" level="INFO">Slept 4 seconds</msg>
<status status="PASS" starttime="20230914 11:07:19.192" endtime="20230914 11:07:23.193"/>
</kw>
<kw name="Click Element" library="SeleniumLibrary">
<arg>${id_xpath_Project}</arg>
<doc>Click the element identified by ``locator``.</doc>
<msg timestamp="20230914 11:07:23.193" level="INFO">Clicking element 'id:basic_tasks_0_projectId'.</msg>
<status status="PASS" starttime="20230914 11:07:23.193" endtime="20230914 11:07:23.265"/>
</kw>
<kw name="Input Text" library="SeleniumLibrary">
<arg>${id_xpath_Project}</arg>
<arg>Rampup</arg>
<doc>Types the given ``text`` into the text field identified by ``locator``.</doc>
<msg timestamp="20230914 11:07:23.266" level="INFO">Typing text 'Rampup' into text field 'id:basic_tasks_0_projectId'.</msg>
<status status="PASS" starttime="20230914 11:07:23.265" endtime="20230914 11:07:23.369"/>
</kw>
<kw name="Press Keys" library="SeleniumLibrary">
<arg>${xpath_EnterProject}</arg>
<arg>ENTER</arg>
<doc>Simulates the user pressing key(s) to an element or on the active browser.</doc>
<msg timestamp="20230914 11:07:23.369" level="INFO">Sending key(s) ('ENTER',) to xpath://div[text()='Rampup_Software Services - Terralogic'] element.</msg>
<msg timestamp="20230914 11:07:23.694" level="INFO">Pressing special key ENTER to element.</msg>
<msg timestamp="20230914 11:07:23.694" level="INFO">Releasing special key ENTER.</msg>
<status status="PASS" starttime="20230914 11:07:23.369" endtime="20230914 11:07:23.708"/>
</kw>
<kw name="Sleep" library="BuiltIn">
<arg>4</arg>
<doc>Pauses the test executed for the given time.</doc>
<msg timestamp="20230914 11:07:27.708" level="INFO">Slept 4 seconds</msg>
<status status="PASS" starttime="20230914 11:07:23.708" endtime="20230914 11:07:27.708"/>
</kw>
<kw name="Input Text" library="SeleniumLibrary">
<arg>${id_xpath_Task}</arg>
<arg>UI Automation</arg>
<doc>Types the given ``text`` into the text field identified by ``locator``.</doc>
<msg timestamp="20230914 11:07:27.708" level="INFO">Typing text 'UI Automation' into text field 'id:basic_tasks_0_taskName'.</msg>
<status status="PASS" starttime="20230914 11:07:27.708" endtime="20230914 11:07:28.027"/>
</kw>
<kw name="Sleep" library="BuiltIn">
<arg>2</arg>
<doc>Pauses the test executed for the given time.</doc>
<msg timestamp="20230914 11:07:30.028" level="INFO">Slept 2 seconds</msg>
<status status="PASS" starttime="20230914 11:07:28.027" endtime="20230914 11:07:30.028"/>
</kw>
<kw name="Input Text" library="SeleniumLibrary">
<arg>${id_xpath_Description}</arg>
<arg>Worked on assignments</arg>
<doc>Types the given ``text`` into the text field identified by ``locator``.</doc>
<msg timestamp="20230914 11:07:30.028" level="INFO">Typing text 'Worked on assignments' into text field 'id:basic_tasks_0_notes'.</msg>
<status status="PASS" starttime="20230914 11:07:30.028" endtime="20230914 11:07:30.511"/>
</kw>
<kw name="Sleep" library="BuiltIn">
<arg>2</arg>
<doc>Pauses the test executed for the given time.</doc>
<msg timestamp="20230914 11:07:32.513" level="INFO">Slept 2 seconds</msg>
<status status="PASS" starttime="20230914 11:07:30.512" endtime="20230914 11:07:32.513"/>
</kw>
<kw name="Click Element" library="SeleniumLibrary">
<arg>${xpath_TimeSheetSubmit}</arg>
<doc>Click the element identified by ``locator``.</doc>
<msg timestamp="20230914 11:07:32.513" level="INFO">Clicking element 'xpath://div[text()='Submit']'.</msg>
<status status="PASS" starttime="20230914 11:07:32.513" endtime="20230914 11:07:32.602"/>
</kw>
<kw name="Sleep" library="BuiltIn">
<arg>40</arg>
<doc>Pauses the test executed for the given time.</doc>
<msg timestamp="20230914 11:08:12.603" level="INFO">Slept 40 seconds</msg>
<status status="PASS" starttime="20230914 11:07:32.602" endtime="20230914 11:08:12.603"/>
</kw>
<status status="PASS" starttime="20230914 11:07:04.218" endtime="20230914 11:08:12.603"/>
</iter>
<iter>
<var name="${i}">2023-09-18</var>
<kw name="Click Element" library="SeleniumLibrary">
<arg>${xpath_AddTak}</arg>
<doc>Click the element identified by ``locator``.</doc>
<msg timestamp="20230914 11:08:12.603" level="INFO">Clicking element 'xpath://div[text()='Add Task']'.</msg>
<status status="PASS" starttime="20230914 11:08:12.603" endtime="20230914 11:08:12.702"/>
</kw>
<kw name="Sleep" library="BuiltIn">
<arg>5</arg>
<doc>Pauses the test executed for the given time.</doc>
<msg timestamp="20230914 11:08:17.703" level="INFO">Slept 5 seconds</msg>
<status status="PASS" starttime="20230914 11:08:12.702" endtime="20230914 11:08:17.703"/>
</kw>
<kw name="Click Element" library="SeleniumLibrary">
<arg>${xpath_DailyBase_StartDate}</arg>
<doc>Click the element identified by ``locator``.</doc>
<msg timestamp="20230914 11:08:17.703" level="INFO">Clicking element 'xpath://input[@placeholder='Start date']'.</msg>
<status status="PASS" starttime="20230914 11:08:17.703" endtime="20230914 11:08:17.851"/>
</kw>
<kw name="Press Keys" library="SeleniumLibrary">
<arg>${xpath_DailyBase_StartDate}</arg>
<arg>${i}</arg>
<arg>ENTER</arg>
<doc>Simulates the user pressing key(s) to an element or on the active browser.</doc>
<msg timestamp="20230914 11:08:17.851" level="INFO">Sending key(s) ('2023-09-18', 'ENTER') to xpath://input[@placeholder='Start date'] element.</msg>
<msg timestamp="20230914 11:08:18.181" level="INFO">Sending keys 2023-09-18</msg>
<msg timestamp="20230914 11:08:18.273" level="INFO">Pressing special key ENTER to element.</msg>
<msg timestamp="20230914 11:08:18.273" level="INFO">Releasing special key ENTER.</msg>
<status status="PASS" starttime="20230914 11:08:17.851" endtime="20230914 11:08:18.323"/>
</kw>
<kw name="Press Keys" library="SeleniumLibrary">
<arg>${xpath_DailyBase_EndDate}</arg>
<arg>${i}</arg>
<arg>ENTER</arg>
<doc>Simulates the user pressing key(s) to an element or on the active browser.</doc>
<msg timestamp="20230914 11:08:18.324" level="INFO">Sending key(s) ('2023-09-18', 'ENTER') to xpath://input[@placeholder='End date'] element.</msg>
<msg timestamp="20230914 11:08:18.657" level="INFO">Sending keys 2023-09-18</msg>
<msg timestamp="20230914 11:08:18.772" level="INFO">Pressing special key ENTER to element.</msg>
<msg timestamp="20230914 11:08:18.772" level="INFO">Releasing special key ENTER.</msg>
<status status="PASS" starttime="20230914 11:08:18.323" endtime="20230914 11:08:18.886"/>
</kw>
<kw name="Sleep" library="BuiltIn">
<arg>4</arg>
<doc>Pauses the test executed for the given time.</doc>
<msg timestamp="20230914 11:08:22.887" level="INFO">Slept 4 seconds</msg>
<status status="PASS" starttime="20230914 11:08:18.886" endtime="20230914 11:08:22.887"/>
</kw>
<kw name="Press Keys" library="SeleniumLibrary">
<arg>${xpath_StartingTime}</arg>
<arg>9:00 am</arg>
<arg>ENTER</arg>
<doc>Simulates the user pressing key(s) to an element or on the active browser.</doc>
<msg timestamp="20230914 11:08:22.887" level="INFO">Sending key(s) ('9:00 am', 'ENTER') to id:basic_tasks_0_startTime element.</msg>
<msg timestamp="20230914 11:08:23.204" level="INFO">Sending keys 9:00 am</msg>
<msg timestamp="20230914 11:08:23.262" level="INFO">Pressing special key ENTER to element.</msg>
<msg timestamp="20230914 11:08:23.262" level="INFO">Releasing special key ENTER.</msg>
<status status="PASS" starttime="20230914 11:08:22.887" endtime="20230914 11:08:23.300"/>
</kw>
<kw name="Sleep" library="BuiltIn">
<arg>4</arg>
<doc>Pauses the test executed for the given time.</doc>
<msg timestamp="20230914 11:08:27.300" level="INFO">Slept 4 seconds</msg>
<status status="PASS" starttime="20230914 11:08:23.300" endtime="20230914 11:08:27.300"/>
</kw>
<kw name="Press Keys" library="SeleniumLibrary">
<arg>${xpath_EndingTime}</arg>
<arg>6:00 pm</arg>
<arg>ENTER</arg>
<doc>Simulates the user pressing key(s) to an element or on the active browser.</doc>
<msg timestamp="20230914 11:08:27.300" level="INFO">Sending key(s) ('6:00 pm', 'ENTER') to id:basic_tasks_0_endTime element.</msg>
<msg timestamp="20230914 11:08:27.597" level="INFO">Sending keys 6:00 pm</msg>
<msg timestamp="20230914 11:08:27.654" level="INFO">Pressing special key ENTER to element.</msg>
<msg timestamp="20230914 11:08:27.654" level="INFO">Releasing special key ENTER.</msg>
<status status="PASS" starttime="20230914 11:08:27.300" endtime="20230914 11:08:27.682"/>
</kw>
<kw name="Sleep" library="BuiltIn">
<arg>4</arg>
<doc>Pauses the test executed for the given time.</doc>
<msg timestamp="20230914 11:08:31.683" level="INFO">Slept 4 seconds</msg>
<status status="PASS" starttime="20230914 11:08:27.682" endtime="20230914 11:08:31.683"/>
</kw>
<kw name="Click Element" library="SeleniumLibrary">
<arg>${id_xpath_Project}</arg>
<doc>Click the element identified by ``locator``.</doc>
<msg timestamp="20230914 11:08:31.683" level="INFO">Clicking element 'id:basic_tasks_0_projectId'.</msg>
<status status="PASS" starttime="20230914 11:08:31.683" endtime="20230914 11:08:31.747"/>
</kw>
<kw name="Input Text" library="SeleniumLibrary">
<arg>${id_xpath_Project}</arg>
<arg>Rampup</arg>
<doc>Types the given ``text`` into the text field identified by ``locator``.</doc>
<msg timestamp="20230914 11:08:31.747" level="INFO">Typing text 'Rampup' into text field 'id:basic_tasks_0_projectId'.</msg>
<status status="PASS" starttime="20230914 11:08:31.747" endtime="20230914 11:08:31.855"/>
</kw>
<kw name="Press Keys" library="SeleniumLibrary">
<arg>${xpath_EnterProject}</arg>
<arg>ENTER</arg>
<doc>Simulates the user pressing key(s) to an element or on the active browser.</doc>
<msg timestamp="20230914 11:08:31.855" level="INFO">Sending key(s) ('ENTER',) to xpath://div[text()='Rampup_Software Services - Terralogic'] element.</msg>
<msg timestamp="20230914 11:08:32.191" level="INFO">Pressing special key ENTER to element.</msg>
<msg timestamp="20230914 11:08:32.191" level="INFO">Releasing special key ENTER.</msg>
<status status="PASS" starttime="20230914 11:08:31.855" endtime="20230914 11:08:32.199"/>
</kw>
<kw name="Sleep" library="BuiltIn">
<arg>4</arg>
<doc>Pauses the test executed for the given time.</doc>
<msg timestamp="20230914 11:08:36.200" level="INFO">Slept 4 seconds</msg>
<status status="PASS" starttime="20230914 11:08:32.199" endtime="20230914 11:08:36.200"/>
</kw>
<kw name="Input Text" library="SeleniumLibrary">
<arg>${id_xpath_Task}</arg>
<arg>UI Automation</arg>
<doc>Types the given ``text`` into the text field identified by ``locator``.</doc>
<msg timestamp="20230914 11:08:36.200" level="INFO">Typing text 'UI Automation' into text field 'id:basic_tasks_0_taskName'.</msg>
<status status="PASS" starttime="20230914 11:08:36.200" endtime="20230914 11:08:36.465"/>
</kw>
<kw name="Sleep" library="BuiltIn">
<arg>2</arg>
<doc>Pauses the test executed for the given time.</doc>
<msg timestamp="20230914 11:08:38.466" level="INFO">Slept 2 seconds</msg>
<status status="PASS" starttime="20230914 11:08:36.466" endtime="20230914 11:08:38.466"/>
</kw>
<kw name="Input Text" library="SeleniumLibrary">
<arg>${id_xpath_Description}</arg>
<arg>Worked on assignments</arg>
<doc>Types the given ``text`` into the text field identified by ``locator``.</doc>
<msg timestamp="20230914 11:08:38.466" level="INFO">Typing text 'Worked on assignments' into text field 'id:basic_tasks_0_notes'.</msg>
<status status="PASS" starttime="20230914 11:08:38.466" endtime="20230914 11:08:38.860"/>
</kw>
<kw name="Sleep" library="BuiltIn">
<arg>2</arg>
<doc>Pauses the test executed for the given time.</doc>
<msg timestamp="20230914 11:08:40.862" level="INFO">Slept 2 seconds</msg>
<status status="PASS" starttime="20230914 11:08:38.861" endtime="20230914 11:08:40.862"/>
</kw>
<kw name="Click Element" library="SeleniumLibrary">
<arg>${xpath_TimeSheetSubmit}</arg>
<doc>Click the element identified by ``locator``.</doc>
<msg timestamp="20230914 11:08:40.862" level="INFO">Clicking element 'xpath://div[text()='Submit']'.</msg>
<status status="PASS" starttime="20230914 11:08:40.862" endtime="20230914 11:08:40.941"/>
</kw>
<kw name="Sleep" library="BuiltIn">
<arg>40</arg>
<doc>Pauses the test executed for the given time.</doc>
<msg timestamp="20230914 11:09:20.941" level="INFO">Slept 40 seconds</msg>
<status status="PASS" starttime="20230914 11:08:40.941" endtime="20230914 11:09:20.941"/>
</kw>
<status status="PASS" starttime="20230914 11:08:12.603" endtime="20230914 11:09:20.941"/>
</iter>
<iter>
<var name="${i}">2023-09-19</var>
<kw name="Click Element" library="SeleniumLibrary">
<arg>${xpath_AddTak}</arg>
<doc>Click the element identified by ``locator``.</doc>
<msg timestamp="20230914 11:09:20.941" level="INFO">Clicking element 'xpath://div[text()='Add Task']'.</msg>
<status status="PASS" starttime="20230914 11:09:20.941" endtime="20230914 11:09:21.063"/>
</kw>
<kw name="Sleep" library="BuiltIn">
<arg>5</arg>
<doc>Pauses the test executed for the given time.</doc>
<msg timestamp="20230914 11:09:26.064" level="INFO">Slept 5 seconds</msg>
<status status="PASS" starttime="20230914 11:09:21.063" endtime="20230914 11:09:26.064"/>
</kw>
<kw name="Click Element" library="SeleniumLibrary">
<arg>${xpath_DailyBase_StartDate}</arg>
<doc>Click the element identified by ``locator``.</doc>
<msg timestamp="20230914 11:09:26.064" level="INFO">Clicking element 'xpath://input[@placeholder='Start date']'.</msg>
<status status="PASS" starttime="20230914 11:09:26.064" endtime="20230914 11:09:26.218"/>
</kw>
<kw name="Press Keys" library="SeleniumLibrary">
<arg>${xpath_DailyBase_StartDate}</arg>
<arg>${i}</arg>
<arg>ENTER</arg>
<doc>Simulates the user pressing key(s) to an element or on the active browser.</doc>
<msg timestamp="20230914 11:09:26.218" level="INFO">Sending key(s) ('2023-09-19', 'ENTER') to xpath://input[@placeholder='Start date'] element.</msg>
<msg timestamp="20230914 11:09:26.542" level="INFO">Sending keys 2023-09-19</msg>
<msg timestamp="20230914 11:09:26.674" level="INFO">Pressing special key ENTER to element.</msg>
<msg timestamp="20230914 11:09:26.674" level="INFO">Releasing special key ENTER.</msg>
<status status="PASS" starttime="20230914 11:09:26.218" endtime="20230914 11:09:26.734"/>
</kw>
<kw name="Press Keys" library="SeleniumLibrary">
<arg>${xpath_DailyBase_EndDate}</arg>
<arg>${i}</arg>
<arg>ENTER</arg>
<doc>Simulates the user pressing key(s) to an element or on the active browser.</doc>
<msg timestamp="20230914 11:09:26.736" level="INFO">Sending key(s) ('2023-09-19', 'ENTER') to xpath://input[@placeholder='End date'] element.</msg>
<msg timestamp="20230914 11:09:27.073" level="INFO">Sending keys 2023-09-19</msg>
<msg timestamp="20230914 11:09:27.166" level="INFO">Pressing special key ENTER to element.</msg>
<msg timestamp="20230914 11:09:27.166" level="INFO">Releasing special key ENTER.</msg>
<status status="PASS" starttime="20230914 11:09:26.734" endtime="20230914 11:09:27.302"/>
</kw>
<kw name="Sleep" library="BuiltIn">
<arg>4</arg>
<doc>Pauses the test executed for the given time.</doc>
<msg timestamp="20230914 11:09:31.304" level="INFO">Slept 4 seconds</msg>
<status status="PASS" starttime="20230914 11:09:27.303" endtime="20230914 11:09:31.304"/>
</kw>
<kw name="Press Keys" library="SeleniumLibrary">
<arg>${xpath_StartingTime}</arg>
<arg>9:00 am</arg>
<arg>ENTER</arg>
<doc>Simulates the user pressing key(s) to an element or on the active browser.</doc>
<msg timestamp="20230914 11:09:31.304" level="INFO">Sending key(s) ('9:00 am', 'ENTER') to id:basic_tasks_0_startTime element.</msg>
<msg timestamp="20230914 11:09:31.598" level="INFO">Sending keys 9:00 am</msg>
<msg timestamp="20230914 11:09:31.648" level="INFO">Pressing special key ENTER to element.</msg>
<msg timestamp="20230914 11:09:31.648" level="INFO">Releasing special key ENTER.</msg>
<status status="PASS" starttime="20230914 11:09:31.304" endtime="20230914 11:09:31.678"/>
</kw>
<kw name="Sleep" library="BuiltIn">
<arg>4</arg>
<doc>Pauses the test executed for the given time.</doc>
<msg timestamp="20230914 11:09:35.678" level="INFO">Slept 4 seconds</msg>
<status status="PASS" starttime="20230914 11:09:31.678" endtime="20230914 11:09:35.678"/>
</kw>
<kw name="Press Keys" library="SeleniumLibrary">
<arg>${xpath_EndingTime}</arg>
<arg>6:00 pm</arg>
<arg>ENTER</arg>
<doc>Simulates the user pressing key(s) to an element or on the active browser.</doc>
<msg timestamp="20230914 11:09:35.680" level="INFO">Sending key(s) ('6:00 pm', 'ENTER') to id:basic_tasks_0_endTime element.</msg>
<msg timestamp="20230914 11:09:35.974" level="INFO">Sending keys 6:00 pm</msg>
<msg timestamp="20230914 11:09:36.015" level="INFO">Pressing special key ENTER to element.</msg>
<msg timestamp="20230914 11:09:36.015" level="INFO">Releasing special key ENTER.</msg>
<status status="PASS" starttime="20230914 11:09:35.678" endtime="20230914 11:09:36.053"/>
</kw>
<kw name="Sleep" library="BuiltIn">
<arg>4</arg>
<doc>Pauses the test executed for the given time.</doc>
<msg timestamp="20230914 11:09:40.053" level="INFO">Slept 4 seconds</msg>
<status status="PASS" starttime="20230914 11:09:36.053" endtime="20230914 11:09:40.053"/>
</kw>
<kw name="Click Element" library="SeleniumLibrary">
<arg>${id_xpath_Project}</arg>
<doc>Click the element identified by ``locator``.</doc>
<msg timestamp="20230914 11:09:40.053" level="INFO">Clicking element 'id:basic_tasks_0_projectId'.</msg>
<status status="PASS" starttime="20230914 11:09:40.053" endtime="20230914 11:09:40.117"/>
</kw>
<kw name="Input Text" library="SeleniumLibrary">
<arg>${id_xpath_Project}</arg>
<arg>Rampup</arg>
<doc>Types the given ``text`` into the text field identified by ``locator``.</doc>
<msg timestamp="20230914 11:09:40.117" level="INFO">Typing text 'Rampup' into text field 'id:basic_tasks_0_projectId'.</msg>
<status status="PASS" starttime="20230914 11:09:40.117" endtime="20230914 11:09:40.212"/>
</kw>
<kw name="Press Keys" library="SeleniumLibrary">
<arg>${xpath_EnterProject}</arg>
<arg>ENTER</arg>
<doc>Simulates the user pressing key(s) to an element or on the active browser.</doc>
<msg timestamp="20230914 11:09:40.212" level="INFO">Sending key(s) ('ENTER',) to xpath://div[text()='Rampup_Software Services - Terralogic'] element.</msg>
<msg timestamp="20230914 11:09:40.527" level="INFO">Pressing special key ENTER to element.</msg>
<msg timestamp="20230914 11:09:40.528" level="INFO">Releasing special key ENTER.</msg>
<status status="PASS" starttime="20230914 11:09:40.212" endtime="20230914 11:09:40.535"/>
</kw>
<kw name="Sleep" library="BuiltIn">
<arg>4</arg>
<doc>Pauses the test executed for the given time.</doc>
<msg timestamp="20230914 11:09:44.536" level="INFO">Slept 4 seconds</msg>
<status status="PASS" starttime="20230914 11:09:40.535" endtime="20230914 11:09:44.536"/>
</kw>
<kw name="Input Text" library="SeleniumLibrary">
<arg>${id_xpath_Task}</arg>
<arg>UI Automation</arg>
<doc>Types the given ``text`` into the text field identified by ``locator``.</doc>
<msg timestamp="20230914 11:09:44.536" level="INFO">Typing text 'UI Automation' into text field 'id:basic_tasks_0_taskName'.</msg>
<status status="PASS" starttime="20230914 11:09:44.536" endtime="20230914 11:09:44.863"/>
</kw>
<kw name="Sleep" library="BuiltIn">
<arg>2</arg>
<doc>Pauses the test executed for the given time.</doc>
<msg timestamp="20230914 11:09:46.864" level="INFO">Slept 2 seconds</msg>
<status status="PASS" starttime="20230914 11:09:44.863" endtime="20230914 11:09:46.864"/>
</kw>
<kw name="Input Text" library="SeleniumLibrary">
<arg>${id_xpath_Description}</arg>
<arg>Worked on assignments</arg>
<doc>Types the given ``text`` into the text field identified by ``locator``.</doc>
<msg timestamp="20230914 11:09:46.864" level="INFO">Typing text 'Worked on assignments' into text field 'id:basic_tasks_0_notes'.</msg>
<status status="PASS" starttime="20230914 11:09:46.864" endtime="20230914 11:09:47.404"/>
</kw>
<kw name="Sleep" library="BuiltIn">
<arg>2</arg>
<doc>Pauses the test executed for the given time.</doc>
<msg timestamp="20230914 11:09:49.404" level="INFO">Slept 2 seconds</msg>
<status status="PASS" starttime="20230914 11:09:47.404" endtime="20230914 11:09:49.404"/>
</kw>
<kw name="Click Element" library="SeleniumLibrary">
<arg>${xpath_TimeSheetSubmit}</arg>
<doc>Click the element identified by ``locator``.</doc>
<msg timestamp="20230914 11:09:49.404" level="INFO">Clicking element 'xpath://div[text()='Submit']'.</msg>
<status status="PASS" starttime="20230914 11:09:49.404" endtime="20230914 11:09:49.482"/>
</kw>
<kw name="Sleep" library="BuiltIn">
<arg>40</arg>
<doc>Pauses the test executed for the given time.</doc>
<msg timestamp="20230914 11:10:29.482" level="INFO">Slept 40 seconds</msg>
<status status="PASS" starttime="20230914 11:09:49.482" endtime="20230914 11:10:29.482"/>
</kw>
<status status="PASS" starttime="20230914 11:09:20.941" endtime="20230914 11:10:29.482"/>
</iter>
<iter>
<var name="${i}">2023-09-20</var>
<kw name="Click Element" library="SeleniumLibrary">
<arg>${xpath_AddTak}</arg>
<doc>Click the element identified by ``locator``.</doc>
<msg timestamp="20230914 11:10:29.482" level="INFO">Clicking element 'xpath://div[text()='Add Task']'.</msg>
<msg timestamp="20230914 11:10:30.676" level="INFO" html="true">&lt;/td&gt;&lt;/tr&gt;&lt;tr&gt;&lt;td colspan="3"&gt;&lt;a href="selenium-screenshot-5.png"&gt;&lt;img src="selenium-screenshot-5.png" width="800px"&gt;&lt;/a&gt;</msg>
<msg timestamp="20230914 11:10:30.676" level="FAIL">ElementClickInterceptedException: Message: element click intercepted: Element &lt;div&gt;...&lt;/div&gt; is not clickable at point (1456, 164). Other element would receive the click: &lt;div tabindex="-1" class="ant-modal-wrap ant-modal-centered"&gt;...&lt;/div&gt;
  (Session info: chrome=116.0.5845.180)
Stacktrace:
	GetHandleVerifier [0x00007FF672BE52A2+57122]
	(No symbol) [0x00007FF672B5EA92]
	(No symbol) [0x00007FF672A2E3AB]
	(No symbol) [0x00007FF672A6D783]
	(No symbol) [0x00007FF672A6BD5F]
	(No symbol) [0x00007FF672A69DC8]
	(No symbol) [0x00007FF672A68FD5]
	(No symbol) [0x00007FF672A5F25F]
	(No symbol) [0x00007FF672A86FDA]
	(No symbol) [0x00007FF672A5EB76]
	(No symbol) [0x00007FF672A871F0]
	(No symbol) [0x00007FF672A9EB82]
	(No symbol) [0x00007FF672A86DB3]
	(No symbol) [0x00007FF672A5D2B1]
	(No symbol) [0x00007FF672A5E494]
	GetHandleVerifier [0x00007FF672E8EF82+2849794]
	GetHandleVerifier [0x00007FF672EE1D24+3189156]
	GetHandleVerifier [0x00007FF672EDACAF+3160367]
	GetHandleVerifier [0x00007FF672C76D06+653702]
	(No symbol) [0x00007FF672B6A208]
	(No symbol) [0x00007FF672B662C4]
	(No symbol) [0x00007FF672B663F6]
	(No symbol) [0x00007FF672B567A3]
	BaseThreadInitThunk [0x00007FF9404D26AD+29]
	RtlUserThreadStart [0x00007FF94248AA68+40]
</msg>
<status status="FAIL" starttime="20230914 11:10:29.482" endtime="20230914 11:10:30.691"/>
</kw>
<kw name="Sleep" library="BuiltIn">
<arg>5</arg>
<doc>Pauses the test executed for the given time.</doc>
<status status="NOT RUN" starttime="20230914 11:10:30.691" endtime="20230914 11:10:30.691"/>
</kw>
<kw name="Click Element" library="SeleniumLibrary">
<arg>${xpath_DailyBase_StartDate}</arg>
<doc>Click the element identified by ``locator``.</doc>
<status status="NOT RUN" starttime="20230914 11:10:30.691" endtime="20230914 11:10:30.691"/>
</kw>
<kw name="Press Keys" library="SeleniumLibrary">
<arg>${xpath_DailyBase_StartDate}</arg>
<arg>${i}</arg>
<arg>ENTER</arg>
<doc>Simulates the user pressing key(s) to an element or on the active browser.</doc>
<status status="NOT RUN" starttime="20230914 11:10:30.691" endtime="20230914 11:10:30.691"/>
</kw>
<kw name="Press Keys" library="SeleniumLibrary">
<arg>${xpath_DailyBase_EndDate}</arg>
<arg>${i}</arg>
<arg>ENTER</arg>
<doc>Simulates the user pressing key(s) to an element or on the active browser.</doc>
<status status="NOT RUN" starttime="20230914 11:10:30.691" endtime="20230914 11:10:30.691"/>
</kw>
<kw name="Sleep" library="BuiltIn">
<arg>4</arg>
<doc>Pauses the test executed for the given time.</doc>
<status status="NOT RUN" starttime="20230914 11:10:30.691" endtime="20230914 11:10:30.691"/>
</kw>
<kw name="Press Keys" library="SeleniumLibrary">
<arg>${xpath_StartingTime}</arg>
<arg>9:00 am</arg>
<arg>ENTER</arg>
<doc>Simulates the user pressing key(s) to an element or on the active browser.</doc>
<status status="NOT RUN" starttime="20230914 11:10:30.691" endtime="20230914 11:10:30.691"/>
</kw>
<kw name="Sleep" library="BuiltIn">
<arg>4</arg>
<doc>Pauses the test executed for the given time.</doc>
<status status="NOT RUN" starttime="20230914 11:10:30.691" endtime="20230914 11:10:30.691"/>
</kw>
<kw name="Press Keys" library="SeleniumLibrary">
<arg>${xpath_EndingTime}</arg>
<arg>6:00 pm</arg>
<arg>ENTER</arg>
<doc>Simulates the user pressing key(s) to an element or on the active browser.</doc>
<status status="NOT RUN" starttime="20230914 11:10:30.691" endtime="20230914 11:10:30.691"/>
</kw>
<kw name="Sleep" library="BuiltIn">
<arg>4</arg>
<doc>Pauses the test executed for the given time.</doc>
<status status="NOT RUN" starttime="20230914 11:10:30.691" endtime="20230914 11:10:30.691"/>
</kw>
<kw name="Click Element" library="SeleniumLibrary">
<arg>${id_xpath_Project}</arg>
<doc>Click the element identified by ``locator``.</doc>
<status status="NOT RUN" starttime="20230914 11:10:30.691" endtime="20230914 11:10:30.691"/>
</kw>
<kw name="Input Text" library="SeleniumLibrary">
<arg>${id_xpath_Project}</arg>
<arg>Rampup</arg>
<doc>Types the given ``text`` into the text field identified by ``locator``.</doc>
<status status="NOT RUN" starttime="20230914 11:10:30.691" endtime="20230914 11:10:30.691"/>
</kw>
<kw name="Press Keys" library="SeleniumLibrary">
<arg>${xpath_EnterProject}</arg>
<arg>ENTER</arg>
<doc>Simulates the user pressing key(s) to an element or on the active browser.</doc>
<status status="NOT RUN" starttime="20230914 11:10:30.691" endtime="20230914 11:10:30.691"/>
</kw>
<kw name="Sleep" library="BuiltIn">
<arg>4</arg>
<doc>Pauses the test executed for the given time.</doc>
<status status="NOT RUN" starttime="20230914 11:10:30.691" endtime="20230914 11:10:30.691"/>
</kw>
<kw name="Input Text" library="SeleniumLibrary">
<arg>${id_xpath_Task}</arg>
<arg>UI Automation</arg>
<doc>Types the given ``text`` into the text field identified by ``locator``.</doc>
<status status="NOT RUN" starttime="20230914 11:10:30.691" endtime="20230914 11:10:30.691"/>
</kw>
<kw name="Sleep" library="BuiltIn">
<arg>2</arg>
<doc>Pauses the test executed for the given time.</doc>
<status status="NOT RUN" starttime="20230914 11:10:30.691" endtime="20230914 11:10:30.691"/>
</kw>
<kw name="Input Text" library="SeleniumLibrary">
<arg>${id_xpath_Description}</arg>
<arg>Worked on assignments</arg>
<doc>Types the given ``text`` into the text field identified by ``locator``.</doc>
<status status="NOT RUN" starttime="20230914 11:10:30.691" endtime="20230914 11:10:30.691"/>
</kw>
<kw name="Sleep" library="BuiltIn">
<arg>2</arg>
<doc>Pauses the test executed for the given time.</doc>
<status status="NOT RUN" starttime="20230914 11:10:30.691" endtime="20230914 11:10:30.691"/>
</kw>
<kw name="Click Element" library="SeleniumLibrary">
<arg>${xpath_TimeSheetSubmit}</arg>
<doc>Click the element identified by ``locator``.</doc>
<status status="NOT RUN" starttime="20230914 11:10:30.691" endtime="20230914 11:10:30.691"/>
</kw>
<kw name="Sleep" library="BuiltIn">
<arg>40</arg>
<doc>Pauses the test executed for the given time.</doc>
<status status="NOT RUN" starttime="20230914 11:10:30.691" endtime="20230914 11:10:30.691"/>
</kw>
<status status="FAIL" starttime="20230914 11:10:29.482" endtime="20230914 11:10:30.691"/>
</iter>
<status status="FAIL" starttime="20230914 11:05:55.583" endtime="20230914 11:10:30.691"/>
</for>
<kw name="Log To Console" library="BuiltIn">
<arg>Create a Time Sheet for a week on Dialy basis Successful !!!!!!!!!!</arg>
<doc>Logs the given message to the console.</doc>
<status status="NOT RUN" starttime="20230914 11:10:30.691" endtime="20230914 11:10:30.691"/>
</kw>
<status status="FAIL" starttime="20230914 11:05:25.483" endtime="20230914 11:10:30.691"/>
</kw>
<kw name="Update Or Edit Newly Created Time Sheet" library="hr_os_login_keywords">
<status status="NOT RUN" starttime="20230914 11:10:30.691" endtime="20230914 11:10:30.691"/>
</kw>
<kw name="Delete newly created time sheet" library="hr_os_login_keywords">
<status status="NOT RUN" starttime="20230914 11:10:30.691" endtime="20230914 11:10:30.691"/>
</kw>
<kw name="Create a Time Sheet for a week on Weekly Basis" library="hr_os_login_keywords">
<status status="NOT RUN" starttime="20230914 11:10:30.691" endtime="20230914 11:10:30.691"/>
</kw>
<kw name="Delete newly created time sheet" library="hr_os_login_keywords">
<status status="NOT RUN" starttime="20230914 11:10:30.691" endtime="20230914 11:10:30.691"/>
</kw>
<kw name="Close Browser URL" library="common_keywords">
<status status="NOT RUN" starttime="20230914 11:10:30.691" endtime="20230914 11:10:30.691"/>
</kw>
<status status="FAIL" starttime="20230914 11:01:51.099" endtime="20230914 11:10:30.691">ElementClickInterceptedException: Message: element click intercepted: Element &lt;div&gt;...&lt;/div&gt; is not clickable at point (1456, 164). Other element would receive the click: &lt;div tabindex="-1" class="ant-modal-wrap ant-modal-centered"&gt;...&lt;/div&gt;
  (Session info: chrome=116.0.5845.180)
Stacktrace:
	GetHandleVerifier [0x00007FF672BE52A2+57122]
	(No symbol) [0x00007FF672B5EA92]
	(No symbol) [0x00007FF672A2E3AB]
	(No symbol) [0x00007FF672A6D783]
	(No symbol) [0x00007FF672A6BD5F]
	(No symbol) [0x00007FF672A69DC8]
	(No symbol) [0x00007FF672A68FD5]
	(No symbol) [0x00007FF672A5F25F]
	(No symbol) [0x00007FF672A86FDA]
	(No symbol) [0x00007FF672A5EB76]
	(No symbol) [0x00007FF672A871F0]
	(No symbol) [0x00007FF672A9EB82]
	(No symbol) [0x00007FF672A86DB3]
	(No symbol) [0x00007FF672A5D2B1]
	(No symbol) [0x00007FF672A5E494]
	GetHandleVerifier [0x00007FF672E8EF82+2849794]
	GetHandleVerifier [0x00007FF672EE1D24+3189156]
	GetHandleVerifier [0x00007FF672EDACAF+3160367]
	GetHandleVerifier [0x00007FF672C76D06+653702]
	(No symbol) [0x00007FF672B6A208]
	(No symbol) [0x00007FF672B662C4]
	(No symbol) [0x00007FF672B663F6]
	(No symbol) [0x00007FF672B567A3]
	BaseThreadInitThunk [0x00007FF9404D26AD+29]
	RtlUserThreadStart [0x00007FF94248AA68+40]
</status>
</test>
<status status="FAIL" starttime="20230914 11:01:50.790" endtime="20230914 11:10:30.691"/>
</suite>
<statistics>
<total>
<stat pass="0" fail="1" skip="0">All Tests</stat>
</total>
<tag>
</tag>
<suite>
<stat pass="0" fail="1" skip="0" id="s1" name="Login Hr Os Testcase">Login Hr Os Testcase</stat>
</suite>
</statistics>
<errors>
</errors>
</robot>
