<?xml version="1.0" encoding="UTF-8"?>
<robot generator="Robot 6.1.1 (Python 3.11.4 on win32)" generated="20230905 16:04:26.032" rpa="false" schemaversion="4">
<suite id="s1" name="Common Keywords" source="C:\Users\YasodhaS-3242\PycharmProjects\PythonProject\Robot_Frame_work\rampup_task_robot\myproject_root_folder\frame_work\resources\keywords\common_keywords.robot">
<test id="s1-t1" name="Test1" line="18">
<kw name="Log To Console" library="BuiltIn">
<arg>${BROWSER}</arg>
<doc>Logs the given message to the console.</doc>
<status status="PASS" starttime="20230905 16:04:26.236" endtime="20230905 16:04:26.236"/>
</kw>
<status status="PASS" starttime="20230905 16:04:26.236" endtime="20230905 16:04:26.236"/>
</test>
<status status="PASS" starttime="20230905 16:04:26.032" endtime="20230905 16:04:26.236"/>
</suite>
<statistics>
<total>
<stat pass="1" fail="0" skip="0">All Tests</stat>
</total>
<tag>
</tag>
<suite>
<stat pass="1" fail="0" skip="0" id="s1" name="Common Keywords">Common Keywords</stat>
</suite>
</statistics>
<errors>
</errors>
</robot>
