<?xml version="1.0" encoding="UTF-8"?>
<robot generator="Robot 6.1.1 (Python 3.11.4 on win32)" generated="20230914 10:58:08.967" rpa="false" schemaversion="4">
<suite id="s1" name="Login Testcase1" source="C:\Users\YasodhaS-3242\PycharmProjects\PythonProject\Robot_Frame_work\rampup_task_robot\myproject_root_folder\frame_work\test_cycles\module_1\login_testcase1.robot">
<test id="s1-t1" name="TestCasse For Login" line="7">
<try>
<branch type="TRY">
<kw name="Open Login Page" library="login_keywords">
<kw name="Open Browser" library="SeleniumLibrary">
<arg>${login_URL_1}</arg>
<arg>${BROWSER}</arg>
<doc>Opens a new browser instance to the optional ``url``.</doc>
<msg timestamp="20230914 10:58:09.226" level="INFO">Opening browser 'chrome' to base url 'https://demo.guru99.com/test/newtours/login.php'.</msg>
<status status="PASS" starttime="20230914 10:58:09.226" endtime="20230914 10:58:15.359"/>
</kw>
<status status="PASS" starttime="20230914 10:58:09.226" endtime="20230914 10:58:15.359"/>
</kw>
<kw name="Maximize Browser URL" library="common_keywords">
<kw name="Maximize Browser Window" library="SeleniumLibrary">
<doc>Maximizes current browser window.</doc>
<status status="PASS" starttime="20230914 10:58:15.360" endtime="20230914 10:58:15.534"/>
</kw>
<kw name="Sleep" library="BuiltIn">
<arg>3</arg>
<doc>Pauses the test executed for the given time.</doc>
<msg timestamp="20230914 10:58:18.535" level="INFO">Slept 3 seconds</msg>
<status status="PASS" starttime="20230914 10:58:15.534" endtime="20230914 10:58:18.535"/>
</kw>
<status status="PASS" starttime="20230914 10:58:15.360" endtime="20230914 10:58:18.535"/>
</kw>
<kw name="Sigin Information" library="login_keywords">
<kw name="Input Text" library="SeleniumLibrary">
<arg>${txt_LoginUserName}</arg>
<arg>${login_ValidUsername}</arg>
<doc>Types the given ``text`` into the text field identified by ``locator``.</doc>
<msg timestamp="20230914 10:58:18.535" level="INFO">Typing text 'yasodhareddy432@gmail.com' into text field 'name:userName'.</msg>
<status status="PASS" starttime="20230914 10:58:18.535" endtime="20230914 10:58:18.691"/>
</kw>
<kw name="Input Text" library="SeleniumLibrary">
<arg>${txt_LoginUserPassword}</arg>
<arg>${login_ValidPassword}</arg>
<doc>Types the given ``text`` into the text field identified by ``locator``.</doc>
<msg timestamp="20230914 10:58:18.692" level="INFO">Typing text 'yasodha' into text field 'name:password'.</msg>
<status status="PASS" starttime="20230914 10:58:18.692" endtime="20230914 10:58:18.792"/>
</kw>
<kw name="Click Button" library="SeleniumLibrary">
<arg>${txt_btn_submit}</arg>
<doc>Clicks the button identified by ``locator``.</doc>
<msg timestamp="20230914 10:58:18.792" level="INFO">Clicking button 'xpath://input[@name='submit']'.</msg>
<status status="PASS" starttime="20230914 10:58:18.792" endtime="20230914 10:58:20.499"/>
</kw>
<status status="PASS" starttime="20230914 10:58:18.535" endtime="20230914 10:58:20.499"/>
</kw>
<kw name="Close Browser URL" library="common_keywords">
<kw name="Close Browser" library="SeleniumLibrary">
<doc>Closes the current browser.</doc>
<status status="PASS" starttime="20230914 10:58:20.500" endtime="20230914 10:58:22.845"/>
</kw>
<status status="PASS" starttime="20230914 10:58:20.499" endtime="20230914 10:58:22.845"/>
</kw>
<kw name="Log To Console" library="BuiltIn">
<arg>Login Successfully !!!!!!!</arg>
<doc>Logs the given message to the console.</doc>
<status status="PASS" starttime="20230914 10:58:22.845" endtime="20230914 10:58:22.845"/>
</kw>
<status status="PASS" starttime="20230914 10:58:09.226" endtime="20230914 10:58:22.845"/>
</branch>
<branch type="EXCEPT">
<kw name="Log To Console" library="BuiltIn">
<arg>Login Fail.......</arg>
<doc>Logs the given message to the console.</doc>
<status status="NOT RUN" starttime="20230914 10:58:22.845" endtime="20230914 10:58:22.845"/>
</kw>
<status status="NOT RUN" starttime="20230914 10:58:22.845" endtime="20230914 10:58:22.845"/>
</branch>
<status status="PASS" starttime="20230914 10:58:09.226" endtime="20230914 10:58:22.845"/>
</try>
<status status="PASS" starttime="20230914 10:58:09.226" endtime="20230914 10:58:22.845"/>
</test>
<status status="PASS" starttime="20230914 10:58:08.967" endtime="20230914 10:58:22.845"/>
</suite>
<statistics>
<total>
<stat pass="1" fail="0" skip="0">All Tests</stat>
</total>
<tag>
</tag>
<suite>
<stat pass="1" fail="0" skip="0" id="s1" name="Login Testcase1">Login Testcase1</stat>
</suite>
</statistics>
<errors>
</errors>
</robot>
